[2024-06-05T19:20:51.913+0000] {processor.py:161} INFO - Started process (PID=47) to work on /home/airflow/.local/lib/python3.12/site-packages/airflow/example_dags/example_nested_branch_dag.py
[2024-06-05T19:20:51.914+0000] {processor.py:830} INFO - Processing file /home/airflow/.local/lib/python3.12/site-packages/airflow/example_dags/example_nested_branch_dag.py for tasks to queue
[2024-06-05T19:20:51.915+0000] {logging_mixin.py:188} INFO - [2024-06-05T19:20:51.915+0000] {dagbag.py:545} INFO - Filling up the DagBag from /home/airflow/.local/lib/python3.12/site-packages/airflow/example_dags/example_nested_branch_dag.py
[2024-06-05T19:20:51.921+0000] {processor.py:840} INFO - DAG(s) 'example_nested_branch_dag' retrieved from /home/airflow/.local/lib/python3.12/site-packages/airflow/example_dags/example_nested_branch_dag.py
[2024-06-05T19:20:51.929+0000] {logging_mixin.py:188} INFO - [2024-06-05T19:20:51.929+0000] {dag.py:3096} INFO - Sync 1 DAGs
[2024-06-05T19:20:51.946+0000] {logging_mixin.py:188} INFO - [2024-06-05T19:20:51.946+0000] {dag.py:3954} INFO - Setting next_dagrun for example_nested_branch_dag to 2024-06-04 00:00:00+00:00, run_after=2024-06-05 00:00:00+00:00
[2024-06-05T19:20:51.960+0000] {processor.py:183} INFO - Processing /home/airflow/.local/lib/python3.12/site-packages/airflow/example_dags/example_nested_branch_dag.py took 0.050 seconds
[2024-06-05T19:21:22.454+0000] {processor.py:161} INFO - Started process (PID=105) to work on /home/airflow/.local/lib/python3.12/site-packages/airflow/example_dags/example_nested_branch_dag.py
[2024-06-05T19:21:22.454+0000] {processor.py:830} INFO - Processing file /home/airflow/.local/lib/python3.12/site-packages/airflow/example_dags/example_nested_branch_dag.py for tasks to queue
[2024-06-05T19:21:22.455+0000] {logging_mixin.py:188} INFO - [2024-06-05T19:21:22.455+0000] {dagbag.py:545} INFO - Filling up the DagBag from /home/airflow/.local/lib/python3.12/site-packages/airflow/example_dags/example_nested_branch_dag.py
[2024-06-05T19:21:22.461+0000] {processor.py:840} INFO - DAG(s) 'example_nested_branch_dag' retrieved from /home/airflow/.local/lib/python3.12/site-packages/airflow/example_dags/example_nested_branch_dag.py
[2024-06-05T19:21:22.520+0000] {logging_mixin.py:188} INFO - [2024-06-05T19:21:22.519+0000] {dag.py:3096} INFO - Sync 1 DAGs
[2024-06-05T19:21:22.531+0000] {logging_mixin.py:188} INFO - [2024-06-05T19:21:22.531+0000] {dag.py:3954} INFO - Setting next_dagrun for example_nested_branch_dag to 2024-06-04 00:00:00+00:00, run_after=2024-06-05 00:00:00+00:00
[2024-06-05T19:21:22.545+0000] {processor.py:183} INFO - Processing /home/airflow/.local/lib/python3.12/site-packages/airflow/example_dags/example_nested_branch_dag.py took 0.095 seconds
[2024-06-05T19:21:53.485+0000] {processor.py:161} INFO - Started process (PID=164) to work on /home/airflow/.local/lib/python3.12/site-packages/airflow/example_dags/example_nested_branch_dag.py
[2024-06-05T19:21:53.486+0000] {processor.py:830} INFO - Processing file /home/airflow/.local/lib/python3.12/site-packages/airflow/example_dags/example_nested_branch_dag.py for tasks to queue
[2024-06-05T19:21:53.487+0000] {logging_mixin.py:188} INFO - [2024-06-05T19:21:53.487+0000] {dagbag.py:545} INFO - Filling up the DagBag from /home/airflow/.local/lib/python3.12/site-packages/airflow/example_dags/example_nested_branch_dag.py
[2024-06-05T19:21:53.492+0000] {processor.py:840} INFO - DAG(s) 'example_nested_branch_dag' retrieved from /home/airflow/.local/lib/python3.12/site-packages/airflow/example_dags/example_nested_branch_dag.py
[2024-06-05T19:21:53.505+0000] {logging_mixin.py:188} INFO - [2024-06-05T19:21:53.505+0000] {dag.py:3096} INFO - Sync 1 DAGs
[2024-06-05T19:21:53.518+0000] {logging_mixin.py:188} INFO - [2024-06-05T19:21:53.518+0000] {dag.py:3954} INFO - Setting next_dagrun for example_nested_branch_dag to 2024-06-04 00:00:00+00:00, run_after=2024-06-05 00:00:00+00:00
[2024-06-05T19:21:53.530+0000] {processor.py:183} INFO - Processing /home/airflow/.local/lib/python3.12/site-packages/airflow/example_dags/example_nested_branch_dag.py took 0.048 seconds
[2024-06-05T19:22:23.678+0000] {processor.py:161} INFO - Started process (PID=222) to work on /home/airflow/.local/lib/python3.12/site-packages/airflow/example_dags/example_nested_branch_dag.py
[2024-06-05T19:22:23.679+0000] {processor.py:830} INFO - Processing file /home/airflow/.local/lib/python3.12/site-packages/airflow/example_dags/example_nested_branch_dag.py for tasks to queue
[2024-06-05T19:22:23.680+0000] {logging_mixin.py:188} INFO - [2024-06-05T19:22:23.680+0000] {dagbag.py:545} INFO - Filling up the DagBag from /home/airflow/.local/lib/python3.12/site-packages/airflow/example_dags/example_nested_branch_dag.py
[2024-06-05T19:22:23.687+0000] {processor.py:840} INFO - DAG(s) 'example_nested_branch_dag' retrieved from /home/airflow/.local/lib/python3.12/site-packages/airflow/example_dags/example_nested_branch_dag.py
[2024-06-05T19:22:23.700+0000] {logging_mixin.py:188} INFO - [2024-06-05T19:22:23.700+0000] {dag.py:3096} INFO - Sync 1 DAGs
[2024-06-05T19:22:23.714+0000] {logging_mixin.py:188} INFO - [2024-06-05T19:22:23.714+0000] {dag.py:3954} INFO - Setting next_dagrun for example_nested_branch_dag to 2024-06-04 00:00:00+00:00, run_after=2024-06-05 00:00:00+00:00
[2024-06-05T19:22:23.727+0000] {processor.py:183} INFO - Processing /home/airflow/.local/lib/python3.12/site-packages/airflow/example_dags/example_nested_branch_dag.py took 0.053 seconds
[2024-06-05T19:22:53.805+0000] {processor.py:161} INFO - Started process (PID=280) to work on /home/airflow/.local/lib/python3.12/site-packages/airflow/example_dags/example_nested_branch_dag.py
[2024-06-05T19:22:53.806+0000] {processor.py:830} INFO - Processing file /home/airflow/.local/lib/python3.12/site-packages/airflow/example_dags/example_nested_branch_dag.py for tasks to queue
[2024-06-05T19:22:53.807+0000] {logging_mixin.py:188} INFO - [2024-06-05T19:22:53.806+0000] {dagbag.py:545} INFO - Filling up the DagBag from /home/airflow/.local/lib/python3.12/site-packages/airflow/example_dags/example_nested_branch_dag.py
[2024-06-05T19:22:53.812+0000] {processor.py:840} INFO - DAG(s) 'example_nested_branch_dag' retrieved from /home/airflow/.local/lib/python3.12/site-packages/airflow/example_dags/example_nested_branch_dag.py
[2024-06-05T19:22:53.824+0000] {logging_mixin.py:188} INFO - [2024-06-05T19:22:53.824+0000] {dag.py:3096} INFO - Sync 1 DAGs
[2024-06-05T19:22:53.836+0000] {logging_mixin.py:188} INFO - [2024-06-05T19:22:53.836+0000] {dag.py:3954} INFO - Setting next_dagrun for example_nested_branch_dag to 2024-06-04 00:00:00+00:00, run_after=2024-06-05 00:00:00+00:00
[2024-06-05T19:22:53.848+0000] {processor.py:183} INFO - Processing /home/airflow/.local/lib/python3.12/site-packages/airflow/example_dags/example_nested_branch_dag.py took 0.046 seconds
[2024-06-05T19:23:24.163+0000] {processor.py:161} INFO - Started process (PID=338) to work on /home/airflow/.local/lib/python3.12/site-packages/airflow/example_dags/example_nested_branch_dag.py
[2024-06-05T19:23:24.164+0000] {processor.py:830} INFO - Processing file /home/airflow/.local/lib/python3.12/site-packages/airflow/example_dags/example_nested_branch_dag.py for tasks to queue
[2024-06-05T19:23:24.165+0000] {logging_mixin.py:188} INFO - [2024-06-05T19:23:24.164+0000] {dagbag.py:545} INFO - Filling up the DagBag from /home/airflow/.local/lib/python3.12/site-packages/airflow/example_dags/example_nested_branch_dag.py
[2024-06-05T19:23:24.170+0000] {processor.py:840} INFO - DAG(s) 'example_nested_branch_dag' retrieved from /home/airflow/.local/lib/python3.12/site-packages/airflow/example_dags/example_nested_branch_dag.py
[2024-06-05T19:23:24.183+0000] {logging_mixin.py:188} INFO - [2024-06-05T19:23:24.183+0000] {dag.py:3096} INFO - Sync 1 DAGs
[2024-06-05T19:23:24.196+0000] {logging_mixin.py:188} INFO - [2024-06-05T19:23:24.196+0000] {dag.py:3954} INFO - Setting next_dagrun for example_nested_branch_dag to 2024-06-04 00:00:00+00:00, run_after=2024-06-05 00:00:00+00:00
[2024-06-05T19:23:24.209+0000] {processor.py:183} INFO - Processing /home/airflow/.local/lib/python3.12/site-packages/airflow/example_dags/example_nested_branch_dag.py took 0.049 seconds
[2024-06-05T19:23:54.337+0000] {processor.py:161} INFO - Started process (PID=396) to work on /home/airflow/.local/lib/python3.12/site-packages/airflow/example_dags/example_nested_branch_dag.py
[2024-06-05T19:23:54.338+0000] {processor.py:830} INFO - Processing file /home/airflow/.local/lib/python3.12/site-packages/airflow/example_dags/example_nested_branch_dag.py for tasks to queue
[2024-06-05T19:23:54.339+0000] {logging_mixin.py:188} INFO - [2024-06-05T19:23:54.339+0000] {dagbag.py:545} INFO - Filling up the DagBag from /home/airflow/.local/lib/python3.12/site-packages/airflow/example_dags/example_nested_branch_dag.py
[2024-06-05T19:23:54.345+0000] {processor.py:840} INFO - DAG(s) 'example_nested_branch_dag' retrieved from /home/airflow/.local/lib/python3.12/site-packages/airflow/example_dags/example_nested_branch_dag.py
[2024-06-05T19:23:54.359+0000] {logging_mixin.py:188} INFO - [2024-06-05T19:23:54.358+0000] {dag.py:3096} INFO - Sync 1 DAGs
[2024-06-05T19:23:54.372+0000] {logging_mixin.py:188} INFO - [2024-06-05T19:23:54.372+0000] {dag.py:3954} INFO - Setting next_dagrun for example_nested_branch_dag to 2024-06-04 00:00:00+00:00, run_after=2024-06-05 00:00:00+00:00
[2024-06-05T19:23:54.386+0000] {processor.py:183} INFO - Processing /home/airflow/.local/lib/python3.12/site-packages/airflow/example_dags/example_nested_branch_dag.py took 0.052 seconds
[2024-06-05T19:24:24.429+0000] {processor.py:161} INFO - Started process (PID=454) to work on /home/airflow/.local/lib/python3.12/site-packages/airflow/example_dags/example_nested_branch_dag.py
[2024-06-05T19:24:24.429+0000] {processor.py:830} INFO - Processing file /home/airflow/.local/lib/python3.12/site-packages/airflow/example_dags/example_nested_branch_dag.py for tasks to queue
[2024-06-05T19:24:24.430+0000] {logging_mixin.py:188} INFO - [2024-06-05T19:24:24.430+0000] {dagbag.py:545} INFO - Filling up the DagBag from /home/airflow/.local/lib/python3.12/site-packages/airflow/example_dags/example_nested_branch_dag.py
[2024-06-05T19:24:24.436+0000] {processor.py:840} INFO - DAG(s) 'example_nested_branch_dag' retrieved from /home/airflow/.local/lib/python3.12/site-packages/airflow/example_dags/example_nested_branch_dag.py
[2024-06-05T19:24:24.449+0000] {logging_mixin.py:188} INFO - [2024-06-05T19:24:24.449+0000] {dag.py:3096} INFO - Sync 1 DAGs
[2024-06-05T19:24:24.462+0000] {logging_mixin.py:188} INFO - [2024-06-05T19:24:24.462+0000] {dag.py:3954} INFO - Setting next_dagrun for example_nested_branch_dag to 2024-06-04 00:00:00+00:00, run_after=2024-06-05 00:00:00+00:00
[2024-06-05T19:24:24.474+0000] {processor.py:183} INFO - Processing /home/airflow/.local/lib/python3.12/site-packages/airflow/example_dags/example_nested_branch_dag.py took 0.048 seconds
[2024-06-05T19:24:55.202+0000] {processor.py:161} INFO - Started process (PID=512) to work on /home/airflow/.local/lib/python3.12/site-packages/airflow/example_dags/example_nested_branch_dag.py
[2024-06-05T19:24:55.202+0000] {processor.py:830} INFO - Processing file /home/airflow/.local/lib/python3.12/site-packages/airflow/example_dags/example_nested_branch_dag.py for tasks to queue
[2024-06-05T19:24:55.204+0000] {logging_mixin.py:188} INFO - [2024-06-05T19:24:55.203+0000] {dagbag.py:545} INFO - Filling up the DagBag from /home/airflow/.local/lib/python3.12/site-packages/airflow/example_dags/example_nested_branch_dag.py
[2024-06-05T19:24:55.210+0000] {processor.py:840} INFO - DAG(s) 'example_nested_branch_dag' retrieved from /home/airflow/.local/lib/python3.12/site-packages/airflow/example_dags/example_nested_branch_dag.py
[2024-06-05T19:24:55.224+0000] {logging_mixin.py:188} INFO - [2024-06-05T19:24:55.224+0000] {dag.py:3096} INFO - Sync 1 DAGs
[2024-06-05T19:24:55.238+0000] {logging_mixin.py:188} INFO - [2024-06-05T19:24:55.238+0000] {dag.py:3954} INFO - Setting next_dagrun for example_nested_branch_dag to 2024-06-04 00:00:00+00:00, run_after=2024-06-05 00:00:00+00:00
[2024-06-05T19:24:55.251+0000] {processor.py:183} INFO - Processing /home/airflow/.local/lib/python3.12/site-packages/airflow/example_dags/example_nested_branch_dag.py took 0.053 seconds
[2024-06-05T19:25:25.301+0000] {processor.py:161} INFO - Started process (PID=570) to work on /home/airflow/.local/lib/python3.12/site-packages/airflow/example_dags/example_nested_branch_dag.py
[2024-06-05T19:25:25.301+0000] {processor.py:830} INFO - Processing file /home/airflow/.local/lib/python3.12/site-packages/airflow/example_dags/example_nested_branch_dag.py for tasks to queue
[2024-06-05T19:25:25.302+0000] {logging_mixin.py:188} INFO - [2024-06-05T19:25:25.302+0000] {dagbag.py:545} INFO - Filling up the DagBag from /home/airflow/.local/lib/python3.12/site-packages/airflow/example_dags/example_nested_branch_dag.py
[2024-06-05T19:25:25.308+0000] {processor.py:840} INFO - DAG(s) 'example_nested_branch_dag' retrieved from /home/airflow/.local/lib/python3.12/site-packages/airflow/example_dags/example_nested_branch_dag.py
[2024-06-05T19:25:25.321+0000] {logging_mixin.py:188} INFO - [2024-06-05T19:25:25.321+0000] {dag.py:3096} INFO - Sync 1 DAGs
[2024-06-05T19:25:25.336+0000] {logging_mixin.py:188} INFO - [2024-06-05T19:25:25.336+0000] {dag.py:3954} INFO - Setting next_dagrun for example_nested_branch_dag to 2024-06-04 00:00:00+00:00, run_after=2024-06-05 00:00:00+00:00
[2024-06-05T19:25:25.350+0000] {processor.py:183} INFO - Processing /home/airflow/.local/lib/python3.12/site-packages/airflow/example_dags/example_nested_branch_dag.py took 0.052 seconds
[2024-06-05T19:34:39.988+0000] {processor.py:161} INFO - Started process (PID=47) to work on /home/airflow/.local/lib/python3.12/site-packages/airflow/example_dags/example_nested_branch_dag.py
[2024-06-05T19:34:39.989+0000] {processor.py:830} INFO - Processing file /home/airflow/.local/lib/python3.12/site-packages/airflow/example_dags/example_nested_branch_dag.py for tasks to queue
[2024-06-05T19:34:39.989+0000] {logging_mixin.py:188} INFO - [2024-06-05T19:34:39.989+0000] {dagbag.py:545} INFO - Filling up the DagBag from /home/airflow/.local/lib/python3.12/site-packages/airflow/example_dags/example_nested_branch_dag.py
[2024-06-05T19:34:39.995+0000] {processor.py:840} INFO - DAG(s) 'example_nested_branch_dag' retrieved from /home/airflow/.local/lib/python3.12/site-packages/airflow/example_dags/example_nested_branch_dag.py
[2024-06-05T19:34:40.014+0000] {logging_mixin.py:188} INFO - [2024-06-05T19:34:40.014+0000] {dag.py:3096} INFO - Sync 1 DAGs
[2024-06-05T19:34:40.030+0000] {logging_mixin.py:188} INFO - [2024-06-05T19:34:40.030+0000] {dag.py:3954} INFO - Setting next_dagrun for example_nested_branch_dag to 2024-06-04 00:00:00+00:00, run_after=2024-06-05 00:00:00+00:00
[2024-06-05T19:34:40.045+0000] {processor.py:183} INFO - Processing /home/airflow/.local/lib/python3.12/site-packages/airflow/example_dags/example_nested_branch_dag.py took 0.060 seconds
[2024-06-05T19:35:10.226+0000] {processor.py:161} INFO - Started process (PID=105) to work on /home/airflow/.local/lib/python3.12/site-packages/airflow/example_dags/example_nested_branch_dag.py
[2024-06-05T19:35:10.228+0000] {processor.py:830} INFO - Processing file /home/airflow/.local/lib/python3.12/site-packages/airflow/example_dags/example_nested_branch_dag.py for tasks to queue
[2024-06-05T19:35:10.229+0000] {logging_mixin.py:188} INFO - [2024-06-05T19:35:10.229+0000] {dagbag.py:545} INFO - Filling up the DagBag from /home/airflow/.local/lib/python3.12/site-packages/airflow/example_dags/example_nested_branch_dag.py
[2024-06-05T19:35:10.238+0000] {processor.py:840} INFO - DAG(s) 'example_nested_branch_dag' retrieved from /home/airflow/.local/lib/python3.12/site-packages/airflow/example_dags/example_nested_branch_dag.py
[2024-06-05T19:35:10.256+0000] {logging_mixin.py:188} INFO - [2024-06-05T19:35:10.256+0000] {dag.py:3096} INFO - Sync 1 DAGs
[2024-06-05T19:35:10.271+0000] {logging_mixin.py:188} INFO - [2024-06-05T19:35:10.271+0000] {dag.py:3954} INFO - Setting next_dagrun for example_nested_branch_dag to 2024-06-04 00:00:00+00:00, run_after=2024-06-05 00:00:00+00:00
[2024-06-05T19:35:10.287+0000] {processor.py:183} INFO - Processing /home/airflow/.local/lib/python3.12/site-packages/airflow/example_dags/example_nested_branch_dag.py took 0.064 seconds
