[2024-06-05T19:20:51.782+0000] {processor.py:161} INFO - Started process (PID=43) to work on /home/airflow/.local/lib/python3.12/site-packages/airflow/example_dags/example_short_circuit_operator.py
[2024-06-05T19:20:51.783+0000] {processor.py:830} INFO - Processing file /home/airflow/.local/lib/python3.12/site-packages/airflow/example_dags/example_short_circuit_operator.py for tasks to queue
[2024-06-05T19:20:51.784+0000] {logging_mixin.py:188} INFO - [2024-06-05T19:20:51.784+0000] {dagbag.py:545} INFO - Filling up the DagBag from /home/airflow/.local/lib/python3.12/site-packages/airflow/example_dags/example_short_circuit_operator.py
[2024-06-05T19:20:51.790+0000] {processor.py:840} INFO - DAG(s) 'example_short_circuit_operator' retrieved from /home/airflow/.local/lib/python3.12/site-packages/airflow/example_dags/example_short_circuit_operator.py
[2024-06-05T19:20:51.797+0000] {logging_mixin.py:188} INFO - [2024-06-05T19:20:51.797+0000] {dag.py:3096} INFO - Sync 1 DAGs
[2024-06-05T19:20:51.812+0000] {logging_mixin.py:188} INFO - [2024-06-05T19:20:51.812+0000] {dag.py:3954} INFO - Setting next_dagrun for example_short_circuit_operator to 2024-06-04 00:00:00+00:00, run_after=2024-06-05 00:00:00+00:00
[2024-06-05T19:20:51.828+0000] {processor.py:183} INFO - Processing /home/airflow/.local/lib/python3.12/site-packages/airflow/example_dags/example_short_circuit_operator.py took 0.051 seconds
[2024-06-05T19:21:22.224+0000] {processor.py:161} INFO - Started process (PID=101) to work on /home/airflow/.local/lib/python3.12/site-packages/airflow/example_dags/example_short_circuit_operator.py
[2024-06-05T19:21:22.225+0000] {processor.py:830} INFO - Processing file /home/airflow/.local/lib/python3.12/site-packages/airflow/example_dags/example_short_circuit_operator.py for tasks to queue
[2024-06-05T19:21:22.226+0000] {logging_mixin.py:188} INFO - [2024-06-05T19:21:22.226+0000] {dagbag.py:545} INFO - Filling up the DagBag from /home/airflow/.local/lib/python3.12/site-packages/airflow/example_dags/example_short_circuit_operator.py
[2024-06-05T19:21:22.230+0000] {processor.py:840} INFO - DAG(s) 'example_short_circuit_operator' retrieved from /home/airflow/.local/lib/python3.12/site-packages/airflow/example_dags/example_short_circuit_operator.py
[2024-06-05T19:21:22.290+0000] {logging_mixin.py:188} INFO - [2024-06-05T19:21:22.290+0000] {dag.py:3096} INFO - Sync 1 DAGs
[2024-06-05T19:21:22.301+0000] {logging_mixin.py:188} INFO - [2024-06-05T19:21:22.301+0000] {dag.py:3954} INFO - Setting next_dagrun for example_short_circuit_operator to 2024-06-04 00:00:00+00:00, run_after=2024-06-05 00:00:00+00:00
[2024-06-05T19:21:22.315+0000] {processor.py:183} INFO - Processing /home/airflow/.local/lib/python3.12/site-packages/airflow/example_dags/example_short_circuit_operator.py took 0.094 seconds
[2024-06-05T19:21:52.352+0000] {processor.py:161} INFO - Started process (PID=160) to work on /home/airflow/.local/lib/python3.12/site-packages/airflow/example_dags/example_short_circuit_operator.py
[2024-06-05T19:21:52.353+0000] {processor.py:830} INFO - Processing file /home/airflow/.local/lib/python3.12/site-packages/airflow/example_dags/example_short_circuit_operator.py for tasks to queue
[2024-06-05T19:21:52.353+0000] {logging_mixin.py:188} INFO - [2024-06-05T19:21:52.353+0000] {dagbag.py:545} INFO - Filling up the DagBag from /home/airflow/.local/lib/python3.12/site-packages/airflow/example_dags/example_short_circuit_operator.py
[2024-06-05T19:21:52.357+0000] {processor.py:840} INFO - DAG(s) 'example_short_circuit_operator' retrieved from /home/airflow/.local/lib/python3.12/site-packages/airflow/example_dags/example_short_circuit_operator.py
[2024-06-05T19:21:52.370+0000] {logging_mixin.py:188} INFO - [2024-06-05T19:21:52.370+0000] {dag.py:3096} INFO - Sync 1 DAGs
[2024-06-05T19:21:52.383+0000] {logging_mixin.py:188} INFO - [2024-06-05T19:21:52.383+0000] {dag.py:3954} INFO - Setting next_dagrun for example_short_circuit_operator to 2024-06-04 00:00:00+00:00, run_after=2024-06-05 00:00:00+00:00
[2024-06-05T19:21:52.396+0000] {processor.py:183} INFO - Processing /home/airflow/.local/lib/python3.12/site-packages/airflow/example_dags/example_short_circuit_operator.py took 0.046 seconds
[2024-06-05T19:22:22.514+0000] {processor.py:161} INFO - Started process (PID=218) to work on /home/airflow/.local/lib/python3.12/site-packages/airflow/example_dags/example_short_circuit_operator.py
[2024-06-05T19:22:22.515+0000] {processor.py:830} INFO - Processing file /home/airflow/.local/lib/python3.12/site-packages/airflow/example_dags/example_short_circuit_operator.py for tasks to queue
[2024-06-05T19:22:22.516+0000] {logging_mixin.py:188} INFO - [2024-06-05T19:22:22.516+0000] {dagbag.py:545} INFO - Filling up the DagBag from /home/airflow/.local/lib/python3.12/site-packages/airflow/example_dags/example_short_circuit_operator.py
[2024-06-05T19:22:22.520+0000] {processor.py:840} INFO - DAG(s) 'example_short_circuit_operator' retrieved from /home/airflow/.local/lib/python3.12/site-packages/airflow/example_dags/example_short_circuit_operator.py
[2024-06-05T19:22:22.539+0000] {logging_mixin.py:188} INFO - [2024-06-05T19:22:22.538+0000] {dag.py:3096} INFO - Sync 1 DAGs
[2024-06-05T19:22:22.554+0000] {logging_mixin.py:188} INFO - [2024-06-05T19:22:22.554+0000] {dag.py:3954} INFO - Setting next_dagrun for example_short_circuit_operator to 2024-06-04 00:00:00+00:00, run_after=2024-06-05 00:00:00+00:00
[2024-06-05T19:22:22.569+0000] {processor.py:183} INFO - Processing /home/airflow/.local/lib/python3.12/site-packages/airflow/example_dags/example_short_circuit_operator.py took 0.058 seconds
[2024-06-05T19:22:52.657+0000] {processor.py:161} INFO - Started process (PID=276) to work on /home/airflow/.local/lib/python3.12/site-packages/airflow/example_dags/example_short_circuit_operator.py
[2024-06-05T19:22:52.657+0000] {processor.py:830} INFO - Processing file /home/airflow/.local/lib/python3.12/site-packages/airflow/example_dags/example_short_circuit_operator.py for tasks to queue
[2024-06-05T19:22:52.658+0000] {logging_mixin.py:188} INFO - [2024-06-05T19:22:52.658+0000] {dagbag.py:545} INFO - Filling up the DagBag from /home/airflow/.local/lib/python3.12/site-packages/airflow/example_dags/example_short_circuit_operator.py
[2024-06-05T19:22:52.663+0000] {processor.py:840} INFO - DAG(s) 'example_short_circuit_operator' retrieved from /home/airflow/.local/lib/python3.12/site-packages/airflow/example_dags/example_short_circuit_operator.py
[2024-06-05T19:22:52.677+0000] {logging_mixin.py:188} INFO - [2024-06-05T19:22:52.677+0000] {dag.py:3096} INFO - Sync 1 DAGs
[2024-06-05T19:22:52.690+0000] {logging_mixin.py:188} INFO - [2024-06-05T19:22:52.690+0000] {dag.py:3954} INFO - Setting next_dagrun for example_short_circuit_operator to 2024-06-04 00:00:00+00:00, run_after=2024-06-05 00:00:00+00:00
[2024-06-05T19:22:52.703+0000] {processor.py:183} INFO - Processing /home/airflow/.local/lib/python3.12/site-packages/airflow/example_dags/example_short_circuit_operator.py took 0.050 seconds
[2024-06-05T19:23:23.010+0000] {processor.py:161} INFO - Started process (PID=334) to work on /home/airflow/.local/lib/python3.12/site-packages/airflow/example_dags/example_short_circuit_operator.py
[2024-06-05T19:23:23.011+0000] {processor.py:830} INFO - Processing file /home/airflow/.local/lib/python3.12/site-packages/airflow/example_dags/example_short_circuit_operator.py for tasks to queue
[2024-06-05T19:23:23.012+0000] {logging_mixin.py:188} INFO - [2024-06-05T19:23:23.012+0000] {dagbag.py:545} INFO - Filling up the DagBag from /home/airflow/.local/lib/python3.12/site-packages/airflow/example_dags/example_short_circuit_operator.py
[2024-06-05T19:23:23.017+0000] {processor.py:840} INFO - DAG(s) 'example_short_circuit_operator' retrieved from /home/airflow/.local/lib/python3.12/site-packages/airflow/example_dags/example_short_circuit_operator.py
[2024-06-05T19:23:23.035+0000] {logging_mixin.py:188} INFO - [2024-06-05T19:23:23.034+0000] {dag.py:3096} INFO - Sync 1 DAGs
[2024-06-05T19:23:23.050+0000] {logging_mixin.py:188} INFO - [2024-06-05T19:23:23.050+0000] {dag.py:3954} INFO - Setting next_dagrun for example_short_circuit_operator to 2024-06-04 00:00:00+00:00, run_after=2024-06-05 00:00:00+00:00
[2024-06-05T19:23:23.065+0000] {processor.py:183} INFO - Processing /home/airflow/.local/lib/python3.12/site-packages/airflow/example_dags/example_short_circuit_operator.py took 0.059 seconds
[2024-06-05T19:23:53.182+0000] {processor.py:161} INFO - Started process (PID=392) to work on /home/airflow/.local/lib/python3.12/site-packages/airflow/example_dags/example_short_circuit_operator.py
[2024-06-05T19:23:53.183+0000] {processor.py:830} INFO - Processing file /home/airflow/.local/lib/python3.12/site-packages/airflow/example_dags/example_short_circuit_operator.py for tasks to queue
[2024-06-05T19:23:53.184+0000] {logging_mixin.py:188} INFO - [2024-06-05T19:23:53.183+0000] {dagbag.py:545} INFO - Filling up the DagBag from /home/airflow/.local/lib/python3.12/site-packages/airflow/example_dags/example_short_circuit_operator.py
[2024-06-05T19:23:53.188+0000] {processor.py:840} INFO - DAG(s) 'example_short_circuit_operator' retrieved from /home/airflow/.local/lib/python3.12/site-packages/airflow/example_dags/example_short_circuit_operator.py
[2024-06-05T19:23:53.203+0000] {logging_mixin.py:188} INFO - [2024-06-05T19:23:53.203+0000] {dag.py:3096} INFO - Sync 1 DAGs
[2024-06-05T19:23:53.218+0000] {logging_mixin.py:188} INFO - [2024-06-05T19:23:53.218+0000] {dag.py:3954} INFO - Setting next_dagrun for example_short_circuit_operator to 2024-06-04 00:00:00+00:00, run_after=2024-06-05 00:00:00+00:00
[2024-06-05T19:23:53.232+0000] {processor.py:183} INFO - Processing /home/airflow/.local/lib/python3.12/site-packages/airflow/example_dags/example_short_circuit_operator.py took 0.053 seconds
[2024-06-05T19:24:23.273+0000] {processor.py:161} INFO - Started process (PID=450) to work on /home/airflow/.local/lib/python3.12/site-packages/airflow/example_dags/example_short_circuit_operator.py
[2024-06-05T19:24:23.273+0000] {processor.py:830} INFO - Processing file /home/airflow/.local/lib/python3.12/site-packages/airflow/example_dags/example_short_circuit_operator.py for tasks to queue
[2024-06-05T19:24:23.274+0000] {logging_mixin.py:188} INFO - [2024-06-05T19:24:23.274+0000] {dagbag.py:545} INFO - Filling up the DagBag from /home/airflow/.local/lib/python3.12/site-packages/airflow/example_dags/example_short_circuit_operator.py
[2024-06-05T19:24:23.279+0000] {processor.py:840} INFO - DAG(s) 'example_short_circuit_operator' retrieved from /home/airflow/.local/lib/python3.12/site-packages/airflow/example_dags/example_short_circuit_operator.py
[2024-06-05T19:24:23.293+0000] {logging_mixin.py:188} INFO - [2024-06-05T19:24:23.293+0000] {dag.py:3096} INFO - Sync 1 DAGs
[2024-06-05T19:24:23.305+0000] {logging_mixin.py:188} INFO - [2024-06-05T19:24:23.305+0000] {dag.py:3954} INFO - Setting next_dagrun for example_short_circuit_operator to 2024-06-04 00:00:00+00:00, run_after=2024-06-05 00:00:00+00:00
[2024-06-05T19:24:23.318+0000] {processor.py:183} INFO - Processing /home/airflow/.local/lib/python3.12/site-packages/airflow/example_dags/example_short_circuit_operator.py took 0.048 seconds
[2024-06-05T19:24:54.039+0000] {processor.py:161} INFO - Started process (PID=508) to work on /home/airflow/.local/lib/python3.12/site-packages/airflow/example_dags/example_short_circuit_operator.py
[2024-06-05T19:24:54.040+0000] {processor.py:830} INFO - Processing file /home/airflow/.local/lib/python3.12/site-packages/airflow/example_dags/example_short_circuit_operator.py for tasks to queue
[2024-06-05T19:24:54.042+0000] {logging_mixin.py:188} INFO - [2024-06-05T19:24:54.041+0000] {dagbag.py:545} INFO - Filling up the DagBag from /home/airflow/.local/lib/python3.12/site-packages/airflow/example_dags/example_short_circuit_operator.py
[2024-06-05T19:24:54.048+0000] {processor.py:840} INFO - DAG(s) 'example_short_circuit_operator' retrieved from /home/airflow/.local/lib/python3.12/site-packages/airflow/example_dags/example_short_circuit_operator.py
[2024-06-05T19:24:54.066+0000] {logging_mixin.py:188} INFO - [2024-06-05T19:24:54.066+0000] {dag.py:3096} INFO - Sync 1 DAGs
[2024-06-05T19:24:54.081+0000] {logging_mixin.py:188} INFO - [2024-06-05T19:24:54.081+0000] {dag.py:3954} INFO - Setting next_dagrun for example_short_circuit_operator to 2024-06-04 00:00:00+00:00, run_after=2024-06-05 00:00:00+00:00
[2024-06-05T19:24:54.096+0000] {processor.py:183} INFO - Processing /home/airflow/.local/lib/python3.12/site-packages/airflow/example_dags/example_short_circuit_operator.py took 0.062 seconds
[2024-06-05T19:25:24.148+0000] {processor.py:161} INFO - Started process (PID=566) to work on /home/airflow/.local/lib/python3.12/site-packages/airflow/example_dags/example_short_circuit_operator.py
[2024-06-05T19:25:24.149+0000] {processor.py:830} INFO - Processing file /home/airflow/.local/lib/python3.12/site-packages/airflow/example_dags/example_short_circuit_operator.py for tasks to queue
[2024-06-05T19:25:24.150+0000] {logging_mixin.py:188} INFO - [2024-06-05T19:25:24.150+0000] {dagbag.py:545} INFO - Filling up the DagBag from /home/airflow/.local/lib/python3.12/site-packages/airflow/example_dags/example_short_circuit_operator.py
[2024-06-05T19:25:24.154+0000] {processor.py:840} INFO - DAG(s) 'example_short_circuit_operator' retrieved from /home/airflow/.local/lib/python3.12/site-packages/airflow/example_dags/example_short_circuit_operator.py
[2024-06-05T19:25:24.168+0000] {logging_mixin.py:188} INFO - [2024-06-05T19:25:24.168+0000] {dag.py:3096} INFO - Sync 1 DAGs
[2024-06-05T19:25:24.181+0000] {logging_mixin.py:188} INFO - [2024-06-05T19:25:24.181+0000] {dag.py:3954} INFO - Setting next_dagrun for example_short_circuit_operator to 2024-06-04 00:00:00+00:00, run_after=2024-06-05 00:00:00+00:00
[2024-06-05T19:25:24.195+0000] {processor.py:183} INFO - Processing /home/airflow/.local/lib/python3.12/site-packages/airflow/example_dags/example_short_circuit_operator.py took 0.049 seconds
