[2024-06-05T19:20:53.496+0000] {processor.py:161} INFO - Started process (PID=79) to work on /home/airflow/.local/lib/python3.12/site-packages/airflow/example_dags/example_branch_labels.py
[2024-06-05T19:20:53.496+0000] {processor.py:830} INFO - Processing file /home/airflow/.local/lib/python3.12/site-packages/airflow/example_dags/example_branch_labels.py for tasks to queue
[2024-06-05T19:20:53.497+0000] {logging_mixin.py:188} INFO - [2024-06-05T19:20:53.497+0000] {dagbag.py:545} INFO - Filling up the DagBag from /home/airflow/.local/lib/python3.12/site-packages/airflow/example_dags/example_branch_labels.py
[2024-06-05T19:20:53.503+0000] {processor.py:840} INFO - DAG(s) 'example_branch_labels' retrieved from /home/airflow/.local/lib/python3.12/site-packages/airflow/example_dags/example_branch_labels.py
[2024-06-05T19:20:53.512+0000] {logging_mixin.py:188} INFO - [2024-06-05T19:20:53.512+0000] {dag.py:3096} INFO - Sync 1 DAGs
[2024-06-05T19:20:53.526+0000] {logging_mixin.py:188} INFO - [2024-06-05T19:20:53.526+0000] {dag.py:3954} INFO - Setting next_dagrun for example_branch_labels to 2024-06-04 00:00:00+00:00, run_after=2024-06-05 00:00:00+00:00
[2024-06-05T19:20:53.538+0000] {processor.py:183} INFO - Processing /home/airflow/.local/lib/python3.12/site-packages/airflow/example_dags/example_branch_labels.py took 0.046 seconds
[2024-06-05T19:21:24.490+0000] {processor.py:161} INFO - Started process (PID=137) to work on /home/airflow/.local/lib/python3.12/site-packages/airflow/example_dags/example_branch_labels.py
[2024-06-05T19:21:24.491+0000] {processor.py:830} INFO - Processing file /home/airflow/.local/lib/python3.12/site-packages/airflow/example_dags/example_branch_labels.py for tasks to queue
[2024-06-05T19:21:24.492+0000] {logging_mixin.py:188} INFO - [2024-06-05T19:21:24.492+0000] {dagbag.py:545} INFO - Filling up the DagBag from /home/airflow/.local/lib/python3.12/site-packages/airflow/example_dags/example_branch_labels.py
[2024-06-05T19:21:24.497+0000] {processor.py:840} INFO - DAG(s) 'example_branch_labels' retrieved from /home/airflow/.local/lib/python3.12/site-packages/airflow/example_dags/example_branch_labels.py
[2024-06-05T19:21:24.554+0000] {logging_mixin.py:188} INFO - [2024-06-05T19:21:24.554+0000] {dag.py:3096} INFO - Sync 1 DAGs
[2024-06-05T19:21:24.567+0000] {logging_mixin.py:188} INFO - [2024-06-05T19:21:24.567+0000] {dag.py:3954} INFO - Setting next_dagrun for example_branch_labels to 2024-06-04 00:00:00+00:00, run_after=2024-06-05 00:00:00+00:00
[2024-06-05T19:21:24.583+0000] {processor.py:183} INFO - Processing /home/airflow/.local/lib/python3.12/site-packages/airflow/example_dags/example_branch_labels.py took 0.095 seconds
[2024-06-05T19:21:54.698+0000] {processor.py:161} INFO - Started process (PID=196) to work on /home/airflow/.local/lib/python3.12/site-packages/airflow/example_dags/example_branch_labels.py
[2024-06-05T19:21:54.698+0000] {processor.py:830} INFO - Processing file /home/airflow/.local/lib/python3.12/site-packages/airflow/example_dags/example_branch_labels.py for tasks to queue
[2024-06-05T19:21:54.700+0000] {logging_mixin.py:188} INFO - [2024-06-05T19:21:54.700+0000] {dagbag.py:545} INFO - Filling up the DagBag from /home/airflow/.local/lib/python3.12/site-packages/airflow/example_dags/example_branch_labels.py
[2024-06-05T19:21:54.704+0000] {processor.py:840} INFO - DAG(s) 'example_branch_labels' retrieved from /home/airflow/.local/lib/python3.12/site-packages/airflow/example_dags/example_branch_labels.py
[2024-06-05T19:21:54.717+0000] {logging_mixin.py:188} INFO - [2024-06-05T19:21:54.717+0000] {dag.py:3096} INFO - Sync 1 DAGs
[2024-06-05T19:21:54.733+0000] {logging_mixin.py:188} INFO - [2024-06-05T19:21:54.732+0000] {dag.py:3954} INFO - Setting next_dagrun for example_branch_labels to 2024-06-04 00:00:00+00:00, run_after=2024-06-05 00:00:00+00:00
[2024-06-05T19:21:54.750+0000] {processor.py:183} INFO - Processing /home/airflow/.local/lib/python3.12/site-packages/airflow/example_dags/example_branch_labels.py took 0.056 seconds
[2024-06-05T19:22:24.816+0000] {processor.py:161} INFO - Started process (PID=254) to work on /home/airflow/.local/lib/python3.12/site-packages/airflow/example_dags/example_branch_labels.py
[2024-06-05T19:22:24.817+0000] {processor.py:830} INFO - Processing file /home/airflow/.local/lib/python3.12/site-packages/airflow/example_dags/example_branch_labels.py for tasks to queue
[2024-06-05T19:22:24.818+0000] {logging_mixin.py:188} INFO - [2024-06-05T19:22:24.817+0000] {dagbag.py:545} INFO - Filling up the DagBag from /home/airflow/.local/lib/python3.12/site-packages/airflow/example_dags/example_branch_labels.py
[2024-06-05T19:22:24.822+0000] {processor.py:840} INFO - DAG(s) 'example_branch_labels' retrieved from /home/airflow/.local/lib/python3.12/site-packages/airflow/example_dags/example_branch_labels.py
[2024-06-05T19:22:24.836+0000] {logging_mixin.py:188} INFO - [2024-06-05T19:22:24.836+0000] {dag.py:3096} INFO - Sync 1 DAGs
[2024-06-05T19:22:24.850+0000] {logging_mixin.py:188} INFO - [2024-06-05T19:22:24.850+0000] {dag.py:3954} INFO - Setting next_dagrun for example_branch_labels to 2024-06-04 00:00:00+00:00, run_after=2024-06-05 00:00:00+00:00
[2024-06-05T19:22:24.863+0000] {processor.py:183} INFO - Processing /home/airflow/.local/lib/python3.12/site-packages/airflow/example_dags/example_branch_labels.py took 0.051 seconds
[2024-06-05T19:22:55.105+0000] {processor.py:161} INFO - Started process (PID=312) to work on /home/airflow/.local/lib/python3.12/site-packages/airflow/example_dags/example_branch_labels.py
[2024-06-05T19:22:55.105+0000] {processor.py:830} INFO - Processing file /home/airflow/.local/lib/python3.12/site-packages/airflow/example_dags/example_branch_labels.py for tasks to queue
[2024-06-05T19:22:55.106+0000] {logging_mixin.py:188} INFO - [2024-06-05T19:22:55.106+0000] {dagbag.py:545} INFO - Filling up the DagBag from /home/airflow/.local/lib/python3.12/site-packages/airflow/example_dags/example_branch_labels.py
[2024-06-05T19:22:55.110+0000] {processor.py:840} INFO - DAG(s) 'example_branch_labels' retrieved from /home/airflow/.local/lib/python3.12/site-packages/airflow/example_dags/example_branch_labels.py
[2024-06-05T19:22:55.122+0000] {logging_mixin.py:188} INFO - [2024-06-05T19:22:55.122+0000] {dag.py:3096} INFO - Sync 1 DAGs
[2024-06-05T19:22:55.136+0000] {logging_mixin.py:188} INFO - [2024-06-05T19:22:55.135+0000] {dag.py:3954} INFO - Setting next_dagrun for example_branch_labels to 2024-06-04 00:00:00+00:00, run_after=2024-06-05 00:00:00+00:00
[2024-06-05T19:22:55.149+0000] {processor.py:183} INFO - Processing /home/airflow/.local/lib/python3.12/site-packages/airflow/example_dags/example_branch_labels.py took 0.048 seconds
[2024-06-05T19:23:25.347+0000] {processor.py:161} INFO - Started process (PID=370) to work on /home/airflow/.local/lib/python3.12/site-packages/airflow/example_dags/example_branch_labels.py
[2024-06-05T19:23:25.348+0000] {processor.py:830} INFO - Processing file /home/airflow/.local/lib/python3.12/site-packages/airflow/example_dags/example_branch_labels.py for tasks to queue
[2024-06-05T19:23:25.348+0000] {logging_mixin.py:188} INFO - [2024-06-05T19:23:25.348+0000] {dagbag.py:545} INFO - Filling up the DagBag from /home/airflow/.local/lib/python3.12/site-packages/airflow/example_dags/example_branch_labels.py
[2024-06-05T19:23:25.353+0000] {processor.py:840} INFO - DAG(s) 'example_branch_labels' retrieved from /home/airflow/.local/lib/python3.12/site-packages/airflow/example_dags/example_branch_labels.py
[2024-06-05T19:23:25.364+0000] {logging_mixin.py:188} INFO - [2024-06-05T19:23:25.363+0000] {dag.py:3096} INFO - Sync 1 DAGs
[2024-06-05T19:23:25.377+0000] {logging_mixin.py:188} INFO - [2024-06-05T19:23:25.377+0000] {dag.py:3954} INFO - Setting next_dagrun for example_branch_labels to 2024-06-04 00:00:00+00:00, run_after=2024-06-05 00:00:00+00:00
[2024-06-05T19:23:25.389+0000] {processor.py:183} INFO - Processing /home/airflow/.local/lib/python3.12/site-packages/airflow/example_dags/example_branch_labels.py took 0.046 seconds
[2024-06-05T19:23:55.476+0000] {processor.py:161} INFO - Started process (PID=428) to work on /home/airflow/.local/lib/python3.12/site-packages/airflow/example_dags/example_branch_labels.py
[2024-06-05T19:23:55.477+0000] {processor.py:830} INFO - Processing file /home/airflow/.local/lib/python3.12/site-packages/airflow/example_dags/example_branch_labels.py for tasks to queue
[2024-06-05T19:23:55.478+0000] {logging_mixin.py:188} INFO - [2024-06-05T19:23:55.478+0000] {dagbag.py:545} INFO - Filling up the DagBag from /home/airflow/.local/lib/python3.12/site-packages/airflow/example_dags/example_branch_labels.py
[2024-06-05T19:23:55.482+0000] {processor.py:840} INFO - DAG(s) 'example_branch_labels' retrieved from /home/airflow/.local/lib/python3.12/site-packages/airflow/example_dags/example_branch_labels.py
[2024-06-05T19:23:55.494+0000] {logging_mixin.py:188} INFO - [2024-06-05T19:23:55.494+0000] {dag.py:3096} INFO - Sync 1 DAGs
[2024-06-05T19:23:55.508+0000] {logging_mixin.py:188} INFO - [2024-06-05T19:23:55.507+0000] {dag.py:3954} INFO - Setting next_dagrun for example_branch_labels to 2024-06-04 00:00:00+00:00, run_after=2024-06-05 00:00:00+00:00
[2024-06-05T19:23:55.520+0000] {processor.py:183} INFO - Processing /home/airflow/.local/lib/python3.12/site-packages/airflow/example_dags/example_branch_labels.py took 0.047 seconds
[2024-06-05T19:24:26.553+0000] {processor.py:161} INFO - Started process (PID=486) to work on /home/airflow/.local/lib/python3.12/site-packages/airflow/example_dags/example_branch_labels.py
[2024-06-05T19:24:26.553+0000] {processor.py:830} INFO - Processing file /home/airflow/.local/lib/python3.12/site-packages/airflow/example_dags/example_branch_labels.py for tasks to queue
[2024-06-05T19:24:26.554+0000] {logging_mixin.py:188} INFO - [2024-06-05T19:24:26.554+0000] {dagbag.py:545} INFO - Filling up the DagBag from /home/airflow/.local/lib/python3.12/site-packages/airflow/example_dags/example_branch_labels.py
[2024-06-05T19:24:26.559+0000] {processor.py:840} INFO - DAG(s) 'example_branch_labels' retrieved from /home/airflow/.local/lib/python3.12/site-packages/airflow/example_dags/example_branch_labels.py
[2024-06-05T19:24:26.571+0000] {logging_mixin.py:188} INFO - [2024-06-05T19:24:26.571+0000] {dag.py:3096} INFO - Sync 1 DAGs
[2024-06-05T19:24:26.585+0000] {logging_mixin.py:188} INFO - [2024-06-05T19:24:26.585+0000] {dag.py:3954} INFO - Setting next_dagrun for example_branch_labels to 2024-06-04 00:00:00+00:00, run_after=2024-06-05 00:00:00+00:00
[2024-06-05T19:24:26.597+0000] {processor.py:183} INFO - Processing /home/airflow/.local/lib/python3.12/site-packages/airflow/example_dags/example_branch_labels.py took 0.047 seconds
[2024-06-05T19:24:57.369+0000] {processor.py:161} INFO - Started process (PID=544) to work on /home/airflow/.local/lib/python3.12/site-packages/airflow/example_dags/example_branch_labels.py
[2024-06-05T19:24:57.369+0000] {processor.py:830} INFO - Processing file /home/airflow/.local/lib/python3.12/site-packages/airflow/example_dags/example_branch_labels.py for tasks to queue
[2024-06-05T19:24:57.370+0000] {logging_mixin.py:188} INFO - [2024-06-05T19:24:57.370+0000] {dagbag.py:545} INFO - Filling up the DagBag from /home/airflow/.local/lib/python3.12/site-packages/airflow/example_dags/example_branch_labels.py
[2024-06-05T19:24:57.374+0000] {processor.py:840} INFO - DAG(s) 'example_branch_labels' retrieved from /home/airflow/.local/lib/python3.12/site-packages/airflow/example_dags/example_branch_labels.py
[2024-06-05T19:24:57.388+0000] {logging_mixin.py:188} INFO - [2024-06-05T19:24:57.388+0000] {dag.py:3096} INFO - Sync 1 DAGs
[2024-06-05T19:24:57.401+0000] {logging_mixin.py:188} INFO - [2024-06-05T19:24:57.401+0000] {dag.py:3954} INFO - Setting next_dagrun for example_branch_labels to 2024-06-04 00:00:00+00:00, run_after=2024-06-05 00:00:00+00:00
[2024-06-05T19:24:57.415+0000] {processor.py:183} INFO - Processing /home/airflow/.local/lib/python3.12/site-packages/airflow/example_dags/example_branch_labels.py took 0.050 seconds
[2024-06-05T19:25:27.538+0000] {processor.py:161} INFO - Started process (PID=602) to work on /home/airflow/.local/lib/python3.12/site-packages/airflow/example_dags/example_branch_labels.py
[2024-06-05T19:25:27.539+0000] {processor.py:830} INFO - Processing file /home/airflow/.local/lib/python3.12/site-packages/airflow/example_dags/example_branch_labels.py for tasks to queue
[2024-06-05T19:25:27.540+0000] {logging_mixin.py:188} INFO - [2024-06-05T19:25:27.540+0000] {dagbag.py:545} INFO - Filling up the DagBag from /home/airflow/.local/lib/python3.12/site-packages/airflow/example_dags/example_branch_labels.py
[2024-06-05T19:25:27.544+0000] {processor.py:840} INFO - DAG(s) 'example_branch_labels' retrieved from /home/airflow/.local/lib/python3.12/site-packages/airflow/example_dags/example_branch_labels.py
[2024-06-05T19:25:27.555+0000] {logging_mixin.py:188} INFO - [2024-06-05T19:25:27.555+0000] {dag.py:3096} INFO - Sync 1 DAGs
[2024-06-05T19:25:27.569+0000] {logging_mixin.py:188} INFO - [2024-06-05T19:25:27.569+0000] {dag.py:3954} INFO - Setting next_dagrun for example_branch_labels to 2024-06-04 00:00:00+00:00, run_after=2024-06-05 00:00:00+00:00
[2024-06-05T19:25:27.580+0000] {processor.py:183} INFO - Processing /home/airflow/.local/lib/python3.12/site-packages/airflow/example_dags/example_branch_labels.py took 0.045 seconds
[2024-06-05T19:34:41.517+0000] {processor.py:161} INFO - Started process (PID=79) to work on /home/airflow/.local/lib/python3.12/site-packages/airflow/example_dags/example_branch_labels.py
[2024-06-05T19:34:41.517+0000] {processor.py:830} INFO - Processing file /home/airflow/.local/lib/python3.12/site-packages/airflow/example_dags/example_branch_labels.py for tasks to queue
[2024-06-05T19:34:41.519+0000] {logging_mixin.py:188} INFO - [2024-06-05T19:34:41.518+0000] {dagbag.py:545} INFO - Filling up the DagBag from /home/airflow/.local/lib/python3.12/site-packages/airflow/example_dags/example_branch_labels.py
[2024-06-05T19:34:41.523+0000] {processor.py:840} INFO - DAG(s) 'example_branch_labels' retrieved from /home/airflow/.local/lib/python3.12/site-packages/airflow/example_dags/example_branch_labels.py
[2024-06-05T19:34:41.536+0000] {logging_mixin.py:188} INFO - [2024-06-05T19:34:41.536+0000] {dag.py:3096} INFO - Sync 1 DAGs
[2024-06-05T19:34:41.551+0000] {logging_mixin.py:188} INFO - [2024-06-05T19:34:41.551+0000] {dag.py:3954} INFO - Setting next_dagrun for example_branch_labels to 2024-06-04 00:00:00+00:00, run_after=2024-06-05 00:00:00+00:00
[2024-06-05T19:34:41.566+0000] {processor.py:183} INFO - Processing /home/airflow/.local/lib/python3.12/site-packages/airflow/example_dags/example_branch_labels.py took 0.052 seconds
[2024-06-05T19:35:12.035+0000] {processor.py:161} INFO - Started process (PID=137) to work on /home/airflow/.local/lib/python3.12/site-packages/airflow/example_dags/example_branch_labels.py
[2024-06-05T19:35:12.035+0000] {processor.py:830} INFO - Processing file /home/airflow/.local/lib/python3.12/site-packages/airflow/example_dags/example_branch_labels.py for tasks to queue
[2024-06-05T19:35:12.037+0000] {logging_mixin.py:188} INFO - [2024-06-05T19:35:12.036+0000] {dagbag.py:545} INFO - Filling up the DagBag from /home/airflow/.local/lib/python3.12/site-packages/airflow/example_dags/example_branch_labels.py
[2024-06-05T19:35:12.041+0000] {processor.py:840} INFO - DAG(s) 'example_branch_labels' retrieved from /home/airflow/.local/lib/python3.12/site-packages/airflow/example_dags/example_branch_labels.py
[2024-06-05T19:35:12.055+0000] {logging_mixin.py:188} INFO - [2024-06-05T19:35:12.055+0000] {dag.py:3096} INFO - Sync 1 DAGs
[2024-06-05T19:35:12.069+0000] {logging_mixin.py:188} INFO - [2024-06-05T19:35:12.069+0000] {dag.py:3954} INFO - Setting next_dagrun for example_branch_labels to 2024-06-04 00:00:00+00:00, run_after=2024-06-05 00:00:00+00:00
[2024-06-05T19:35:12.083+0000] {processor.py:183} INFO - Processing /home/airflow/.local/lib/python3.12/site-packages/airflow/example_dags/example_branch_labels.py took 0.051 seconds
