[2024-06-05T19:20:51.826+0000] {processor.py:161} INFO - Started process (PID=44) to work on /home/airflow/.local/lib/python3.12/site-packages/airflow/example_dags/example_sla_dag.py
[2024-06-05T19:20:51.827+0000] {processor.py:830} INFO - Processing file /home/airflow/.local/lib/python3.12/site-packages/airflow/example_dags/example_sla_dag.py for tasks to queue
[2024-06-05T19:20:51.828+0000] {logging_mixin.py:188} INFO - [2024-06-05T19:20:51.828+0000] {dagbag.py:545} INFO - Filling up the DagBag from /home/airflow/.local/lib/python3.12/site-packages/airflow/example_dags/example_sla_dag.py
[2024-06-05T19:20:51.835+0000] {processor.py:840} INFO - DAG(s) 'example_sla_dag' retrieved from /home/airflow/.local/lib/python3.12/site-packages/airflow/example_dags/example_sla_dag.py
[2024-06-05T19:20:51.843+0000] {logging_mixin.py:188} INFO - [2024-06-05T19:20:51.843+0000] {dag.py:3096} INFO - Sync 1 DAGs
[2024-06-05T19:20:51.862+0000] {logging_mixin.py:188} INFO - [2024-06-05T19:20:51.862+0000] {dag.py:3954} INFO - Setting next_dagrun for example_sla_dag to 2024-06-05 19:18:00+00:00, run_after=2024-06-05 19:20:00+00:00
[2024-06-05T19:20:51.876+0000] {processor.py:183} INFO - Processing /home/airflow/.local/lib/python3.12/site-packages/airflow/example_dags/example_sla_dag.py took 0.054 seconds
[2024-06-05T19:21:22.234+0000] {processor.py:161} INFO - Started process (PID=102) to work on /home/airflow/.local/lib/python3.12/site-packages/airflow/example_dags/example_sla_dag.py
[2024-06-05T19:21:22.235+0000] {processor.py:830} INFO - Processing file /home/airflow/.local/lib/python3.12/site-packages/airflow/example_dags/example_sla_dag.py for tasks to queue
[2024-06-05T19:21:22.236+0000] {logging_mixin.py:188} INFO - [2024-06-05T19:21:22.236+0000] {dagbag.py:545} INFO - Filling up the DagBag from /home/airflow/.local/lib/python3.12/site-packages/airflow/example_dags/example_sla_dag.py
[2024-06-05T19:21:22.241+0000] {processor.py:840} INFO - DAG(s) 'example_sla_dag' retrieved from /home/airflow/.local/lib/python3.12/site-packages/airflow/example_dags/example_sla_dag.py
[2024-06-05T19:21:22.295+0000] {logging_mixin.py:188} INFO - [2024-06-05T19:21:22.295+0000] {dag.py:3096} INFO - Sync 1 DAGs
[2024-06-05T19:21:22.308+0000] {logging_mixin.py:188} INFO - [2024-06-05T19:21:22.308+0000] {dag.py:3954} INFO - Setting next_dagrun for example_sla_dag to 2024-06-05 19:18:00+00:00, run_after=2024-06-05 19:20:00+00:00
[2024-06-05T19:21:22.321+0000] {processor.py:183} INFO - Processing /home/airflow/.local/lib/python3.12/site-packages/airflow/example_dags/example_sla_dag.py took 0.089 seconds
[2024-06-05T19:21:52.379+0000] {processor.py:161} INFO - Started process (PID=161) to work on /home/airflow/.local/lib/python3.12/site-packages/airflow/example_dags/example_sla_dag.py
[2024-06-05T19:21:52.380+0000] {processor.py:830} INFO - Processing file /home/airflow/.local/lib/python3.12/site-packages/airflow/example_dags/example_sla_dag.py for tasks to queue
[2024-06-05T19:21:52.381+0000] {logging_mixin.py:188} INFO - [2024-06-05T19:21:52.381+0000] {dagbag.py:545} INFO - Filling up the DagBag from /home/airflow/.local/lib/python3.12/site-packages/airflow/example_dags/example_sla_dag.py
[2024-06-05T19:21:52.386+0000] {processor.py:840} INFO - DAG(s) 'example_sla_dag' retrieved from /home/airflow/.local/lib/python3.12/site-packages/airflow/example_dags/example_sla_dag.py
[2024-06-05T19:21:52.397+0000] {logging_mixin.py:188} INFO - [2024-06-05T19:21:52.397+0000] {dag.py:3096} INFO - Sync 1 DAGs
[2024-06-05T19:21:52.412+0000] {logging_mixin.py:188} INFO - [2024-06-05T19:21:52.412+0000] {dag.py:3954} INFO - Setting next_dagrun for example_sla_dag to 2024-06-05 19:18:00+00:00, run_after=2024-06-05 19:20:00+00:00
[2024-06-05T19:21:52.424+0000] {processor.py:183} INFO - Processing /home/airflow/.local/lib/python3.12/site-packages/airflow/example_dags/example_sla_dag.py took 0.048 seconds
[2024-06-05T19:22:22.554+0000] {processor.py:161} INFO - Started process (PID=219) to work on /home/airflow/.local/lib/python3.12/site-packages/airflow/example_dags/example_sla_dag.py
[2024-06-05T19:22:22.554+0000] {processor.py:830} INFO - Processing file /home/airflow/.local/lib/python3.12/site-packages/airflow/example_dags/example_sla_dag.py for tasks to queue
[2024-06-05T19:22:22.555+0000] {logging_mixin.py:188} INFO - [2024-06-05T19:22:22.555+0000] {dagbag.py:545} INFO - Filling up the DagBag from /home/airflow/.local/lib/python3.12/site-packages/airflow/example_dags/example_sla_dag.py
[2024-06-05T19:22:22.561+0000] {processor.py:840} INFO - DAG(s) 'example_sla_dag' retrieved from /home/airflow/.local/lib/python3.12/site-packages/airflow/example_dags/example_sla_dag.py
[2024-06-05T19:22:22.573+0000] {logging_mixin.py:188} INFO - [2024-06-05T19:22:22.573+0000] {dag.py:3096} INFO - Sync 1 DAGs
[2024-06-05T19:22:22.589+0000] {logging_mixin.py:188} INFO - [2024-06-05T19:22:22.589+0000] {dag.py:3954} INFO - Setting next_dagrun for example_sla_dag to 2024-06-05 19:20:00+00:00, run_after=2024-06-05 19:22:00+00:00
[2024-06-05T19:22:22.603+0000] {processor.py:183} INFO - Processing /home/airflow/.local/lib/python3.12/site-packages/airflow/example_dags/example_sla_dag.py took 0.054 seconds
[2024-06-05T19:22:52.688+0000] {processor.py:161} INFO - Started process (PID=277) to work on /home/airflow/.local/lib/python3.12/site-packages/airflow/example_dags/example_sla_dag.py
[2024-06-05T19:22:52.688+0000] {processor.py:830} INFO - Processing file /home/airflow/.local/lib/python3.12/site-packages/airflow/example_dags/example_sla_dag.py for tasks to queue
[2024-06-05T19:22:52.689+0000] {logging_mixin.py:188} INFO - [2024-06-05T19:22:52.689+0000] {dagbag.py:545} INFO - Filling up the DagBag from /home/airflow/.local/lib/python3.12/site-packages/airflow/example_dags/example_sla_dag.py
[2024-06-05T19:22:52.694+0000] {processor.py:840} INFO - DAG(s) 'example_sla_dag' retrieved from /home/airflow/.local/lib/python3.12/site-packages/airflow/example_dags/example_sla_dag.py
[2024-06-05T19:22:52.705+0000] {logging_mixin.py:188} INFO - [2024-06-05T19:22:52.705+0000] {dag.py:3096} INFO - Sync 1 DAGs
[2024-06-05T19:22:52.720+0000] {logging_mixin.py:188} INFO - [2024-06-05T19:22:52.720+0000] {dag.py:3954} INFO - Setting next_dagrun for example_sla_dag to 2024-06-05 19:20:00+00:00, run_after=2024-06-05 19:22:00+00:00
[2024-06-05T19:22:52.732+0000] {processor.py:183} INFO - Processing /home/airflow/.local/lib/python3.12/site-packages/airflow/example_dags/example_sla_dag.py took 0.047 seconds
[2024-06-05T19:23:23.043+0000] {processor.py:161} INFO - Started process (PID=335) to work on /home/airflow/.local/lib/python3.12/site-packages/airflow/example_dags/example_sla_dag.py
[2024-06-05T19:23:23.044+0000] {processor.py:830} INFO - Processing file /home/airflow/.local/lib/python3.12/site-packages/airflow/example_dags/example_sla_dag.py for tasks to queue
[2024-06-05T19:23:23.045+0000] {logging_mixin.py:188} INFO - [2024-06-05T19:23:23.044+0000] {dagbag.py:545} INFO - Filling up the DagBag from /home/airflow/.local/lib/python3.12/site-packages/airflow/example_dags/example_sla_dag.py
[2024-06-05T19:23:23.050+0000] {processor.py:840} INFO - DAG(s) 'example_sla_dag' retrieved from /home/airflow/.local/lib/python3.12/site-packages/airflow/example_dags/example_sla_dag.py
[2024-06-05T19:23:23.063+0000] {logging_mixin.py:188} INFO - [2024-06-05T19:23:23.063+0000] {dag.py:3096} INFO - Sync 1 DAGs
[2024-06-05T19:23:23.082+0000] {logging_mixin.py:188} INFO - [2024-06-05T19:23:23.082+0000] {dag.py:3954} INFO - Setting next_dagrun for example_sla_dag to 2024-06-05 19:20:00+00:00, run_after=2024-06-05 19:22:00+00:00
[2024-06-05T19:23:23.100+0000] {processor.py:183} INFO - Processing /home/airflow/.local/lib/python3.12/site-packages/airflow/example_dags/example_sla_dag.py took 0.060 seconds
[2024-06-05T19:23:53.218+0000] {processor.py:161} INFO - Started process (PID=393) to work on /home/airflow/.local/lib/python3.12/site-packages/airflow/example_dags/example_sla_dag.py
[2024-06-05T19:23:53.218+0000] {processor.py:830} INFO - Processing file /home/airflow/.local/lib/python3.12/site-packages/airflow/example_dags/example_sla_dag.py for tasks to queue
[2024-06-05T19:23:53.220+0000] {logging_mixin.py:188} INFO - [2024-06-05T19:23:53.219+0000] {dagbag.py:545} INFO - Filling up the DagBag from /home/airflow/.local/lib/python3.12/site-packages/airflow/example_dags/example_sla_dag.py
[2024-06-05T19:23:53.225+0000] {processor.py:840} INFO - DAG(s) 'example_sla_dag' retrieved from /home/airflow/.local/lib/python3.12/site-packages/airflow/example_dags/example_sla_dag.py
[2024-06-05T19:23:53.236+0000] {logging_mixin.py:188} INFO - [2024-06-05T19:23:53.236+0000] {dag.py:3096} INFO - Sync 1 DAGs
[2024-06-05T19:23:53.252+0000] {logging_mixin.py:188} INFO - [2024-06-05T19:23:53.252+0000] {dag.py:3954} INFO - Setting next_dagrun for example_sla_dag to 2024-06-05 19:20:00+00:00, run_after=2024-06-05 19:22:00+00:00
[2024-06-05T19:23:53.265+0000] {processor.py:183} INFO - Processing /home/airflow/.local/lib/python3.12/site-packages/airflow/example_dags/example_sla_dag.py took 0.050 seconds
[2024-06-05T19:24:23.298+0000] {processor.py:161} INFO - Started process (PID=451) to work on /home/airflow/.local/lib/python3.12/site-packages/airflow/example_dags/example_sla_dag.py
[2024-06-05T19:24:23.298+0000] {processor.py:830} INFO - Processing file /home/airflow/.local/lib/python3.12/site-packages/airflow/example_dags/example_sla_dag.py for tasks to queue
[2024-06-05T19:24:23.299+0000] {logging_mixin.py:188} INFO - [2024-06-05T19:24:23.299+0000] {dagbag.py:545} INFO - Filling up the DagBag from /home/airflow/.local/lib/python3.12/site-packages/airflow/example_dags/example_sla_dag.py
[2024-06-05T19:24:23.304+0000] {processor.py:840} INFO - DAG(s) 'example_sla_dag' retrieved from /home/airflow/.local/lib/python3.12/site-packages/airflow/example_dags/example_sla_dag.py
[2024-06-05T19:24:23.315+0000] {logging_mixin.py:188} INFO - [2024-06-05T19:24:23.315+0000] {dag.py:3096} INFO - Sync 1 DAGs
[2024-06-05T19:24:23.329+0000] {logging_mixin.py:188} INFO - [2024-06-05T19:24:23.329+0000] {dag.py:3954} INFO - Setting next_dagrun for example_sla_dag to 2024-06-05 19:22:00+00:00, run_after=2024-06-05 19:24:00+00:00
[2024-06-05T19:24:23.341+0000] {processor.py:183} INFO - Processing /home/airflow/.local/lib/python3.12/site-packages/airflow/example_dags/example_sla_dag.py took 0.047 seconds
[2024-06-05T19:24:54.077+0000] {processor.py:161} INFO - Started process (PID=509) to work on /home/airflow/.local/lib/python3.12/site-packages/airflow/example_dags/example_sla_dag.py
[2024-06-05T19:24:54.078+0000] {processor.py:830} INFO - Processing file /home/airflow/.local/lib/python3.12/site-packages/airflow/example_dags/example_sla_dag.py for tasks to queue
[2024-06-05T19:24:54.079+0000] {logging_mixin.py:188} INFO - [2024-06-05T19:24:54.079+0000] {dagbag.py:545} INFO - Filling up the DagBag from /home/airflow/.local/lib/python3.12/site-packages/airflow/example_dags/example_sla_dag.py
[2024-06-05T19:24:54.084+0000] {processor.py:840} INFO - DAG(s) 'example_sla_dag' retrieved from /home/airflow/.local/lib/python3.12/site-packages/airflow/example_dags/example_sla_dag.py
[2024-06-05T19:24:54.096+0000] {logging_mixin.py:188} INFO - [2024-06-05T19:24:54.095+0000] {dag.py:3096} INFO - Sync 1 DAGs
[2024-06-05T19:24:54.111+0000] {logging_mixin.py:188} INFO - [2024-06-05T19:24:54.110+0000] {dag.py:3954} INFO - Setting next_dagrun for example_sla_dag to 2024-06-05 19:22:00+00:00, run_after=2024-06-05 19:24:00+00:00
[2024-06-05T19:24:54.123+0000] {processor.py:183} INFO - Processing /home/airflow/.local/lib/python3.12/site-packages/airflow/example_dags/example_sla_dag.py took 0.050 seconds
[2024-06-05T19:25:24.184+0000] {processor.py:161} INFO - Started process (PID=567) to work on /home/airflow/.local/lib/python3.12/site-packages/airflow/example_dags/example_sla_dag.py
[2024-06-05T19:25:24.185+0000] {processor.py:830} INFO - Processing file /home/airflow/.local/lib/python3.12/site-packages/airflow/example_dags/example_sla_dag.py for tasks to queue
[2024-06-05T19:25:24.186+0000] {logging_mixin.py:188} INFO - [2024-06-05T19:25:24.186+0000] {dagbag.py:545} INFO - Filling up the DagBag from /home/airflow/.local/lib/python3.12/site-packages/airflow/example_dags/example_sla_dag.py
[2024-06-05T19:25:24.191+0000] {processor.py:840} INFO - DAG(s) 'example_sla_dag' retrieved from /home/airflow/.local/lib/python3.12/site-packages/airflow/example_dags/example_sla_dag.py
[2024-06-05T19:25:24.202+0000] {logging_mixin.py:188} INFO - [2024-06-05T19:25:24.202+0000] {dag.py:3096} INFO - Sync 1 DAGs
[2024-06-05T19:25:24.217+0000] {logging_mixin.py:188} INFO - [2024-06-05T19:25:24.217+0000] {dag.py:3954} INFO - Setting next_dagrun for example_sla_dag to 2024-06-05 19:22:00+00:00, run_after=2024-06-05 19:24:00+00:00
[2024-06-05T19:25:24.230+0000] {processor.py:183} INFO - Processing /home/airflow/.local/lib/python3.12/site-packages/airflow/example_dags/example_sla_dag.py took 0.049 seconds
[2024-06-05T19:34:39.864+0000] {processor.py:161} INFO - Started process (PID=44) to work on /home/airflow/.local/lib/python3.12/site-packages/airflow/example_dags/example_sla_dag.py
[2024-06-05T19:34:39.864+0000] {processor.py:830} INFO - Processing file /home/airflow/.local/lib/python3.12/site-packages/airflow/example_dags/example_sla_dag.py for tasks to queue
[2024-06-05T19:34:39.866+0000] {logging_mixin.py:188} INFO - [2024-06-05T19:34:39.865+0000] {dagbag.py:545} INFO - Filling up the DagBag from /home/airflow/.local/lib/python3.12/site-packages/airflow/example_dags/example_sla_dag.py
[2024-06-05T19:34:39.876+0000] {processor.py:840} INFO - DAG(s) 'example_sla_dag' retrieved from /home/airflow/.local/lib/python3.12/site-packages/airflow/example_dags/example_sla_dag.py
[2024-06-05T19:34:39.897+0000] {logging_mixin.py:188} INFO - [2024-06-05T19:34:39.896+0000] {dag.py:3096} INFO - Sync 1 DAGs
[2024-06-05T19:34:39.913+0000] {logging_mixin.py:188} INFO - [2024-06-05T19:34:39.913+0000] {dag.py:3954} INFO - Setting next_dagrun for example_sla_dag to 2024-06-05 19:32:00+00:00, run_after=2024-06-05 19:34:00+00:00
[2024-06-05T19:34:39.926+0000] {processor.py:183} INFO - Processing /home/airflow/.local/lib/python3.12/site-packages/airflow/example_dags/example_sla_dag.py took 0.065 seconds
[2024-06-05T19:35:10.125+0000] {processor.py:161} INFO - Started process (PID=102) to work on /home/airflow/.local/lib/python3.12/site-packages/airflow/example_dags/example_sla_dag.py
[2024-06-05T19:35:10.125+0000] {processor.py:830} INFO - Processing file /home/airflow/.local/lib/python3.12/site-packages/airflow/example_dags/example_sla_dag.py for tasks to queue
[2024-06-05T19:35:10.126+0000] {logging_mixin.py:188} INFO - [2024-06-05T19:35:10.126+0000] {dagbag.py:545} INFO - Filling up the DagBag from /home/airflow/.local/lib/python3.12/site-packages/airflow/example_dags/example_sla_dag.py
[2024-06-05T19:35:10.131+0000] {processor.py:840} INFO - DAG(s) 'example_sla_dag' retrieved from /home/airflow/.local/lib/python3.12/site-packages/airflow/example_dags/example_sla_dag.py
[2024-06-05T19:35:10.143+0000] {logging_mixin.py:188} INFO - [2024-06-05T19:35:10.143+0000] {dag.py:3096} INFO - Sync 1 DAGs
[2024-06-05T19:35:10.158+0000] {logging_mixin.py:188} INFO - [2024-06-05T19:35:10.158+0000] {dag.py:3954} INFO - Setting next_dagrun for example_sla_dag to 2024-06-05 19:32:00+00:00, run_after=2024-06-05 19:34:00+00:00
[2024-06-05T19:35:10.171+0000] {processor.py:183} INFO - Processing /home/airflow/.local/lib/python3.12/site-packages/airflow/example_dags/example_sla_dag.py took 0.050 seconds
