[2024-06-05T19:20:51.627+0000] {processor.py:161} INFO - Started process (PID=38) to work on /home/airflow/.local/lib/python3.12/site-packages/airflow/example_dags/example_branch_operator.py
[2024-06-05T19:20:51.628+0000] {processor.py:830} INFO - Processing file /home/airflow/.local/lib/python3.12/site-packages/airflow/example_dags/example_branch_operator.py for tasks to queue
[2024-06-05T19:20:51.629+0000] {logging_mixin.py:188} INFO - [2024-06-05T19:20:51.628+0000] {dagbag.py:545} INFO - Filling up the DagBag from /home/airflow/.local/lib/python3.12/site-packages/airflow/example_dags/example_branch_operator.py
[2024-06-05T19:20:51.656+0000] {processor.py:840} INFO - DAG(s) 'example_branch_operator' retrieved from /home/airflow/.local/lib/python3.12/site-packages/airflow/example_dags/example_branch_operator.py
[2024-06-05T19:20:51.672+0000] {logging_mixin.py:188} INFO - [2024-06-05T19:20:51.672+0000] {dag.py:3096} INFO - Sync 1 DAGs
[2024-06-05T19:20:51.686+0000] {logging_mixin.py:188} INFO - [2024-06-05T19:20:51.686+0000] {dag.py:3954} INFO - Setting next_dagrun for example_branch_operator to 2024-06-04 00:00:00+00:00, run_after=2024-06-05 00:00:00+00:00
[2024-06-05T19:20:51.701+0000] {processor.py:183} INFO - Processing /home/airflow/.local/lib/python3.12/site-packages/airflow/example_dags/example_branch_operator.py took 0.078 seconds
[2024-06-05T19:21:21.835+0000] {processor.py:161} INFO - Started process (PID=96) to work on /home/airflow/.local/lib/python3.12/site-packages/airflow/example_dags/example_branch_operator.py
[2024-06-05T19:21:21.835+0000] {processor.py:830} INFO - Processing file /home/airflow/.local/lib/python3.12/site-packages/airflow/example_dags/example_branch_operator.py for tasks to queue
[2024-06-05T19:21:21.836+0000] {logging_mixin.py:188} INFO - [2024-06-05T19:21:21.836+0000] {dagbag.py:545} INFO - Filling up the DagBag from /home/airflow/.local/lib/python3.12/site-packages/airflow/example_dags/example_branch_operator.py
[2024-06-05T19:21:21.845+0000] {processor.py:840} INFO - DAG(s) 'example_branch_operator' retrieved from /home/airflow/.local/lib/python3.12/site-packages/airflow/example_dags/example_branch_operator.py
[2024-06-05T19:21:21.958+0000] {logging_mixin.py:188} INFO - [2024-06-05T19:21:21.958+0000] {dag.py:3096} INFO - Sync 1 DAGs
[2024-06-05T19:21:21.970+0000] {logging_mixin.py:188} INFO - [2024-06-05T19:21:21.970+0000] {dag.py:3954} INFO - Setting next_dagrun for example_branch_operator to 2024-06-04 00:00:00+00:00, run_after=2024-06-05 00:00:00+00:00
[2024-06-05T19:21:21.983+0000] {processor.py:183} INFO - Processing /home/airflow/.local/lib/python3.12/site-packages/airflow/example_dags/example_branch_operator.py took 0.151 seconds
[2024-06-05T19:21:52.217+0000] {processor.py:161} INFO - Started process (PID=155) to work on /home/airflow/.local/lib/python3.12/site-packages/airflow/example_dags/example_branch_operator.py
[2024-06-05T19:21:52.217+0000] {processor.py:830} INFO - Processing file /home/airflow/.local/lib/python3.12/site-packages/airflow/example_dags/example_branch_operator.py for tasks to queue
[2024-06-05T19:21:52.218+0000] {logging_mixin.py:188} INFO - [2024-06-05T19:21:52.218+0000] {dagbag.py:545} INFO - Filling up the DagBag from /home/airflow/.local/lib/python3.12/site-packages/airflow/example_dags/example_branch_operator.py
[2024-06-05T19:21:52.227+0000] {processor.py:840} INFO - DAG(s) 'example_branch_operator' retrieved from /home/airflow/.local/lib/python3.12/site-packages/airflow/example_dags/example_branch_operator.py
[2024-06-05T19:21:52.244+0000] {logging_mixin.py:188} INFO - [2024-06-05T19:21:52.244+0000] {dag.py:3096} INFO - Sync 1 DAGs
[2024-06-05T19:21:52.259+0000] {logging_mixin.py:188} INFO - [2024-06-05T19:21:52.259+0000] {dag.py:3954} INFO - Setting next_dagrun for example_branch_operator to 2024-06-04 00:00:00+00:00, run_after=2024-06-05 00:00:00+00:00
[2024-06-05T19:21:52.271+0000] {processor.py:183} INFO - Processing /home/airflow/.local/lib/python3.12/site-packages/airflow/example_dags/example_branch_operator.py took 0.058 seconds
[2024-06-05T19:22:22.345+0000] {processor.py:161} INFO - Started process (PID=213) to work on /home/airflow/.local/lib/python3.12/site-packages/airflow/example_dags/example_branch_operator.py
[2024-06-05T19:22:22.346+0000] {processor.py:830} INFO - Processing file /home/airflow/.local/lib/python3.12/site-packages/airflow/example_dags/example_branch_operator.py for tasks to queue
[2024-06-05T19:22:22.347+0000] {logging_mixin.py:188} INFO - [2024-06-05T19:22:22.347+0000] {dagbag.py:545} INFO - Filling up the DagBag from /home/airflow/.local/lib/python3.12/site-packages/airflow/example_dags/example_branch_operator.py
[2024-06-05T19:22:22.358+0000] {processor.py:840} INFO - DAG(s) 'example_branch_operator' retrieved from /home/airflow/.local/lib/python3.12/site-packages/airflow/example_dags/example_branch_operator.py
[2024-06-05T19:22:22.382+0000] {logging_mixin.py:188} INFO - [2024-06-05T19:22:22.382+0000] {dag.py:3096} INFO - Sync 1 DAGs
[2024-06-05T19:22:22.399+0000] {logging_mixin.py:188} INFO - [2024-06-05T19:22:22.399+0000] {dag.py:3954} INFO - Setting next_dagrun for example_branch_operator to 2024-06-04 00:00:00+00:00, run_after=2024-06-05 00:00:00+00:00
[2024-06-05T19:22:22.416+0000] {processor.py:183} INFO - Processing /home/airflow/.local/lib/python3.12/site-packages/airflow/example_dags/example_branch_operator.py took 0.076 seconds
[2024-06-05T19:22:52.504+0000] {processor.py:161} INFO - Started process (PID=271) to work on /home/airflow/.local/lib/python3.12/site-packages/airflow/example_dags/example_branch_operator.py
[2024-06-05T19:22:52.505+0000] {processor.py:830} INFO - Processing file /home/airflow/.local/lib/python3.12/site-packages/airflow/example_dags/example_branch_operator.py for tasks to queue
[2024-06-05T19:22:52.506+0000] {logging_mixin.py:188} INFO - [2024-06-05T19:22:52.506+0000] {dagbag.py:545} INFO - Filling up the DagBag from /home/airflow/.local/lib/python3.12/site-packages/airflow/example_dags/example_branch_operator.py
[2024-06-05T19:22:52.516+0000] {processor.py:840} INFO - DAG(s) 'example_branch_operator' retrieved from /home/airflow/.local/lib/python3.12/site-packages/airflow/example_dags/example_branch_operator.py
[2024-06-05T19:22:52.536+0000] {logging_mixin.py:188} INFO - [2024-06-05T19:22:52.536+0000] {dag.py:3096} INFO - Sync 1 DAGs
[2024-06-05T19:22:52.552+0000] {logging_mixin.py:188} INFO - [2024-06-05T19:22:52.552+0000] {dag.py:3954} INFO - Setting next_dagrun for example_branch_operator to 2024-06-04 00:00:00+00:00, run_after=2024-06-05 00:00:00+00:00
[2024-06-05T19:22:52.567+0000] {processor.py:183} INFO - Processing /home/airflow/.local/lib/python3.12/site-packages/airflow/example_dags/example_branch_operator.py took 0.067 seconds
[2024-06-05T19:23:22.842+0000] {processor.py:161} INFO - Started process (PID=329) to work on /home/airflow/.local/lib/python3.12/site-packages/airflow/example_dags/example_branch_operator.py
[2024-06-05T19:23:22.843+0000] {processor.py:830} INFO - Processing file /home/airflow/.local/lib/python3.12/site-packages/airflow/example_dags/example_branch_operator.py for tasks to queue
[2024-06-05T19:23:22.845+0000] {logging_mixin.py:188} INFO - [2024-06-05T19:23:22.844+0000] {dagbag.py:545} INFO - Filling up the DagBag from /home/airflow/.local/lib/python3.12/site-packages/airflow/example_dags/example_branch_operator.py
[2024-06-05T19:23:22.856+0000] {processor.py:840} INFO - DAG(s) 'example_branch_operator' retrieved from /home/airflow/.local/lib/python3.12/site-packages/airflow/example_dags/example_branch_operator.py
[2024-06-05T19:23:22.877+0000] {logging_mixin.py:188} INFO - [2024-06-05T19:23:22.877+0000] {dag.py:3096} INFO - Sync 1 DAGs
[2024-06-05T19:23:22.893+0000] {logging_mixin.py:188} INFO - [2024-06-05T19:23:22.893+0000] {dag.py:3954} INFO - Setting next_dagrun for example_branch_operator to 2024-06-04 00:00:00+00:00, run_after=2024-06-05 00:00:00+00:00
[2024-06-05T19:23:22.909+0000] {processor.py:183} INFO - Processing /home/airflow/.local/lib/python3.12/site-packages/airflow/example_dags/example_branch_operator.py took 0.071 seconds
[2024-06-05T19:23:53.040+0000] {processor.py:161} INFO - Started process (PID=387) to work on /home/airflow/.local/lib/python3.12/site-packages/airflow/example_dags/example_branch_operator.py
[2024-06-05T19:23:53.041+0000] {processor.py:830} INFO - Processing file /home/airflow/.local/lib/python3.12/site-packages/airflow/example_dags/example_branch_operator.py for tasks to queue
[2024-06-05T19:23:53.042+0000] {logging_mixin.py:188} INFO - [2024-06-05T19:23:53.042+0000] {dagbag.py:545} INFO - Filling up the DagBag from /home/airflow/.local/lib/python3.12/site-packages/airflow/example_dags/example_branch_operator.py
[2024-06-05T19:23:53.050+0000] {processor.py:840} INFO - DAG(s) 'example_branch_operator' retrieved from /home/airflow/.local/lib/python3.12/site-packages/airflow/example_dags/example_branch_operator.py
[2024-06-05T19:23:53.067+0000] {logging_mixin.py:188} INFO - [2024-06-05T19:23:53.067+0000] {dag.py:3096} INFO - Sync 1 DAGs
[2024-06-05T19:23:53.081+0000] {logging_mixin.py:188} INFO - [2024-06-05T19:23:53.081+0000] {dag.py:3954} INFO - Setting next_dagrun for example_branch_operator to 2024-06-04 00:00:00+00:00, run_after=2024-06-05 00:00:00+00:00
[2024-06-05T19:23:53.095+0000] {processor.py:183} INFO - Processing /home/airflow/.local/lib/python3.12/site-packages/airflow/example_dags/example_branch_operator.py took 0.058 seconds
[2024-06-05T19:24:23.129+0000] {processor.py:161} INFO - Started process (PID=445) to work on /home/airflow/.local/lib/python3.12/site-packages/airflow/example_dags/example_branch_operator.py
[2024-06-05T19:24:23.130+0000] {processor.py:830} INFO - Processing file /home/airflow/.local/lib/python3.12/site-packages/airflow/example_dags/example_branch_operator.py for tasks to queue
[2024-06-05T19:24:23.131+0000] {logging_mixin.py:188} INFO - [2024-06-05T19:24:23.131+0000] {dagbag.py:545} INFO - Filling up the DagBag from /home/airflow/.local/lib/python3.12/site-packages/airflow/example_dags/example_branch_operator.py
[2024-06-05T19:24:23.140+0000] {processor.py:840} INFO - DAG(s) 'example_branch_operator' retrieved from /home/airflow/.local/lib/python3.12/site-packages/airflow/example_dags/example_branch_operator.py
[2024-06-05T19:24:23.156+0000] {logging_mixin.py:188} INFO - [2024-06-05T19:24:23.156+0000] {dag.py:3096} INFO - Sync 1 DAGs
[2024-06-05T19:24:23.170+0000] {logging_mixin.py:188} INFO - [2024-06-05T19:24:23.170+0000] {dag.py:3954} INFO - Setting next_dagrun for example_branch_operator to 2024-06-04 00:00:00+00:00, run_after=2024-06-05 00:00:00+00:00
[2024-06-05T19:24:23.182+0000] {processor.py:183} INFO - Processing /home/airflow/.local/lib/python3.12/site-packages/airflow/example_dags/example_branch_operator.py took 0.056 seconds
[2024-06-05T19:24:53.883+0000] {processor.py:161} INFO - Started process (PID=503) to work on /home/airflow/.local/lib/python3.12/site-packages/airflow/example_dags/example_branch_operator.py
[2024-06-05T19:24:53.884+0000] {processor.py:830} INFO - Processing file /home/airflow/.local/lib/python3.12/site-packages/airflow/example_dags/example_branch_operator.py for tasks to queue
[2024-06-05T19:24:53.885+0000] {logging_mixin.py:188} INFO - [2024-06-05T19:24:53.885+0000] {dagbag.py:545} INFO - Filling up the DagBag from /home/airflow/.local/lib/python3.12/site-packages/airflow/example_dags/example_branch_operator.py
[2024-06-05T19:24:53.894+0000] {processor.py:840} INFO - DAG(s) 'example_branch_operator' retrieved from /home/airflow/.local/lib/python3.12/site-packages/airflow/example_dags/example_branch_operator.py
[2024-06-05T19:24:53.914+0000] {logging_mixin.py:188} INFO - [2024-06-05T19:24:53.913+0000] {dag.py:3096} INFO - Sync 1 DAGs
[2024-06-05T19:24:53.928+0000] {logging_mixin.py:188} INFO - [2024-06-05T19:24:53.928+0000] {dag.py:3954} INFO - Setting next_dagrun for example_branch_operator to 2024-06-04 00:00:00+00:00, run_after=2024-06-05 00:00:00+00:00
[2024-06-05T19:24:53.942+0000] {processor.py:183} INFO - Processing /home/airflow/.local/lib/python3.12/site-packages/airflow/example_dags/example_branch_operator.py took 0.062 seconds
[2024-06-05T19:25:24.009+0000] {processor.py:161} INFO - Started process (PID=561) to work on /home/airflow/.local/lib/python3.12/site-packages/airflow/example_dags/example_branch_operator.py
[2024-06-05T19:25:24.010+0000] {processor.py:830} INFO - Processing file /home/airflow/.local/lib/python3.12/site-packages/airflow/example_dags/example_branch_operator.py for tasks to queue
[2024-06-05T19:25:24.011+0000] {logging_mixin.py:188} INFO - [2024-06-05T19:25:24.011+0000] {dagbag.py:545} INFO - Filling up the DagBag from /home/airflow/.local/lib/python3.12/site-packages/airflow/example_dags/example_branch_operator.py
[2024-06-05T19:25:24.021+0000] {processor.py:840} INFO - DAG(s) 'example_branch_operator' retrieved from /home/airflow/.local/lib/python3.12/site-packages/airflow/example_dags/example_branch_operator.py
[2024-06-05T19:25:24.039+0000] {logging_mixin.py:188} INFO - [2024-06-05T19:25:24.038+0000] {dag.py:3096} INFO - Sync 1 DAGs
[2024-06-05T19:25:24.052+0000] {logging_mixin.py:188} INFO - [2024-06-05T19:25:24.052+0000] {dag.py:3954} INFO - Setting next_dagrun for example_branch_operator to 2024-06-04 00:00:00+00:00, run_after=2024-06-05 00:00:00+00:00
[2024-06-05T19:25:24.065+0000] {processor.py:183} INFO - Processing /home/airflow/.local/lib/python3.12/site-packages/airflow/example_dags/example_branch_operator.py took 0.060 seconds
