[2024-06-05T19:20:51.896+0000] {processor.py:161} INFO - Started process (PID=46) to work on /home/airflow/.local/lib/python3.12/site-packages/airflow/example_dags/example_subdag_operator.py
[2024-06-05T19:20:51.897+0000] {processor.py:830} INFO - Processing file /home/airflow/.local/lib/python3.12/site-packages/airflow/example_dags/example_subdag_operator.py for tasks to queue
[2024-06-05T19:20:51.898+0000] {logging_mixin.py:188} INFO - [2024-06-05T19:20:51.898+0000] {dagbag.py:545} INFO - Filling up the DagBag from /home/airflow/.local/lib/python3.12/site-packages/airflow/example_dags/example_subdag_operator.py
[2024-06-05T19:20:51.912+0000] {processor.py:840} INFO - DAG(s) 'example_subdag_operator.section-1', 'example_subdag_operator.section-2', 'example_subdag_operator' retrieved from /home/airflow/.local/lib/python3.12/site-packages/airflow/example_dags/example_subdag_operator.py
[2024-06-05T19:20:51.916+0000] {logging_mixin.py:188} INFO - [2024-06-05T19:20:51.916+0000] {dag.py:3096} INFO - Sync 3 DAGs
[2024-06-05T19:20:51.932+0000] {logging_mixin.py:188} INFO - [2024-06-05T19:20:51.931+0000] {dag.py:3954} INFO - Setting next_dagrun for example_subdag_operator to 2022-01-01 00:00:00+00:00, run_after=2022-01-01 00:00:00+00:00
[2024-06-05T19:20:51.935+0000] {logging_mixin.py:188} INFO - [2024-06-05T19:20:51.934+0000] {dag.py:3954} INFO - Setting next_dagrun for example_subdag_operator.section-1 to None, run_after=None
[2024-06-05T19:20:51.936+0000] {logging_mixin.py:188} INFO - [2024-06-05T19:20:51.935+0000] {dag.py:3954} INFO - Setting next_dagrun for example_subdag_operator.section-2 to None, run_after=None
[2024-06-05T19:20:51.940+0000] {logging_mixin.py:188} INFO - [2024-06-05T19:20:51.940+0000] {dag.py:3096} INFO - Sync 2 DAGs
[2024-06-05T19:20:51.944+0000] {logging_mixin.py:188} INFO - [2024-06-05T19:20:51.944+0000] {dag.py:3954} INFO - Setting next_dagrun for example_subdag_operator.section-1 to None, run_after=None
[2024-06-05T19:20:51.944+0000] {logging_mixin.py:188} INFO - [2024-06-05T19:20:51.944+0000] {dag.py:3954} INFO - Setting next_dagrun for example_subdag_operator.section-2 to None, run_after=None
[2024-06-05T19:20:51.954+0000] {processor.py:183} INFO - Processing /home/airflow/.local/lib/python3.12/site-packages/airflow/example_dags/example_subdag_operator.py took 0.061 seconds
[2024-06-05T19:21:22.337+0000] {processor.py:161} INFO - Started process (PID=104) to work on /home/airflow/.local/lib/python3.12/site-packages/airflow/example_dags/example_subdag_operator.py
[2024-06-05T19:21:22.337+0000] {processor.py:830} INFO - Processing file /home/airflow/.local/lib/python3.12/site-packages/airflow/example_dags/example_subdag_operator.py for tasks to queue
[2024-06-05T19:21:22.338+0000] {logging_mixin.py:188} INFO - [2024-06-05T19:21:22.338+0000] {dagbag.py:545} INFO - Filling up the DagBag from /home/airflow/.local/lib/python3.12/site-packages/airflow/example_dags/example_subdag_operator.py
[2024-06-05T19:21:22.351+0000] {processor.py:840} INFO - DAG(s) 'example_subdag_operator.section-1', 'example_subdag_operator.section-2', 'example_subdag_operator' retrieved from /home/airflow/.local/lib/python3.12/site-packages/airflow/example_dags/example_subdag_operator.py
[2024-06-05T19:21:22.407+0000] {logging_mixin.py:188} INFO - [2024-06-05T19:21:22.407+0000] {dag.py:3096} INFO - Sync 3 DAGs
[2024-06-05T19:21:22.418+0000] {logging_mixin.py:188} INFO - [2024-06-05T19:21:22.418+0000] {dag.py:3954} INFO - Setting next_dagrun for example_subdag_operator to 2022-01-01 00:00:00+00:00, run_after=2022-01-01 00:00:00+00:00
[2024-06-05T19:21:22.420+0000] {logging_mixin.py:188} INFO - [2024-06-05T19:21:22.420+0000] {dag.py:3954} INFO - Setting next_dagrun for example_subdag_operator.section-1 to None, run_after=None
[2024-06-05T19:21:22.422+0000] {logging_mixin.py:188} INFO - [2024-06-05T19:21:22.422+0000] {dag.py:3954} INFO - Setting next_dagrun for example_subdag_operator.section-2 to None, run_after=None
[2024-06-05T19:21:22.427+0000] {logging_mixin.py:188} INFO - [2024-06-05T19:21:22.427+0000] {dag.py:3096} INFO - Sync 2 DAGs
[2024-06-05T19:21:22.431+0000] {logging_mixin.py:188} INFO - [2024-06-05T19:21:22.430+0000] {dag.py:3954} INFO - Setting next_dagrun for example_subdag_operator.section-1 to None, run_after=None
[2024-06-05T19:21:22.431+0000] {logging_mixin.py:188} INFO - [2024-06-05T19:21:22.431+0000] {dag.py:3954} INFO - Setting next_dagrun for example_subdag_operator.section-2 to None, run_after=None
[2024-06-05T19:21:22.439+0000] {processor.py:183} INFO - Processing /home/airflow/.local/lib/python3.12/site-packages/airflow/example_dags/example_subdag_operator.py took 0.105 seconds
[2024-06-05T19:21:53.420+0000] {processor.py:161} INFO - Started process (PID=163) to work on /home/airflow/.local/lib/python3.12/site-packages/airflow/example_dags/example_subdag_operator.py
[2024-06-05T19:21:53.420+0000] {processor.py:830} INFO - Processing file /home/airflow/.local/lib/python3.12/site-packages/airflow/example_dags/example_subdag_operator.py for tasks to queue
[2024-06-05T19:21:53.421+0000] {logging_mixin.py:188} INFO - [2024-06-05T19:21:53.421+0000] {dagbag.py:545} INFO - Filling up the DagBag from /home/airflow/.local/lib/python3.12/site-packages/airflow/example_dags/example_subdag_operator.py
[2024-06-05T19:21:53.434+0000] {processor.py:840} INFO - DAG(s) 'example_subdag_operator.section-1', 'example_subdag_operator.section-2', 'example_subdag_operator' retrieved from /home/airflow/.local/lib/python3.12/site-packages/airflow/example_dags/example_subdag_operator.py
[2024-06-05T19:21:53.444+0000] {logging_mixin.py:188} INFO - [2024-06-05T19:21:53.444+0000] {dag.py:3096} INFO - Sync 3 DAGs
[2024-06-05T19:21:53.457+0000] {logging_mixin.py:188} INFO - [2024-06-05T19:21:53.457+0000] {dag.py:3954} INFO - Setting next_dagrun for example_subdag_operator to 2022-01-01 00:00:00+00:00, run_after=2022-01-01 00:00:00+00:00
[2024-06-05T19:21:53.460+0000] {logging_mixin.py:188} INFO - [2024-06-05T19:21:53.459+0000] {dag.py:3954} INFO - Setting next_dagrun for example_subdag_operator.section-1 to None, run_after=None
[2024-06-05T19:21:53.460+0000] {logging_mixin.py:188} INFO - [2024-06-05T19:21:53.460+0000] {dag.py:3954} INFO - Setting next_dagrun for example_subdag_operator.section-2 to None, run_after=None
[2024-06-05T19:21:53.464+0000] {logging_mixin.py:188} INFO - [2024-06-05T19:21:53.464+0000] {dag.py:3096} INFO - Sync 2 DAGs
[2024-06-05T19:21:53.468+0000] {logging_mixin.py:188} INFO - [2024-06-05T19:21:53.468+0000] {dag.py:3954} INFO - Setting next_dagrun for example_subdag_operator.section-1 to None, run_after=None
[2024-06-05T19:21:53.468+0000] {logging_mixin.py:188} INFO - [2024-06-05T19:21:53.468+0000] {dag.py:3954} INFO - Setting next_dagrun for example_subdag_operator.section-2 to None, run_after=None
[2024-06-05T19:21:53.476+0000] {processor.py:183} INFO - Processing /home/airflow/.local/lib/python3.12/site-packages/airflow/example_dags/example_subdag_operator.py took 0.060 seconds
[2024-06-05T19:22:23.598+0000] {processor.py:161} INFO - Started process (PID=221) to work on /home/airflow/.local/lib/python3.12/site-packages/airflow/example_dags/example_subdag_operator.py
[2024-06-05T19:22:23.598+0000] {processor.py:830} INFO - Processing file /home/airflow/.local/lib/python3.12/site-packages/airflow/example_dags/example_subdag_operator.py for tasks to queue
[2024-06-05T19:22:23.600+0000] {logging_mixin.py:188} INFO - [2024-06-05T19:22:23.600+0000] {dagbag.py:545} INFO - Filling up the DagBag from /home/airflow/.local/lib/python3.12/site-packages/airflow/example_dags/example_subdag_operator.py
[2024-06-05T19:22:23.615+0000] {processor.py:840} INFO - DAG(s) 'example_subdag_operator.section-1', 'example_subdag_operator.section-2', 'example_subdag_operator' retrieved from /home/airflow/.local/lib/python3.12/site-packages/airflow/example_dags/example_subdag_operator.py
[2024-06-05T19:22:23.625+0000] {logging_mixin.py:188} INFO - [2024-06-05T19:22:23.625+0000] {dag.py:3096} INFO - Sync 3 DAGs
[2024-06-05T19:22:23.640+0000] {logging_mixin.py:188} INFO - [2024-06-05T19:22:23.639+0000] {dag.py:3954} INFO - Setting next_dagrun for example_subdag_operator to 2022-01-01 00:00:00+00:00, run_after=2022-01-01 00:00:00+00:00
[2024-06-05T19:22:23.642+0000] {logging_mixin.py:188} INFO - [2024-06-05T19:22:23.642+0000] {dag.py:3954} INFO - Setting next_dagrun for example_subdag_operator.section-1 to None, run_after=None
[2024-06-05T19:22:23.643+0000] {logging_mixin.py:188} INFO - [2024-06-05T19:22:23.643+0000] {dag.py:3954} INFO - Setting next_dagrun for example_subdag_operator.section-2 to None, run_after=None
[2024-06-05T19:22:23.647+0000] {logging_mixin.py:188} INFO - [2024-06-05T19:22:23.647+0000] {dag.py:3096} INFO - Sync 2 DAGs
[2024-06-05T19:22:23.651+0000] {logging_mixin.py:188} INFO - [2024-06-05T19:22:23.651+0000] {dag.py:3954} INFO - Setting next_dagrun for example_subdag_operator.section-1 to None, run_after=None
[2024-06-05T19:22:23.651+0000] {logging_mixin.py:188} INFO - [2024-06-05T19:22:23.651+0000] {dag.py:3954} INFO - Setting next_dagrun for example_subdag_operator.section-2 to None, run_after=None
[2024-06-05T19:22:23.661+0000] {processor.py:183} INFO - Processing /home/airflow/.local/lib/python3.12/site-packages/airflow/example_dags/example_subdag_operator.py took 0.066 seconds
[2024-06-05T19:22:53.728+0000] {processor.py:161} INFO - Started process (PID=279) to work on /home/airflow/.local/lib/python3.12/site-packages/airflow/example_dags/example_subdag_operator.py
[2024-06-05T19:22:53.729+0000] {processor.py:830} INFO - Processing file /home/airflow/.local/lib/python3.12/site-packages/airflow/example_dags/example_subdag_operator.py for tasks to queue
[2024-06-05T19:22:53.730+0000] {logging_mixin.py:188} INFO - [2024-06-05T19:22:53.730+0000] {dagbag.py:545} INFO - Filling up the DagBag from /home/airflow/.local/lib/python3.12/site-packages/airflow/example_dags/example_subdag_operator.py
[2024-06-05T19:22:53.744+0000] {processor.py:840} INFO - DAG(s) 'example_subdag_operator.section-1', 'example_subdag_operator.section-2', 'example_subdag_operator' retrieved from /home/airflow/.local/lib/python3.12/site-packages/airflow/example_dags/example_subdag_operator.py
[2024-06-05T19:22:53.754+0000] {logging_mixin.py:188} INFO - [2024-06-05T19:22:53.753+0000] {dag.py:3096} INFO - Sync 3 DAGs
[2024-06-05T19:22:53.767+0000] {logging_mixin.py:188} INFO - [2024-06-05T19:22:53.766+0000] {dag.py:3954} INFO - Setting next_dagrun for example_subdag_operator to 2022-01-01 00:00:00+00:00, run_after=2022-01-01 00:00:00+00:00
[2024-06-05T19:22:53.769+0000] {logging_mixin.py:188} INFO - [2024-06-05T19:22:53.769+0000] {dag.py:3954} INFO - Setting next_dagrun for example_subdag_operator.section-1 to None, run_after=None
[2024-06-05T19:22:53.770+0000] {logging_mixin.py:188} INFO - [2024-06-05T19:22:53.769+0000] {dag.py:3954} INFO - Setting next_dagrun for example_subdag_operator.section-2 to None, run_after=None
[2024-06-05T19:22:53.774+0000] {logging_mixin.py:188} INFO - [2024-06-05T19:22:53.774+0000] {dag.py:3096} INFO - Sync 2 DAGs
[2024-06-05T19:22:53.777+0000] {logging_mixin.py:188} INFO - [2024-06-05T19:22:53.777+0000] {dag.py:3954} INFO - Setting next_dagrun for example_subdag_operator.section-1 to None, run_after=None
[2024-06-05T19:22:53.778+0000] {logging_mixin.py:188} INFO - [2024-06-05T19:22:53.778+0000] {dag.py:3954} INFO - Setting next_dagrun for example_subdag_operator.section-2 to None, run_after=None
[2024-06-05T19:22:53.788+0000] {processor.py:183} INFO - Processing /home/airflow/.local/lib/python3.12/site-packages/airflow/example_dags/example_subdag_operator.py took 0.063 seconds
[2024-06-05T19:23:24.094+0000] {processor.py:161} INFO - Started process (PID=337) to work on /home/airflow/.local/lib/python3.12/site-packages/airflow/example_dags/example_subdag_operator.py
[2024-06-05T19:23:24.095+0000] {processor.py:830} INFO - Processing file /home/airflow/.local/lib/python3.12/site-packages/airflow/example_dags/example_subdag_operator.py for tasks to queue
[2024-06-05T19:23:24.096+0000] {logging_mixin.py:188} INFO - [2024-06-05T19:23:24.096+0000] {dagbag.py:545} INFO - Filling up the DagBag from /home/airflow/.local/lib/python3.12/site-packages/airflow/example_dags/example_subdag_operator.py
[2024-06-05T19:23:24.109+0000] {processor.py:840} INFO - DAG(s) 'example_subdag_operator.section-1', 'example_subdag_operator.section-2', 'example_subdag_operator' retrieved from /home/airflow/.local/lib/python3.12/site-packages/airflow/example_dags/example_subdag_operator.py
[2024-06-05T19:23:24.119+0000] {logging_mixin.py:188} INFO - [2024-06-05T19:23:24.118+0000] {dag.py:3096} INFO - Sync 3 DAGs
[2024-06-05T19:23:24.132+0000] {logging_mixin.py:188} INFO - [2024-06-05T19:23:24.132+0000] {dag.py:3954} INFO - Setting next_dagrun for example_subdag_operator to 2022-01-01 00:00:00+00:00, run_after=2022-01-01 00:00:00+00:00
[2024-06-05T19:23:24.135+0000] {logging_mixin.py:188} INFO - [2024-06-05T19:23:24.135+0000] {dag.py:3954} INFO - Setting next_dagrun for example_subdag_operator.section-1 to None, run_after=None
[2024-06-05T19:23:24.135+0000] {logging_mixin.py:188} INFO - [2024-06-05T19:23:24.135+0000] {dag.py:3954} INFO - Setting next_dagrun for example_subdag_operator.section-2 to None, run_after=None
[2024-06-05T19:23:24.139+0000] {logging_mixin.py:188} INFO - [2024-06-05T19:23:24.139+0000] {dag.py:3096} INFO - Sync 2 DAGs
[2024-06-05T19:23:24.143+0000] {logging_mixin.py:188} INFO - [2024-06-05T19:23:24.143+0000] {dag.py:3954} INFO - Setting next_dagrun for example_subdag_operator.section-1 to None, run_after=None
[2024-06-05T19:23:24.143+0000] {logging_mixin.py:188} INFO - [2024-06-05T19:23:24.143+0000] {dag.py:3954} INFO - Setting next_dagrun for example_subdag_operator.section-2 to None, run_after=None
[2024-06-05T19:23:24.152+0000] {processor.py:183} INFO - Processing /home/airflow/.local/lib/python3.12/site-packages/airflow/example_dags/example_subdag_operator.py took 0.061 seconds
[2024-06-05T19:23:54.258+0000] {processor.py:161} INFO - Started process (PID=395) to work on /home/airflow/.local/lib/python3.12/site-packages/airflow/example_dags/example_subdag_operator.py
[2024-06-05T19:23:54.258+0000] {processor.py:830} INFO - Processing file /home/airflow/.local/lib/python3.12/site-packages/airflow/example_dags/example_subdag_operator.py for tasks to queue
[2024-06-05T19:23:54.259+0000] {logging_mixin.py:188} INFO - [2024-06-05T19:23:54.259+0000] {dagbag.py:545} INFO - Filling up the DagBag from /home/airflow/.local/lib/python3.12/site-packages/airflow/example_dags/example_subdag_operator.py
[2024-06-05T19:23:54.273+0000] {processor.py:840} INFO - DAG(s) 'example_subdag_operator.section-1', 'example_subdag_operator.section-2', 'example_subdag_operator' retrieved from /home/airflow/.local/lib/python3.12/site-packages/airflow/example_dags/example_subdag_operator.py
[2024-06-05T19:23:54.283+0000] {logging_mixin.py:188} INFO - [2024-06-05T19:23:54.283+0000] {dag.py:3096} INFO - Sync 3 DAGs
[2024-06-05T19:23:54.296+0000] {logging_mixin.py:188} INFO - [2024-06-05T19:23:54.296+0000] {dag.py:3954} INFO - Setting next_dagrun for example_subdag_operator to 2022-01-01 00:00:00+00:00, run_after=2022-01-01 00:00:00+00:00
[2024-06-05T19:23:54.298+0000] {logging_mixin.py:188} INFO - [2024-06-05T19:23:54.298+0000] {dag.py:3954} INFO - Setting next_dagrun for example_subdag_operator.section-1 to None, run_after=None
[2024-06-05T19:23:54.299+0000] {logging_mixin.py:188} INFO - [2024-06-05T19:23:54.299+0000] {dag.py:3954} INFO - Setting next_dagrun for example_subdag_operator.section-2 to None, run_after=None
[2024-06-05T19:23:54.303+0000] {logging_mixin.py:188} INFO - [2024-06-05T19:23:54.303+0000] {dag.py:3096} INFO - Sync 2 DAGs
[2024-06-05T19:23:54.307+0000] {logging_mixin.py:188} INFO - [2024-06-05T19:23:54.307+0000] {dag.py:3954} INFO - Setting next_dagrun for example_subdag_operator.section-1 to None, run_after=None
[2024-06-05T19:23:54.307+0000] {logging_mixin.py:188} INFO - [2024-06-05T19:23:54.307+0000] {dag.py:3954} INFO - Setting next_dagrun for example_subdag_operator.section-2 to None, run_after=None
[2024-06-05T19:23:54.319+0000] {processor.py:183} INFO - Processing /home/airflow/.local/lib/python3.12/site-packages/airflow/example_dags/example_subdag_operator.py took 0.064 seconds
[2024-06-05T19:24:24.340+0000] {processor.py:161} INFO - Started process (PID=452) to work on /home/airflow/.local/lib/python3.12/site-packages/airflow/example_dags/example_subdag_operator.py
[2024-06-05T19:24:24.341+0000] {processor.py:830} INFO - Processing file /home/airflow/.local/lib/python3.12/site-packages/airflow/example_dags/example_subdag_operator.py for tasks to queue
[2024-06-05T19:24:24.342+0000] {logging_mixin.py:188} INFO - [2024-06-05T19:24:24.342+0000] {dagbag.py:545} INFO - Filling up the DagBag from /home/airflow/.local/lib/python3.12/site-packages/airflow/example_dags/example_subdag_operator.py
[2024-06-05T19:24:24.356+0000] {processor.py:840} INFO - DAG(s) 'example_subdag_operator.section-1', 'example_subdag_operator.section-2', 'example_subdag_operator' retrieved from /home/airflow/.local/lib/python3.12/site-packages/airflow/example_dags/example_subdag_operator.py
[2024-06-05T19:24:24.367+0000] {logging_mixin.py:188} INFO - [2024-06-05T19:24:24.367+0000] {dag.py:3096} INFO - Sync 3 DAGs
[2024-06-05T19:24:24.380+0000] {logging_mixin.py:188} INFO - [2024-06-05T19:24:24.380+0000] {dag.py:3954} INFO - Setting next_dagrun for example_subdag_operator to 2022-01-01 00:00:00+00:00, run_after=2022-01-01 00:00:00+00:00
[2024-06-05T19:24:24.383+0000] {logging_mixin.py:188} INFO - [2024-06-05T19:24:24.382+0000] {dag.py:3954} INFO - Setting next_dagrun for example_subdag_operator.section-1 to None, run_after=None
[2024-06-05T19:24:24.384+0000] {logging_mixin.py:188} INFO - [2024-06-05T19:24:24.384+0000] {dag.py:3954} INFO - Setting next_dagrun for example_subdag_operator.section-2 to None, run_after=None
[2024-06-05T19:24:24.388+0000] {logging_mixin.py:188} INFO - [2024-06-05T19:24:24.388+0000] {dag.py:3096} INFO - Sync 2 DAGs
[2024-06-05T19:24:24.391+0000] {logging_mixin.py:188} INFO - [2024-06-05T19:24:24.391+0000] {dag.py:3954} INFO - Setting next_dagrun for example_subdag_operator.section-1 to None, run_after=None
[2024-06-05T19:24:24.392+0000] {logging_mixin.py:188} INFO - [2024-06-05T19:24:24.391+0000] {dag.py:3954} INFO - Setting next_dagrun for example_subdag_operator.section-2 to None, run_after=None
[2024-06-05T19:24:24.409+0000] {processor.py:183} INFO - Processing /home/airflow/.local/lib/python3.12/site-packages/airflow/example_dags/example_subdag_operator.py took 0.072 seconds
[2024-06-05T19:24:55.123+0000] {processor.py:161} INFO - Started process (PID=511) to work on /home/airflow/.local/lib/python3.12/site-packages/airflow/example_dags/example_subdag_operator.py
[2024-06-05T19:24:55.123+0000] {processor.py:830} INFO - Processing file /home/airflow/.local/lib/python3.12/site-packages/airflow/example_dags/example_subdag_operator.py for tasks to queue
[2024-06-05T19:24:55.124+0000] {logging_mixin.py:188} INFO - [2024-06-05T19:24:55.124+0000] {dagbag.py:545} INFO - Filling up the DagBag from /home/airflow/.local/lib/python3.12/site-packages/airflow/example_dags/example_subdag_operator.py
[2024-06-05T19:24:55.138+0000] {processor.py:840} INFO - DAG(s) 'example_subdag_operator.section-1', 'example_subdag_operator.section-2', 'example_subdag_operator' retrieved from /home/airflow/.local/lib/python3.12/site-packages/airflow/example_dags/example_subdag_operator.py
[2024-06-05T19:24:55.147+0000] {logging_mixin.py:188} INFO - [2024-06-05T19:24:55.147+0000] {dag.py:3096} INFO - Sync 3 DAGs
[2024-06-05T19:24:55.160+0000] {logging_mixin.py:188} INFO - [2024-06-05T19:24:55.160+0000] {dag.py:3954} INFO - Setting next_dagrun for example_subdag_operator to 2022-01-01 00:00:00+00:00, run_after=2022-01-01 00:00:00+00:00
[2024-06-05T19:24:55.162+0000] {logging_mixin.py:188} INFO - [2024-06-05T19:24:55.162+0000] {dag.py:3954} INFO - Setting next_dagrun for example_subdag_operator.section-1 to None, run_after=None
[2024-06-05T19:24:55.163+0000] {logging_mixin.py:188} INFO - [2024-06-05T19:24:55.163+0000] {dag.py:3954} INFO - Setting next_dagrun for example_subdag_operator.section-2 to None, run_after=None
[2024-06-05T19:24:55.168+0000] {logging_mixin.py:188} INFO - [2024-06-05T19:24:55.168+0000] {dag.py:3096} INFO - Sync 2 DAGs
[2024-06-05T19:24:55.172+0000] {logging_mixin.py:188} INFO - [2024-06-05T19:24:55.172+0000] {dag.py:3954} INFO - Setting next_dagrun for example_subdag_operator.section-1 to None, run_after=None
[2024-06-05T19:24:55.172+0000] {logging_mixin.py:188} INFO - [2024-06-05T19:24:55.172+0000] {dag.py:3954} INFO - Setting next_dagrun for example_subdag_operator.section-2 to None, run_after=None
[2024-06-05T19:24:55.183+0000] {processor.py:183} INFO - Processing /home/airflow/.local/lib/python3.12/site-packages/airflow/example_dags/example_subdag_operator.py took 0.063 seconds
[2024-06-05T19:25:25.220+0000] {processor.py:161} INFO - Started process (PID=569) to work on /home/airflow/.local/lib/python3.12/site-packages/airflow/example_dags/example_subdag_operator.py
[2024-06-05T19:25:25.220+0000] {processor.py:830} INFO - Processing file /home/airflow/.local/lib/python3.12/site-packages/airflow/example_dags/example_subdag_operator.py for tasks to queue
[2024-06-05T19:25:25.221+0000] {logging_mixin.py:188} INFO - [2024-06-05T19:25:25.221+0000] {dagbag.py:545} INFO - Filling up the DagBag from /home/airflow/.local/lib/python3.12/site-packages/airflow/example_dags/example_subdag_operator.py
[2024-06-05T19:25:25.235+0000] {processor.py:840} INFO - DAG(s) 'example_subdag_operator.section-1', 'example_subdag_operator.section-2', 'example_subdag_operator' retrieved from /home/airflow/.local/lib/python3.12/site-packages/airflow/example_dags/example_subdag_operator.py
[2024-06-05T19:25:25.244+0000] {logging_mixin.py:188} INFO - [2024-06-05T19:25:25.244+0000] {dag.py:3096} INFO - Sync 3 DAGs
[2024-06-05T19:25:25.258+0000] {logging_mixin.py:188} INFO - [2024-06-05T19:25:25.257+0000] {dag.py:3954} INFO - Setting next_dagrun for example_subdag_operator to 2022-01-01 00:00:00+00:00, run_after=2022-01-01 00:00:00+00:00
[2024-06-05T19:25:25.260+0000] {logging_mixin.py:188} INFO - [2024-06-05T19:25:25.260+0000] {dag.py:3954} INFO - Setting next_dagrun for example_subdag_operator.section-1 to None, run_after=None
[2024-06-05T19:25:25.261+0000] {logging_mixin.py:188} INFO - [2024-06-05T19:25:25.261+0000] {dag.py:3954} INFO - Setting next_dagrun for example_subdag_operator.section-2 to None, run_after=None
[2024-06-05T19:25:25.265+0000] {logging_mixin.py:188} INFO - [2024-06-05T19:25:25.265+0000] {dag.py:3096} INFO - Sync 2 DAGs
[2024-06-05T19:25:25.268+0000] {logging_mixin.py:188} INFO - [2024-06-05T19:25:25.268+0000] {dag.py:3954} INFO - Setting next_dagrun for example_subdag_operator.section-1 to None, run_after=None
[2024-06-05T19:25:25.269+0000] {logging_mixin.py:188} INFO - [2024-06-05T19:25:25.269+0000] {dag.py:3954} INFO - Setting next_dagrun for example_subdag_operator.section-2 to None, run_after=None
[2024-06-05T19:25:25.282+0000] {processor.py:183} INFO - Processing /home/airflow/.local/lib/python3.12/site-packages/airflow/example_dags/example_subdag_operator.py took 0.065 seconds
[2024-06-05T19:34:39.944+0000] {processor.py:161} INFO - Started process (PID=46) to work on /home/airflow/.local/lib/python3.12/site-packages/airflow/example_dags/example_subdag_operator.py
[2024-06-05T19:34:39.945+0000] {processor.py:830} INFO - Processing file /home/airflow/.local/lib/python3.12/site-packages/airflow/example_dags/example_subdag_operator.py for tasks to queue
[2024-06-05T19:34:39.946+0000] {logging_mixin.py:188} INFO - [2024-06-05T19:34:39.946+0000] {dagbag.py:545} INFO - Filling up the DagBag from /home/airflow/.local/lib/python3.12/site-packages/airflow/example_dags/example_subdag_operator.py
[2024-06-05T19:34:39.960+0000] {processor.py:840} INFO - DAG(s) 'example_subdag_operator.section-1', 'example_subdag_operator.section-2', 'example_subdag_operator' retrieved from /home/airflow/.local/lib/python3.12/site-packages/airflow/example_dags/example_subdag_operator.py
[2024-06-05T19:34:39.977+0000] {logging_mixin.py:188} INFO - [2024-06-05T19:34:39.977+0000] {dag.py:3096} INFO - Sync 3 DAGs
[2024-06-05T19:34:39.991+0000] {logging_mixin.py:188} INFO - [2024-06-05T19:34:39.991+0000] {dag.py:3954} INFO - Setting next_dagrun for example_subdag_operator to 2022-01-01 00:00:00+00:00, run_after=2022-01-01 00:00:00+00:00
[2024-06-05T19:34:39.994+0000] {logging_mixin.py:188} INFO - [2024-06-05T19:34:39.994+0000] {dag.py:3954} INFO - Setting next_dagrun for example_subdag_operator.section-1 to None, run_after=None
[2024-06-05T19:34:39.995+0000] {logging_mixin.py:188} INFO - [2024-06-05T19:34:39.995+0000] {dag.py:3954} INFO - Setting next_dagrun for example_subdag_operator.section-2 to None, run_after=None
[2024-06-05T19:34:39.999+0000] {logging_mixin.py:188} INFO - [2024-06-05T19:34:39.999+0000] {dag.py:3096} INFO - Sync 2 DAGs
[2024-06-05T19:34:40.002+0000] {logging_mixin.py:188} INFO - [2024-06-05T19:34:40.002+0000] {dag.py:3954} INFO - Setting next_dagrun for example_subdag_operator.section-1 to None, run_after=None
[2024-06-05T19:34:40.003+0000] {logging_mixin.py:188} INFO - [2024-06-05T19:34:40.003+0000] {dag.py:3954} INFO - Setting next_dagrun for example_subdag_operator.section-2 to None, run_after=None
[2024-06-05T19:34:40.012+0000] {processor.py:183} INFO - Processing /home/airflow/.local/lib/python3.12/site-packages/airflow/example_dags/example_subdag_operator.py took 0.071 seconds
[2024-06-05T19:35:10.190+0000] {processor.py:161} INFO - Started process (PID=104) to work on /home/airflow/.local/lib/python3.12/site-packages/airflow/example_dags/example_subdag_operator.py
[2024-06-05T19:35:10.190+0000] {processor.py:830} INFO - Processing file /home/airflow/.local/lib/python3.12/site-packages/airflow/example_dags/example_subdag_operator.py for tasks to queue
[2024-06-05T19:35:10.192+0000] {logging_mixin.py:188} INFO - [2024-06-05T19:35:10.191+0000] {dagbag.py:545} INFO - Filling up the DagBag from /home/airflow/.local/lib/python3.12/site-packages/airflow/example_dags/example_subdag_operator.py
[2024-06-05T19:35:10.206+0000] {processor.py:840} INFO - DAG(s) 'example_subdag_operator.section-1', 'example_subdag_operator.section-2', 'example_subdag_operator' retrieved from /home/airflow/.local/lib/python3.12/site-packages/airflow/example_dags/example_subdag_operator.py
[2024-06-05T19:35:10.216+0000] {logging_mixin.py:188} INFO - [2024-06-05T19:35:10.216+0000] {dag.py:3096} INFO - Sync 3 DAGs
[2024-06-05T19:35:10.230+0000] {logging_mixin.py:188} INFO - [2024-06-05T19:35:10.229+0000] {dag.py:3954} INFO - Setting next_dagrun for example_subdag_operator to 2022-01-01 00:00:00+00:00, run_after=2022-01-01 00:00:00+00:00
[2024-06-05T19:35:10.234+0000] {logging_mixin.py:188} INFO - [2024-06-05T19:35:10.234+0000] {dag.py:3954} INFO - Setting next_dagrun for example_subdag_operator.section-1 to None, run_after=None
[2024-06-05T19:35:10.237+0000] {logging_mixin.py:188} INFO - [2024-06-05T19:35:10.237+0000] {dag.py:3954} INFO - Setting next_dagrun for example_subdag_operator.section-2 to None, run_after=None
[2024-06-05T19:35:10.243+0000] {logging_mixin.py:188} INFO - [2024-06-05T19:35:10.243+0000] {dag.py:3096} INFO - Sync 2 DAGs
[2024-06-05T19:35:10.250+0000] {logging_mixin.py:188} INFO - [2024-06-05T19:35:10.249+0000] {dag.py:3954} INFO - Setting next_dagrun for example_subdag_operator.section-1 to None, run_after=None
[2024-06-05T19:35:10.250+0000] {logging_mixin.py:188} INFO - [2024-06-05T19:35:10.250+0000] {dag.py:3954} INFO - Setting next_dagrun for example_subdag_operator.section-2 to None, run_after=None
[2024-06-05T19:35:10.261+0000] {processor.py:183} INFO - Processing /home/airflow/.local/lib/python3.12/site-packages/airflow/example_dags/example_subdag_operator.py took 0.075 seconds
