[2024-06-05T19:20:53.356+0000] {processor.py:161} INFO - Started process (PID=75) to work on /home/airflow/.local/lib/python3.12/site-packages/airflow/example_dags/example_datasets.py
[2024-06-05T19:20:53.356+0000] {processor.py:830} INFO - Processing file /home/airflow/.local/lib/python3.12/site-packages/airflow/example_dags/example_datasets.py for tasks to queue
[2024-06-05T19:20:53.357+0000] {logging_mixin.py:188} INFO - [2024-06-05T19:20:53.357+0000] {dagbag.py:545} INFO - Filling up the DagBag from /home/airflow/.local/lib/python3.12/site-packages/airflow/example_dags/example_datasets.py
[2024-06-05T19:20:53.368+0000] {processor.py:840} INFO - DAG(s) 'dataset_consumes_unknown_never_scheduled', 'dataset_produces_2', 'dataset_consumes_1_never_scheduled', 'consume_1_and_2_with_dataset_expressions', 'dataset_consumes_1', 'consume_1_or_2_with_dataset_expressions', 'conditional_dataset_and_time_based_timetable', 'dataset_produces_1', 'consume_1_or_both_2_and_3_with_dataset_expressions', 'dataset_consumes_1_and_2' retrieved from /home/airflow/.local/lib/python3.12/site-packages/airflow/example_dags/example_datasets.py
[2024-06-05T19:20:53.379+0000] {logging_mixin.py:188} INFO - [2024-06-05T19:20:53.378+0000] {dag.py:3096} INFO - Sync 10 DAGs
[2024-06-05T19:20:53.397+0000] {logging_mixin.py:188} INFO - [2024-06-05T19:20:53.397+0000] {dag.py:3954} INFO - Setting next_dagrun for conditional_dataset_and_time_based_timetable to 2024-06-05 01:00:00+00:00, run_after=2024-06-05 01:00:00+00:00
[2024-06-05T19:20:53.399+0000] {logging_mixin.py:188} INFO - [2024-06-05T19:20:53.399+0000] {dag.py:3954} INFO - Setting next_dagrun for consume_1_and_2_with_dataset_expressions to None, run_after=None
[2024-06-05T19:20:53.400+0000] {logging_mixin.py:188} INFO - [2024-06-05T19:20:53.400+0000] {dag.py:3954} INFO - Setting next_dagrun for consume_1_or_2_with_dataset_expressions to None, run_after=None
[2024-06-05T19:20:53.401+0000] {logging_mixin.py:188} INFO - [2024-06-05T19:20:53.401+0000] {dag.py:3954} INFO - Setting next_dagrun for consume_1_or_both_2_and_3_with_dataset_expressions to None, run_after=None
[2024-06-05T19:20:53.402+0000] {logging_mixin.py:188} INFO - [2024-06-05T19:20:53.402+0000] {dag.py:3954} INFO - Setting next_dagrun for dataset_consumes_1 to None, run_after=None
[2024-06-05T19:20:53.403+0000] {logging_mixin.py:188} INFO - [2024-06-05T19:20:53.403+0000] {dag.py:3954} INFO - Setting next_dagrun for dataset_consumes_1_and_2 to None, run_after=None
[2024-06-05T19:20:53.404+0000] {logging_mixin.py:188} INFO - [2024-06-05T19:20:53.404+0000] {dag.py:3954} INFO - Setting next_dagrun for dataset_consumes_1_never_scheduled to None, run_after=None
[2024-06-05T19:20:53.405+0000] {logging_mixin.py:188} INFO - [2024-06-05T19:20:53.405+0000] {dag.py:3954} INFO - Setting next_dagrun for dataset_consumes_unknown_never_scheduled to None, run_after=None
[2024-06-05T19:20:53.407+0000] {logging_mixin.py:188} INFO - [2024-06-05T19:20:53.407+0000] {dag.py:3954} INFO - Setting next_dagrun for dataset_produces_1 to 2024-06-04 00:00:00+00:00, run_after=2024-06-05 00:00:00+00:00
[2024-06-05T19:20:53.407+0000] {logging_mixin.py:188} INFO - [2024-06-05T19:20:53.407+0000] {dag.py:3954} INFO - Setting next_dagrun for dataset_produces_2 to None, run_after=None
[2024-06-05T19:20:53.433+0000] {processor.py:183} INFO - Processing /home/airflow/.local/lib/python3.12/site-packages/airflow/example_dags/example_datasets.py took 0.080 seconds
[2024-06-05T19:21:24.187+0000] {processor.py:161} INFO - Started process (PID=133) to work on /home/airflow/.local/lib/python3.12/site-packages/airflow/example_dags/example_datasets.py
[2024-06-05T19:21:24.188+0000] {processor.py:830} INFO - Processing file /home/airflow/.local/lib/python3.12/site-packages/airflow/example_dags/example_datasets.py for tasks to queue
[2024-06-05T19:21:24.189+0000] {logging_mixin.py:188} INFO - [2024-06-05T19:21:24.188+0000] {dagbag.py:545} INFO - Filling up the DagBag from /home/airflow/.local/lib/python3.12/site-packages/airflow/example_dags/example_datasets.py
[2024-06-05T19:21:24.196+0000] {processor.py:840} INFO - DAG(s) 'consume_1_or_both_2_and_3_with_dataset_expressions', 'dataset_consumes_1_and_2', 'consume_1_and_2_with_dataset_expressions', 'consume_1_or_2_with_dataset_expressions', 'dataset_consumes_1', 'dataset_produces_2', 'dataset_produces_1', 'conditional_dataset_and_time_based_timetable', 'dataset_consumes_1_never_scheduled', 'dataset_consumes_unknown_never_scheduled' retrieved from /home/airflow/.local/lib/python3.12/site-packages/airflow/example_dags/example_datasets.py
[2024-06-05T19:21:24.316+0000] {logging_mixin.py:188} INFO - [2024-06-05T19:21:24.316+0000] {dag.py:3096} INFO - Sync 10 DAGs
[2024-06-05T19:21:24.330+0000] {logging_mixin.py:188} INFO - [2024-06-05T19:21:24.329+0000] {dag.py:3954} INFO - Setting next_dagrun for conditional_dataset_and_time_based_timetable to 2024-06-05 01:00:00+00:00, run_after=2024-06-05 01:00:00+00:00
[2024-06-05T19:21:24.332+0000] {logging_mixin.py:188} INFO - [2024-06-05T19:21:24.332+0000] {dag.py:3954} INFO - Setting next_dagrun for consume_1_and_2_with_dataset_expressions to None, run_after=None
[2024-06-05T19:21:24.333+0000] {logging_mixin.py:188} INFO - [2024-06-05T19:21:24.333+0000] {dag.py:3954} INFO - Setting next_dagrun for consume_1_or_2_with_dataset_expressions to None, run_after=None
[2024-06-05T19:21:24.334+0000] {logging_mixin.py:188} INFO - [2024-06-05T19:21:24.334+0000] {dag.py:3954} INFO - Setting next_dagrun for consume_1_or_both_2_and_3_with_dataset_expressions to None, run_after=None
[2024-06-05T19:21:24.335+0000] {logging_mixin.py:188} INFO - [2024-06-05T19:21:24.335+0000] {dag.py:3954} INFO - Setting next_dagrun for dataset_consumes_1 to None, run_after=None
[2024-06-05T19:21:24.336+0000] {logging_mixin.py:188} INFO - [2024-06-05T19:21:24.336+0000] {dag.py:3954} INFO - Setting next_dagrun for dataset_consumes_1_and_2 to None, run_after=None
[2024-06-05T19:21:24.337+0000] {logging_mixin.py:188} INFO - [2024-06-05T19:21:24.337+0000] {dag.py:3954} INFO - Setting next_dagrun for dataset_consumes_1_never_scheduled to None, run_after=None
[2024-06-05T19:21:24.337+0000] {logging_mixin.py:188} INFO - [2024-06-05T19:21:24.337+0000] {dag.py:3954} INFO - Setting next_dagrun for dataset_consumes_unknown_never_scheduled to None, run_after=None
[2024-06-05T19:21:24.339+0000] {logging_mixin.py:188} INFO - [2024-06-05T19:21:24.339+0000] {dag.py:3954} INFO - Setting next_dagrun for dataset_produces_1 to 2024-06-04 00:00:00+00:00, run_after=2024-06-05 00:00:00+00:00
[2024-06-05T19:21:24.340+0000] {logging_mixin.py:188} INFO - [2024-06-05T19:21:24.340+0000] {dag.py:3954} INFO - Setting next_dagrun for dataset_produces_2 to None, run_after=None
[2024-06-05T19:21:24.365+0000] {processor.py:183} INFO - Processing /home/airflow/.local/lib/python3.12/site-packages/airflow/example_dags/example_datasets.py took 0.181 seconds
[2024-06-05T19:21:54.507+0000] {processor.py:161} INFO - Started process (PID=192) to work on /home/airflow/.local/lib/python3.12/site-packages/airflow/example_dags/example_datasets.py
[2024-06-05T19:21:54.507+0000] {processor.py:830} INFO - Processing file /home/airflow/.local/lib/python3.12/site-packages/airflow/example_dags/example_datasets.py for tasks to queue
[2024-06-05T19:21:54.509+0000] {logging_mixin.py:188} INFO - [2024-06-05T19:21:54.508+0000] {dagbag.py:545} INFO - Filling up the DagBag from /home/airflow/.local/lib/python3.12/site-packages/airflow/example_dags/example_datasets.py
[2024-06-05T19:21:54.517+0000] {processor.py:840} INFO - DAG(s) 'dataset_consumes_1_never_scheduled', 'dataset_consumes_unknown_never_scheduled', 'dataset_consumes_1', 'dataset_consumes_1_and_2', 'dataset_produces_1', 'consume_1_and_2_with_dataset_expressions', 'dataset_produces_2', 'consume_1_or_2_with_dataset_expressions', 'conditional_dataset_and_time_based_timetable', 'consume_1_or_both_2_and_3_with_dataset_expressions' retrieved from /home/airflow/.local/lib/python3.12/site-packages/airflow/example_dags/example_datasets.py
[2024-06-05T19:21:54.553+0000] {logging_mixin.py:188} INFO - [2024-06-05T19:21:54.553+0000] {dag.py:3096} INFO - Sync 10 DAGs
[2024-06-05T19:21:54.578+0000] {logging_mixin.py:188} INFO - [2024-06-05T19:21:54.577+0000] {dag.py:3954} INFO - Setting next_dagrun for conditional_dataset_and_time_based_timetable to 2024-06-05 01:00:00+00:00, run_after=2024-06-05 01:00:00+00:00
[2024-06-05T19:21:54.581+0000] {logging_mixin.py:188} INFO - [2024-06-05T19:21:54.581+0000] {dag.py:3954} INFO - Setting next_dagrun for consume_1_and_2_with_dataset_expressions to None, run_after=None
[2024-06-05T19:21:54.583+0000] {logging_mixin.py:188} INFO - [2024-06-05T19:21:54.583+0000] {dag.py:3954} INFO - Setting next_dagrun for consume_1_or_2_with_dataset_expressions to None, run_after=None
[2024-06-05T19:21:54.584+0000] {logging_mixin.py:188} INFO - [2024-06-05T19:21:54.584+0000] {dag.py:3954} INFO - Setting next_dagrun for consume_1_or_both_2_and_3_with_dataset_expressions to None, run_after=None
[2024-06-05T19:21:54.586+0000] {logging_mixin.py:188} INFO - [2024-06-05T19:21:54.586+0000] {dag.py:3954} INFO - Setting next_dagrun for dataset_consumes_1 to None, run_after=None
[2024-06-05T19:21:54.587+0000] {logging_mixin.py:188} INFO - [2024-06-05T19:21:54.587+0000] {dag.py:3954} INFO - Setting next_dagrun for dataset_consumes_1_and_2 to None, run_after=None
[2024-06-05T19:21:54.589+0000] {logging_mixin.py:188} INFO - [2024-06-05T19:21:54.588+0000] {dag.py:3954} INFO - Setting next_dagrun for dataset_consumes_1_never_scheduled to None, run_after=None
[2024-06-05T19:21:54.590+0000] {logging_mixin.py:188} INFO - [2024-06-05T19:21:54.590+0000] {dag.py:3954} INFO - Setting next_dagrun for dataset_consumes_unknown_never_scheduled to None, run_after=None
[2024-06-05T19:21:54.592+0000] {logging_mixin.py:188} INFO - [2024-06-05T19:21:54.592+0000] {dag.py:3954} INFO - Setting next_dagrun for dataset_produces_1 to 2024-06-04 00:00:00+00:00, run_after=2024-06-05 00:00:00+00:00
[2024-06-05T19:21:54.594+0000] {logging_mixin.py:188} INFO - [2024-06-05T19:21:54.594+0000] {dag.py:3954} INFO - Setting next_dagrun for dataset_produces_2 to None, run_after=None
[2024-06-05T19:21:54.633+0000] {processor.py:183} INFO - Processing /home/airflow/.local/lib/python3.12/site-packages/airflow/example_dags/example_datasets.py took 0.130 seconds
[2024-06-05T19:22:24.704+0000] {processor.py:161} INFO - Started process (PID=251) to work on /home/airflow/.local/lib/python3.12/site-packages/airflow/example_dags/example_datasets.py
[2024-06-05T19:22:24.704+0000] {processor.py:830} INFO - Processing file /home/airflow/.local/lib/python3.12/site-packages/airflow/example_dags/example_datasets.py for tasks to queue
[2024-06-05T19:22:24.706+0000] {logging_mixin.py:188} INFO - [2024-06-05T19:22:24.706+0000] {dagbag.py:545} INFO - Filling up the DagBag from /home/airflow/.local/lib/python3.12/site-packages/airflow/example_dags/example_datasets.py
[2024-06-05T19:22:24.714+0000] {processor.py:840} INFO - DAG(s) 'dataset_consumes_unknown_never_scheduled', 'conditional_dataset_and_time_based_timetable', 'dataset_produces_2', 'dataset_produces_1', 'consume_1_or_2_with_dataset_expressions', 'dataset_consumes_1', 'dataset_consumes_1_and_2', 'consume_1_or_both_2_and_3_with_dataset_expressions', 'dataset_consumes_1_never_scheduled', 'consume_1_and_2_with_dataset_expressions' retrieved from /home/airflow/.local/lib/python3.12/site-packages/airflow/example_dags/example_datasets.py
[2024-06-05T19:22:24.743+0000] {logging_mixin.py:188} INFO - [2024-06-05T19:22:24.743+0000] {dag.py:3096} INFO - Sync 10 DAGs
[2024-06-05T19:22:24.759+0000] {logging_mixin.py:188} INFO - [2024-06-05T19:22:24.759+0000] {dag.py:3954} INFO - Setting next_dagrun for conditional_dataset_and_time_based_timetable to 2024-06-05 01:00:00+00:00, run_after=2024-06-05 01:00:00+00:00
[2024-06-05T19:22:24.763+0000] {logging_mixin.py:188} INFO - [2024-06-05T19:22:24.762+0000] {dag.py:3954} INFO - Setting next_dagrun for consume_1_and_2_with_dataset_expressions to None, run_after=None
[2024-06-05T19:22:24.763+0000] {logging_mixin.py:188} INFO - [2024-06-05T19:22:24.763+0000] {dag.py:3954} INFO - Setting next_dagrun for consume_1_or_2_with_dataset_expressions to None, run_after=None
[2024-06-05T19:22:24.765+0000] {logging_mixin.py:188} INFO - [2024-06-05T19:22:24.765+0000] {dag.py:3954} INFO - Setting next_dagrun for consume_1_or_both_2_and_3_with_dataset_expressions to None, run_after=None
[2024-06-05T19:22:24.766+0000] {logging_mixin.py:188} INFO - [2024-06-05T19:22:24.766+0000] {dag.py:3954} INFO - Setting next_dagrun for dataset_consumes_1 to None, run_after=None
[2024-06-05T19:22:24.767+0000] {logging_mixin.py:188} INFO - [2024-06-05T19:22:24.767+0000] {dag.py:3954} INFO - Setting next_dagrun for dataset_consumes_1_and_2 to None, run_after=None
[2024-06-05T19:22:24.768+0000] {logging_mixin.py:188} INFO - [2024-06-05T19:22:24.767+0000] {dag.py:3954} INFO - Setting next_dagrun for dataset_consumes_1_never_scheduled to None, run_after=None
[2024-06-05T19:22:24.768+0000] {logging_mixin.py:188} INFO - [2024-06-05T19:22:24.768+0000] {dag.py:3954} INFO - Setting next_dagrun for dataset_consumes_unknown_never_scheduled to None, run_after=None
[2024-06-05T19:22:24.770+0000] {logging_mixin.py:188} INFO - [2024-06-05T19:22:24.770+0000] {dag.py:3954} INFO - Setting next_dagrun for dataset_produces_1 to 2024-06-04 00:00:00+00:00, run_after=2024-06-05 00:00:00+00:00
[2024-06-05T19:22:24.771+0000] {logging_mixin.py:188} INFO - [2024-06-05T19:22:24.771+0000] {dag.py:3954} INFO - Setting next_dagrun for dataset_produces_2 to None, run_after=None
[2024-06-05T19:22:24.797+0000] {processor.py:183} INFO - Processing /home/airflow/.local/lib/python3.12/site-packages/airflow/example_dags/example_datasets.py took 0.097 seconds
[2024-06-05T19:22:54.890+0000] {processor.py:161} INFO - Started process (PID=308) to work on /home/airflow/.local/lib/python3.12/site-packages/airflow/example_dags/example_datasets.py
[2024-06-05T19:22:54.890+0000] {processor.py:830} INFO - Processing file /home/airflow/.local/lib/python3.12/site-packages/airflow/example_dags/example_datasets.py for tasks to queue
[2024-06-05T19:22:54.892+0000] {logging_mixin.py:188} INFO - [2024-06-05T19:22:54.891+0000] {dagbag.py:545} INFO - Filling up the DagBag from /home/airflow/.local/lib/python3.12/site-packages/airflow/example_dags/example_datasets.py
[2024-06-05T19:22:54.900+0000] {processor.py:840} INFO - DAG(s) 'consume_1_and_2_with_dataset_expressions', 'dataset_produces_2', 'dataset_consumes_1', 'dataset_consumes_unknown_never_scheduled', 'conditional_dataset_and_time_based_timetable', 'dataset_consumes_1_never_scheduled', 'consume_1_or_2_with_dataset_expressions', 'dataset_consumes_1_and_2', 'consume_1_or_both_2_and_3_with_dataset_expressions', 'dataset_produces_1' retrieved from /home/airflow/.local/lib/python3.12/site-packages/airflow/example_dags/example_datasets.py
[2024-06-05T19:22:54.937+0000] {logging_mixin.py:188} INFO - [2024-06-05T19:22:54.936+0000] {dag.py:3096} INFO - Sync 10 DAGs
[2024-06-05T19:22:54.955+0000] {logging_mixin.py:188} INFO - [2024-06-05T19:22:54.955+0000] {dag.py:3954} INFO - Setting next_dagrun for conditional_dataset_and_time_based_timetable to 2024-06-05 01:00:00+00:00, run_after=2024-06-05 01:00:00+00:00
[2024-06-05T19:22:54.959+0000] {logging_mixin.py:188} INFO - [2024-06-05T19:22:54.959+0000] {dag.py:3954} INFO - Setting next_dagrun for consume_1_and_2_with_dataset_expressions to None, run_after=None
[2024-06-05T19:22:54.960+0000] {logging_mixin.py:188} INFO - [2024-06-05T19:22:54.960+0000] {dag.py:3954} INFO - Setting next_dagrun for consume_1_or_2_with_dataset_expressions to None, run_after=None
[2024-06-05T19:22:54.961+0000] {logging_mixin.py:188} INFO - [2024-06-05T19:22:54.961+0000] {dag.py:3954} INFO - Setting next_dagrun for consume_1_or_both_2_and_3_with_dataset_expressions to None, run_after=None
[2024-06-05T19:22:54.962+0000] {logging_mixin.py:188} INFO - [2024-06-05T19:22:54.962+0000] {dag.py:3954} INFO - Setting next_dagrun for dataset_consumes_1 to None, run_after=None
[2024-06-05T19:22:54.963+0000] {logging_mixin.py:188} INFO - [2024-06-05T19:22:54.963+0000] {dag.py:3954} INFO - Setting next_dagrun for dataset_consumes_1_and_2 to None, run_after=None
[2024-06-05T19:22:54.964+0000] {logging_mixin.py:188} INFO - [2024-06-05T19:22:54.964+0000] {dag.py:3954} INFO - Setting next_dagrun for dataset_consumes_1_never_scheduled to None, run_after=None
[2024-06-05T19:22:54.965+0000] {logging_mixin.py:188} INFO - [2024-06-05T19:22:54.965+0000] {dag.py:3954} INFO - Setting next_dagrun for dataset_consumes_unknown_never_scheduled to None, run_after=None
[2024-06-05T19:22:54.967+0000] {logging_mixin.py:188} INFO - [2024-06-05T19:22:54.967+0000] {dag.py:3954} INFO - Setting next_dagrun for dataset_produces_1 to 2024-06-04 00:00:00+00:00, run_after=2024-06-05 00:00:00+00:00
[2024-06-05T19:22:54.968+0000] {logging_mixin.py:188} INFO - [2024-06-05T19:22:54.968+0000] {dag.py:3954} INFO - Setting next_dagrun for dataset_produces_2 to None, run_after=None
[2024-06-05T19:22:54.996+0000] {processor.py:183} INFO - Processing /home/airflow/.local/lib/python3.12/site-packages/airflow/example_dags/example_datasets.py took 0.111 seconds
[2024-06-05T19:23:25.167+0000] {processor.py:161} INFO - Started process (PID=366) to work on /home/airflow/.local/lib/python3.12/site-packages/airflow/example_dags/example_datasets.py
[2024-06-05T19:23:25.168+0000] {processor.py:830} INFO - Processing file /home/airflow/.local/lib/python3.12/site-packages/airflow/example_dags/example_datasets.py for tasks to queue
[2024-06-05T19:23:25.169+0000] {logging_mixin.py:188} INFO - [2024-06-05T19:23:25.169+0000] {dagbag.py:545} INFO - Filling up the DagBag from /home/airflow/.local/lib/python3.12/site-packages/airflow/example_dags/example_datasets.py
[2024-06-05T19:23:25.177+0000] {processor.py:840} INFO - DAG(s) 'dataset_produces_1', 'consume_1_and_2_with_dataset_expressions', 'consume_1_or_both_2_and_3_with_dataset_expressions', 'consume_1_or_2_with_dataset_expressions', 'dataset_consumes_1', 'dataset_produces_2', 'conditional_dataset_and_time_based_timetable', 'dataset_consumes_1_never_scheduled', 'dataset_consumes_unknown_never_scheduled', 'dataset_consumes_1_and_2' retrieved from /home/airflow/.local/lib/python3.12/site-packages/airflow/example_dags/example_datasets.py
[2024-06-05T19:23:25.205+0000] {logging_mixin.py:188} INFO - [2024-06-05T19:23:25.205+0000] {dag.py:3096} INFO - Sync 10 DAGs
[2024-06-05T19:23:25.222+0000] {logging_mixin.py:188} INFO - [2024-06-05T19:23:25.221+0000] {dag.py:3954} INFO - Setting next_dagrun for conditional_dataset_and_time_based_timetable to 2024-06-05 01:00:00+00:00, run_after=2024-06-05 01:00:00+00:00
[2024-06-05T19:23:25.225+0000] {logging_mixin.py:188} INFO - [2024-06-05T19:23:25.225+0000] {dag.py:3954} INFO - Setting next_dagrun for consume_1_and_2_with_dataset_expressions to None, run_after=None
[2024-06-05T19:23:25.226+0000] {logging_mixin.py:188} INFO - [2024-06-05T19:23:25.225+0000] {dag.py:3954} INFO - Setting next_dagrun for consume_1_or_2_with_dataset_expressions to None, run_after=None
[2024-06-05T19:23:25.227+0000] {logging_mixin.py:188} INFO - [2024-06-05T19:23:25.226+0000] {dag.py:3954} INFO - Setting next_dagrun for consume_1_or_both_2_and_3_with_dataset_expressions to None, run_after=None
[2024-06-05T19:23:25.227+0000] {logging_mixin.py:188} INFO - [2024-06-05T19:23:25.227+0000] {dag.py:3954} INFO - Setting next_dagrun for dataset_consumes_1 to None, run_after=None
[2024-06-05T19:23:25.228+0000] {logging_mixin.py:188} INFO - [2024-06-05T19:23:25.228+0000] {dag.py:3954} INFO - Setting next_dagrun for dataset_consumes_1_and_2 to None, run_after=None
[2024-06-05T19:23:25.229+0000] {logging_mixin.py:188} INFO - [2024-06-05T19:23:25.229+0000] {dag.py:3954} INFO - Setting next_dagrun for dataset_consumes_1_never_scheduled to None, run_after=None
[2024-06-05T19:23:25.230+0000] {logging_mixin.py:188} INFO - [2024-06-05T19:23:25.230+0000] {dag.py:3954} INFO - Setting next_dagrun for dataset_consumes_unknown_never_scheduled to None, run_after=None
[2024-06-05T19:23:25.232+0000] {logging_mixin.py:188} INFO - [2024-06-05T19:23:25.232+0000] {dag.py:3954} INFO - Setting next_dagrun for dataset_produces_1 to 2024-06-04 00:00:00+00:00, run_after=2024-06-05 00:00:00+00:00
[2024-06-05T19:23:25.233+0000] {logging_mixin.py:188} INFO - [2024-06-05T19:23:25.232+0000] {dag.py:3954} INFO - Setting next_dagrun for dataset_produces_2 to None, run_after=None
[2024-06-05T19:23:25.254+0000] {processor.py:183} INFO - Processing /home/airflow/.local/lib/python3.12/site-packages/airflow/example_dags/example_datasets.py took 0.090 seconds
[2024-06-05T19:23:55.309+0000] {processor.py:161} INFO - Started process (PID=424) to work on /home/airflow/.local/lib/python3.12/site-packages/airflow/example_dags/example_datasets.py
[2024-06-05T19:23:55.309+0000] {processor.py:830} INFO - Processing file /home/airflow/.local/lib/python3.12/site-packages/airflow/example_dags/example_datasets.py for tasks to queue
[2024-06-05T19:23:55.311+0000] {logging_mixin.py:188} INFO - [2024-06-05T19:23:55.311+0000] {dagbag.py:545} INFO - Filling up the DagBag from /home/airflow/.local/lib/python3.12/site-packages/airflow/example_dags/example_datasets.py
[2024-06-05T19:23:55.319+0000] {processor.py:840} INFO - DAG(s) 'consume_1_and_2_with_dataset_expressions', 'dataset_consumes_1', 'dataset_produces_1', 'dataset_consumes_unknown_never_scheduled', 'consume_1_or_both_2_and_3_with_dataset_expressions', 'conditional_dataset_and_time_based_timetable', 'dataset_consumes_1_and_2', 'dataset_produces_2', 'consume_1_or_2_with_dataset_expressions', 'dataset_consumes_1_never_scheduled' retrieved from /home/airflow/.local/lib/python3.12/site-packages/airflow/example_dags/example_datasets.py
[2024-06-05T19:23:55.350+0000] {logging_mixin.py:188} INFO - [2024-06-05T19:23:55.350+0000] {dag.py:3096} INFO - Sync 10 DAGs
[2024-06-05T19:23:55.366+0000] {logging_mixin.py:188} INFO - [2024-06-05T19:23:55.366+0000] {dag.py:3954} INFO - Setting next_dagrun for conditional_dataset_and_time_based_timetable to 2024-06-05 01:00:00+00:00, run_after=2024-06-05 01:00:00+00:00
[2024-06-05T19:23:55.368+0000] {logging_mixin.py:188} INFO - [2024-06-05T19:23:55.368+0000] {dag.py:3954} INFO - Setting next_dagrun for consume_1_and_2_with_dataset_expressions to None, run_after=None
[2024-06-05T19:23:55.369+0000] {logging_mixin.py:188} INFO - [2024-06-05T19:23:55.369+0000] {dag.py:3954} INFO - Setting next_dagrun for consume_1_or_2_with_dataset_expressions to None, run_after=None
[2024-06-05T19:23:55.370+0000] {logging_mixin.py:188} INFO - [2024-06-05T19:23:55.370+0000] {dag.py:3954} INFO - Setting next_dagrun for consume_1_or_both_2_and_3_with_dataset_expressions to None, run_after=None
[2024-06-05T19:23:55.371+0000] {logging_mixin.py:188} INFO - [2024-06-05T19:23:55.371+0000] {dag.py:3954} INFO - Setting next_dagrun for dataset_consumes_1 to None, run_after=None
[2024-06-05T19:23:55.372+0000] {logging_mixin.py:188} INFO - [2024-06-05T19:23:55.371+0000] {dag.py:3954} INFO - Setting next_dagrun for dataset_consumes_1_and_2 to None, run_after=None
[2024-06-05T19:23:55.372+0000] {logging_mixin.py:188} INFO - [2024-06-05T19:23:55.372+0000] {dag.py:3954} INFO - Setting next_dagrun for dataset_consumes_1_never_scheduled to None, run_after=None
[2024-06-05T19:23:55.373+0000] {logging_mixin.py:188} INFO - [2024-06-05T19:23:55.373+0000] {dag.py:3954} INFO - Setting next_dagrun for dataset_consumes_unknown_never_scheduled to None, run_after=None
[2024-06-05T19:23:55.374+0000] {logging_mixin.py:188} INFO - [2024-06-05T19:23:55.374+0000] {dag.py:3954} INFO - Setting next_dagrun for dataset_produces_1 to 2024-06-04 00:00:00+00:00, run_after=2024-06-05 00:00:00+00:00
[2024-06-05T19:23:55.375+0000] {logging_mixin.py:188} INFO - [2024-06-05T19:23:55.375+0000] {dag.py:3954} INFO - Setting next_dagrun for dataset_produces_2 to None, run_after=None
[2024-06-05T19:23:55.399+0000] {processor.py:183} INFO - Processing /home/airflow/.local/lib/python3.12/site-packages/airflow/example_dags/example_datasets.py took 0.094 seconds
[2024-06-05T19:24:26.409+0000] {processor.py:161} INFO - Started process (PID=482) to work on /home/airflow/.local/lib/python3.12/site-packages/airflow/example_dags/example_datasets.py
[2024-06-05T19:24:26.410+0000] {processor.py:830} INFO - Processing file /home/airflow/.local/lib/python3.12/site-packages/airflow/example_dags/example_datasets.py for tasks to queue
[2024-06-05T19:24:26.411+0000] {logging_mixin.py:188} INFO - [2024-06-05T19:24:26.411+0000] {dagbag.py:545} INFO - Filling up the DagBag from /home/airflow/.local/lib/python3.12/site-packages/airflow/example_dags/example_datasets.py
[2024-06-05T19:24:26.419+0000] {processor.py:840} INFO - DAG(s) 'dataset_consumes_1_never_scheduled', 'consume_1_or_2_with_dataset_expressions', 'dataset_consumes_1', 'dataset_consumes_1_and_2', 'consume_1_and_2_with_dataset_expressions', 'consume_1_or_both_2_and_3_with_dataset_expressions', 'dataset_produces_1', 'dataset_consumes_unknown_never_scheduled', 'dataset_produces_2', 'conditional_dataset_and_time_based_timetable' retrieved from /home/airflow/.local/lib/python3.12/site-packages/airflow/example_dags/example_datasets.py
[2024-06-05T19:24:26.449+0000] {logging_mixin.py:188} INFO - [2024-06-05T19:24:26.449+0000] {dag.py:3096} INFO - Sync 10 DAGs
[2024-06-05T19:24:26.465+0000] {logging_mixin.py:188} INFO - [2024-06-05T19:24:26.465+0000] {dag.py:3954} INFO - Setting next_dagrun for conditional_dataset_and_time_based_timetable to 2024-06-05 01:00:00+00:00, run_after=2024-06-05 01:00:00+00:00
[2024-06-05T19:24:26.467+0000] {logging_mixin.py:188} INFO - [2024-06-05T19:24:26.467+0000] {dag.py:3954} INFO - Setting next_dagrun for consume_1_and_2_with_dataset_expressions to None, run_after=None
[2024-06-05T19:24:26.469+0000] {logging_mixin.py:188} INFO - [2024-06-05T19:24:26.468+0000] {dag.py:3954} INFO - Setting next_dagrun for consume_1_or_2_with_dataset_expressions to None, run_after=None
[2024-06-05T19:24:26.469+0000] {logging_mixin.py:188} INFO - [2024-06-05T19:24:26.469+0000] {dag.py:3954} INFO - Setting next_dagrun for consume_1_or_both_2_and_3_with_dataset_expressions to None, run_after=None
[2024-06-05T19:24:26.470+0000] {logging_mixin.py:188} INFO - [2024-06-05T19:24:26.470+0000] {dag.py:3954} INFO - Setting next_dagrun for dataset_consumes_1 to None, run_after=None
[2024-06-05T19:24:26.471+0000] {logging_mixin.py:188} INFO - [2024-06-05T19:24:26.471+0000] {dag.py:3954} INFO - Setting next_dagrun for dataset_consumes_1_and_2 to None, run_after=None
[2024-06-05T19:24:26.472+0000] {logging_mixin.py:188} INFO - [2024-06-05T19:24:26.472+0000] {dag.py:3954} INFO - Setting next_dagrun for dataset_consumes_1_never_scheduled to None, run_after=None
[2024-06-05T19:24:26.473+0000] {logging_mixin.py:188} INFO - [2024-06-05T19:24:26.472+0000] {dag.py:3954} INFO - Setting next_dagrun for dataset_consumes_unknown_never_scheduled to None, run_after=None
[2024-06-05T19:24:26.474+0000] {logging_mixin.py:188} INFO - [2024-06-05T19:24:26.474+0000] {dag.py:3954} INFO - Setting next_dagrun for dataset_produces_1 to 2024-06-04 00:00:00+00:00, run_after=2024-06-05 00:00:00+00:00
[2024-06-05T19:24:26.475+0000] {logging_mixin.py:188} INFO - [2024-06-05T19:24:26.475+0000] {dag.py:3954} INFO - Setting next_dagrun for dataset_produces_2 to None, run_after=None
[2024-06-05T19:24:26.497+0000] {processor.py:183} INFO - Processing /home/airflow/.local/lib/python3.12/site-packages/airflow/example_dags/example_datasets.py took 0.091 seconds
[2024-06-05T19:24:57.185+0000] {processor.py:161} INFO - Started process (PID=540) to work on /home/airflow/.local/lib/python3.12/site-packages/airflow/example_dags/example_datasets.py
[2024-06-05T19:24:57.186+0000] {processor.py:830} INFO - Processing file /home/airflow/.local/lib/python3.12/site-packages/airflow/example_dags/example_datasets.py for tasks to queue
[2024-06-05T19:24:57.187+0000] {logging_mixin.py:188} INFO - [2024-06-05T19:24:57.187+0000] {dagbag.py:545} INFO - Filling up the DagBag from /home/airflow/.local/lib/python3.12/site-packages/airflow/example_dags/example_datasets.py
[2024-06-05T19:24:57.195+0000] {processor.py:840} INFO - DAG(s) 'dataset_produces_1', 'dataset_consumes_1_never_scheduled', 'consume_1_or_2_with_dataset_expressions', 'conditional_dataset_and_time_based_timetable', 'dataset_consumes_1', 'dataset_consumes_unknown_never_scheduled', 'dataset_consumes_1_and_2', 'dataset_produces_2', 'consume_1_or_both_2_and_3_with_dataset_expressions', 'consume_1_and_2_with_dataset_expressions' retrieved from /home/airflow/.local/lib/python3.12/site-packages/airflow/example_dags/example_datasets.py
[2024-06-05T19:24:57.226+0000] {logging_mixin.py:188} INFO - [2024-06-05T19:24:57.226+0000] {dag.py:3096} INFO - Sync 10 DAGs
[2024-06-05T19:24:57.243+0000] {logging_mixin.py:188} INFO - [2024-06-05T19:24:57.243+0000] {dag.py:3954} INFO - Setting next_dagrun for conditional_dataset_and_time_based_timetable to 2024-06-05 01:00:00+00:00, run_after=2024-06-05 01:00:00+00:00
[2024-06-05T19:24:57.246+0000] {logging_mixin.py:188} INFO - [2024-06-05T19:24:57.246+0000] {dag.py:3954} INFO - Setting next_dagrun for consume_1_and_2_with_dataset_expressions to None, run_after=None
[2024-06-05T19:24:57.248+0000] {logging_mixin.py:188} INFO - [2024-06-05T19:24:57.247+0000] {dag.py:3954} INFO - Setting next_dagrun for consume_1_or_2_with_dataset_expressions to None, run_after=None
[2024-06-05T19:24:57.249+0000] {logging_mixin.py:188} INFO - [2024-06-05T19:24:57.249+0000] {dag.py:3954} INFO - Setting next_dagrun for consume_1_or_both_2_and_3_with_dataset_expressions to None, run_after=None
[2024-06-05T19:24:57.250+0000] {logging_mixin.py:188} INFO - [2024-06-05T19:24:57.250+0000] {dag.py:3954} INFO - Setting next_dagrun for dataset_consumes_1 to None, run_after=None
[2024-06-05T19:24:57.251+0000] {logging_mixin.py:188} INFO - [2024-06-05T19:24:57.250+0000] {dag.py:3954} INFO - Setting next_dagrun for dataset_consumes_1_and_2 to None, run_after=None
[2024-06-05T19:24:57.252+0000] {logging_mixin.py:188} INFO - [2024-06-05T19:24:57.252+0000] {dag.py:3954} INFO - Setting next_dagrun for dataset_consumes_1_never_scheduled to None, run_after=None
[2024-06-05T19:24:57.253+0000] {logging_mixin.py:188} INFO - [2024-06-05T19:24:57.253+0000] {dag.py:3954} INFO - Setting next_dagrun for dataset_consumes_unknown_never_scheduled to None, run_after=None
[2024-06-05T19:24:57.255+0000] {logging_mixin.py:188} INFO - [2024-06-05T19:24:57.255+0000] {dag.py:3954} INFO - Setting next_dagrun for dataset_produces_1 to 2024-06-04 00:00:00+00:00, run_after=2024-06-05 00:00:00+00:00
[2024-06-05T19:24:57.256+0000] {logging_mixin.py:188} INFO - [2024-06-05T19:24:57.256+0000] {dag.py:3954} INFO - Setting next_dagrun for dataset_produces_2 to None, run_after=None
[2024-06-05T19:24:57.282+0000] {processor.py:183} INFO - Processing /home/airflow/.local/lib/python3.12/site-packages/airflow/example_dags/example_datasets.py took 0.100 seconds
[2024-06-05T19:25:27.406+0000] {processor.py:161} INFO - Started process (PID=598) to work on /home/airflow/.local/lib/python3.12/site-packages/airflow/example_dags/example_datasets.py
[2024-06-05T19:25:27.407+0000] {processor.py:830} INFO - Processing file /home/airflow/.local/lib/python3.12/site-packages/airflow/example_dags/example_datasets.py for tasks to queue
[2024-06-05T19:25:27.408+0000] {logging_mixin.py:188} INFO - [2024-06-05T19:25:27.407+0000] {dagbag.py:545} INFO - Filling up the DagBag from /home/airflow/.local/lib/python3.12/site-packages/airflow/example_dags/example_datasets.py
[2024-06-05T19:25:27.415+0000] {processor.py:840} INFO - DAG(s) 'consume_1_or_2_with_dataset_expressions', 'consume_1_and_2_with_dataset_expressions', 'conditional_dataset_and_time_based_timetable', 'dataset_consumes_unknown_never_scheduled', 'dataset_consumes_1', 'consume_1_or_both_2_and_3_with_dataset_expressions', 'dataset_produces_2', 'dataset_consumes_1_and_2', 'dataset_produces_1', 'dataset_consumes_1_never_scheduled' retrieved from /home/airflow/.local/lib/python3.12/site-packages/airflow/example_dags/example_datasets.py
[2024-06-05T19:25:27.442+0000] {logging_mixin.py:188} INFO - [2024-06-05T19:25:27.442+0000] {dag.py:3096} INFO - Sync 10 DAGs
[2024-06-05T19:25:27.456+0000] {logging_mixin.py:188} INFO - [2024-06-05T19:25:27.456+0000] {dag.py:3954} INFO - Setting next_dagrun for conditional_dataset_and_time_based_timetable to 2024-06-05 01:00:00+00:00, run_after=2024-06-05 01:00:00+00:00
[2024-06-05T19:25:27.458+0000] {logging_mixin.py:188} INFO - [2024-06-05T19:25:27.458+0000] {dag.py:3954} INFO - Setting next_dagrun for consume_1_and_2_with_dataset_expressions to None, run_after=None
[2024-06-05T19:25:27.459+0000] {logging_mixin.py:188} INFO - [2024-06-05T19:25:27.459+0000] {dag.py:3954} INFO - Setting next_dagrun for consume_1_or_2_with_dataset_expressions to None, run_after=None
[2024-06-05T19:25:27.460+0000] {logging_mixin.py:188} INFO - [2024-06-05T19:25:27.460+0000] {dag.py:3954} INFO - Setting next_dagrun for consume_1_or_both_2_and_3_with_dataset_expressions to None, run_after=None
[2024-06-05T19:25:27.461+0000] {logging_mixin.py:188} INFO - [2024-06-05T19:25:27.461+0000] {dag.py:3954} INFO - Setting next_dagrun for dataset_consumes_1 to None, run_after=None
[2024-06-05T19:25:27.461+0000] {logging_mixin.py:188} INFO - [2024-06-05T19:25:27.461+0000] {dag.py:3954} INFO - Setting next_dagrun for dataset_consumes_1_and_2 to None, run_after=None
[2024-06-05T19:25:27.462+0000] {logging_mixin.py:188} INFO - [2024-06-05T19:25:27.462+0000] {dag.py:3954} INFO - Setting next_dagrun for dataset_consumes_1_never_scheduled to None, run_after=None
[2024-06-05T19:25:27.463+0000] {logging_mixin.py:188} INFO - [2024-06-05T19:25:27.463+0000] {dag.py:3954} INFO - Setting next_dagrun for dataset_consumes_unknown_never_scheduled to None, run_after=None
[2024-06-05T19:25:27.465+0000] {logging_mixin.py:188} INFO - [2024-06-05T19:25:27.465+0000] {dag.py:3954} INFO - Setting next_dagrun for dataset_produces_1 to 2024-06-04 00:00:00+00:00, run_after=2024-06-05 00:00:00+00:00
[2024-06-05T19:25:27.466+0000] {logging_mixin.py:188} INFO - [2024-06-05T19:25:27.466+0000] {dag.py:3954} INFO - Setting next_dagrun for dataset_produces_2 to None, run_after=None
[2024-06-05T19:25:27.488+0000] {processor.py:183} INFO - Processing /home/airflow/.local/lib/python3.12/site-packages/airflow/example_dags/example_datasets.py took 0.084 seconds
[2024-06-05T19:34:41.324+0000] {processor.py:161} INFO - Started process (PID=75) to work on /home/airflow/.local/lib/python3.12/site-packages/airflow/example_dags/example_datasets.py
[2024-06-05T19:34:41.325+0000] {processor.py:830} INFO - Processing file /home/airflow/.local/lib/python3.12/site-packages/airflow/example_dags/example_datasets.py for tasks to queue
[2024-06-05T19:34:41.326+0000] {logging_mixin.py:188} INFO - [2024-06-05T19:34:41.326+0000] {dagbag.py:545} INFO - Filling up the DagBag from /home/airflow/.local/lib/python3.12/site-packages/airflow/example_dags/example_datasets.py
[2024-06-05T19:34:41.335+0000] {processor.py:840} INFO - DAG(s) 'dataset_produces_2', 'dataset_consumes_1_never_scheduled', 'dataset_consumes_1', 'conditional_dataset_and_time_based_timetable', 'consume_1_or_2_with_dataset_expressions', 'dataset_consumes_1_and_2', 'consume_1_or_both_2_and_3_with_dataset_expressions', 'dataset_produces_1', 'dataset_consumes_unknown_never_scheduled', 'consume_1_and_2_with_dataset_expressions' retrieved from /home/airflow/.local/lib/python3.12/site-packages/airflow/example_dags/example_datasets.py
[2024-06-05T19:34:41.371+0000] {logging_mixin.py:188} INFO - [2024-06-05T19:34:41.371+0000] {dag.py:3096} INFO - Sync 10 DAGs
[2024-06-05T19:34:41.387+0000] {logging_mixin.py:188} INFO - [2024-06-05T19:34:41.387+0000] {dag.py:3954} INFO - Setting next_dagrun for conditional_dataset_and_time_based_timetable to 2024-06-05 01:00:00+00:00, run_after=2024-06-05 01:00:00+00:00
[2024-06-05T19:34:41.390+0000] {logging_mixin.py:188} INFO - [2024-06-05T19:34:41.390+0000] {dag.py:3954} INFO - Setting next_dagrun for consume_1_and_2_with_dataset_expressions to None, run_after=None
[2024-06-05T19:34:41.391+0000] {logging_mixin.py:188} INFO - [2024-06-05T19:34:41.391+0000] {dag.py:3954} INFO - Setting next_dagrun for consume_1_or_2_with_dataset_expressions to None, run_after=None
[2024-06-05T19:34:41.392+0000] {logging_mixin.py:188} INFO - [2024-06-05T19:34:41.392+0000] {dag.py:3954} INFO - Setting next_dagrun for consume_1_or_both_2_and_3_with_dataset_expressions to None, run_after=None
[2024-06-05T19:34:41.393+0000] {logging_mixin.py:188} INFO - [2024-06-05T19:34:41.393+0000] {dag.py:3954} INFO - Setting next_dagrun for dataset_consumes_1 to None, run_after=None
[2024-06-05T19:34:41.394+0000] {logging_mixin.py:188} INFO - [2024-06-05T19:34:41.394+0000] {dag.py:3954} INFO - Setting next_dagrun for dataset_consumes_1_and_2 to None, run_after=None
[2024-06-05T19:34:41.395+0000] {logging_mixin.py:188} INFO - [2024-06-05T19:34:41.394+0000] {dag.py:3954} INFO - Setting next_dagrun for dataset_consumes_1_never_scheduled to None, run_after=None
[2024-06-05T19:34:41.395+0000] {logging_mixin.py:188} INFO - [2024-06-05T19:34:41.395+0000] {dag.py:3954} INFO - Setting next_dagrun for dataset_consumes_unknown_never_scheduled to None, run_after=None
[2024-06-05T19:34:41.397+0000] {logging_mixin.py:188} INFO - [2024-06-05T19:34:41.397+0000] {dag.py:3954} INFO - Setting next_dagrun for dataset_produces_1 to 2024-06-04 00:00:00+00:00, run_after=2024-06-05 00:00:00+00:00
[2024-06-05T19:34:41.398+0000] {logging_mixin.py:188} INFO - [2024-06-05T19:34:41.398+0000] {dag.py:3954} INFO - Setting next_dagrun for dataset_produces_2 to None, run_after=None
[2024-06-05T19:34:41.423+0000] {processor.py:183} INFO - Processing /home/airflow/.local/lib/python3.12/site-packages/airflow/example_dags/example_datasets.py took 0.103 seconds
[2024-06-05T19:35:11.847+0000] {processor.py:161} INFO - Started process (PID=133) to work on /home/airflow/.local/lib/python3.12/site-packages/airflow/example_dags/example_datasets.py
[2024-06-05T19:35:11.855+0000] {processor.py:830} INFO - Processing file /home/airflow/.local/lib/python3.12/site-packages/airflow/example_dags/example_datasets.py for tasks to queue
[2024-06-05T19:35:11.861+0000] {logging_mixin.py:188} INFO - [2024-06-05T19:35:11.861+0000] {dagbag.py:545} INFO - Filling up the DagBag from /home/airflow/.local/lib/python3.12/site-packages/airflow/example_dags/example_datasets.py
[2024-06-05T19:35:11.886+0000] {processor.py:840} INFO - DAG(s) 'dataset_consumes_unknown_never_scheduled', 'dataset_produces_2', 'dataset_consumes_1', 'consume_1_or_both_2_and_3_with_dataset_expressions', 'consume_1_and_2_with_dataset_expressions', 'conditional_dataset_and_time_based_timetable', 'dataset_consumes_1_never_scheduled', 'consume_1_or_2_with_dataset_expressions', 'dataset_consumes_1_and_2', 'dataset_produces_1' retrieved from /home/airflow/.local/lib/python3.12/site-packages/airflow/example_dags/example_datasets.py
[2024-06-05T19:35:11.919+0000] {logging_mixin.py:188} INFO - [2024-06-05T19:35:11.919+0000] {dag.py:3096} INFO - Sync 10 DAGs
[2024-06-05T19:35:11.938+0000] {logging_mixin.py:188} INFO - [2024-06-05T19:35:11.937+0000] {dag.py:3954} INFO - Setting next_dagrun for conditional_dataset_and_time_based_timetable to 2024-06-05 01:00:00+00:00, run_after=2024-06-05 01:00:00+00:00
[2024-06-05T19:35:11.941+0000] {logging_mixin.py:188} INFO - [2024-06-05T19:35:11.940+0000] {dag.py:3954} INFO - Setting next_dagrun for consume_1_and_2_with_dataset_expressions to None, run_after=None
[2024-06-05T19:35:11.942+0000] {logging_mixin.py:188} INFO - [2024-06-05T19:35:11.942+0000] {dag.py:3954} INFO - Setting next_dagrun for consume_1_or_2_with_dataset_expressions to None, run_after=None
[2024-06-05T19:35:11.943+0000] {logging_mixin.py:188} INFO - [2024-06-05T19:35:11.943+0000] {dag.py:3954} INFO - Setting next_dagrun for consume_1_or_both_2_and_3_with_dataset_expressions to None, run_after=None
[2024-06-05T19:35:11.945+0000] {logging_mixin.py:188} INFO - [2024-06-05T19:35:11.945+0000] {dag.py:3954} INFO - Setting next_dagrun for dataset_consumes_1 to None, run_after=None
[2024-06-05T19:35:11.947+0000] {logging_mixin.py:188} INFO - [2024-06-05T19:35:11.947+0000] {dag.py:3954} INFO - Setting next_dagrun for dataset_consumes_1_and_2 to None, run_after=None
[2024-06-05T19:35:11.950+0000] {logging_mixin.py:188} INFO - [2024-06-05T19:35:11.949+0000] {dag.py:3954} INFO - Setting next_dagrun for dataset_consumes_1_never_scheduled to None, run_after=None
[2024-06-05T19:35:11.951+0000] {logging_mixin.py:188} INFO - [2024-06-05T19:35:11.951+0000] {dag.py:3954} INFO - Setting next_dagrun for dataset_consumes_unknown_never_scheduled to None, run_after=None
[2024-06-05T19:35:11.954+0000] {logging_mixin.py:188} INFO - [2024-06-05T19:35:11.954+0000] {dag.py:3954} INFO - Setting next_dagrun for dataset_produces_1 to 2024-06-04 00:00:00+00:00, run_after=2024-06-05 00:00:00+00:00
[2024-06-05T19:35:11.955+0000] {logging_mixin.py:188} INFO - [2024-06-05T19:35:11.954+0000] {dag.py:3954} INFO - Setting next_dagrun for dataset_produces_2 to None, run_after=None
[2024-06-05T19:35:11.980+0000] {processor.py:183} INFO - Processing /home/airflow/.local/lib/python3.12/site-packages/airflow/example_dags/example_datasets.py took 0.156 seconds
