[2024-06-05T19:20:53.228+0000] {processor.py:161} INFO - Started process (PID=72) to work on /home/airflow/.local/lib/python3.12/site-packages/airflow/example_dags/example_branch_python_dop_operator_3.py
[2024-06-05T19:20:53.229+0000] {processor.py:830} INFO - Processing file /home/airflow/.local/lib/python3.12/site-packages/airflow/example_dags/example_branch_python_dop_operator_3.py for tasks to queue
[2024-06-05T19:20:53.230+0000] {logging_mixin.py:188} INFO - [2024-06-05T19:20:53.230+0000] {dagbag.py:545} INFO - Filling up the DagBag from /home/airflow/.local/lib/python3.12/site-packages/airflow/example_dags/example_branch_python_dop_operator_3.py
[2024-06-05T19:20:53.235+0000] {processor.py:840} INFO - DAG(s) 'example_branch_dop_operator_v3' retrieved from /home/airflow/.local/lib/python3.12/site-packages/airflow/example_dags/example_branch_python_dop_operator_3.py
[2024-06-05T19:20:53.242+0000] {logging_mixin.py:188} INFO - [2024-06-05T19:20:53.242+0000] {dag.py:3096} INFO - Sync 1 DAGs
[2024-06-05T19:20:53.262+0000] {logging_mixin.py:188} INFO - [2024-06-05T19:20:53.261+0000] {dag.py:3954} INFO - Setting next_dagrun for example_branch_dop_operator_v3 to 2024-06-05 19:19:00+00:00, run_after=2024-06-05 19:20:00+00:00
[2024-06-05T19:20:53.276+0000] {processor.py:183} INFO - Processing /home/airflow/.local/lib/python3.12/site-packages/airflow/example_dags/example_branch_python_dop_operator_3.py took 0.051 seconds
[2024-06-05T19:21:23.962+0000] {processor.py:161} INFO - Started process (PID=130) to work on /home/airflow/.local/lib/python3.12/site-packages/airflow/example_dags/example_branch_python_dop_operator_3.py
[2024-06-05T19:21:23.963+0000] {processor.py:830} INFO - Processing file /home/airflow/.local/lib/python3.12/site-packages/airflow/example_dags/example_branch_python_dop_operator_3.py for tasks to queue
[2024-06-05T19:21:23.964+0000] {logging_mixin.py:188} INFO - [2024-06-05T19:21:23.964+0000] {dagbag.py:545} INFO - Filling up the DagBag from /home/airflow/.local/lib/python3.12/site-packages/airflow/example_dags/example_branch_python_dop_operator_3.py
[2024-06-05T19:21:23.968+0000] {processor.py:840} INFO - DAG(s) 'example_branch_dop_operator_v3' retrieved from /home/airflow/.local/lib/python3.12/site-packages/airflow/example_dags/example_branch_python_dop_operator_3.py
[2024-06-05T19:21:24.026+0000] {logging_mixin.py:188} INFO - [2024-06-05T19:21:24.025+0000] {dag.py:3096} INFO - Sync 1 DAGs
[2024-06-05T19:21:24.041+0000] {logging_mixin.py:188} INFO - [2024-06-05T19:21:24.041+0000] {dag.py:3954} INFO - Setting next_dagrun for example_branch_dop_operator_v3 to 2024-06-05 19:20:00+00:00, run_after=2024-06-05 19:21:00+00:00
[2024-06-05T19:21:24.055+0000] {processor.py:183} INFO - Processing /home/airflow/.local/lib/python3.12/site-packages/airflow/example_dags/example_branch_python_dop_operator_3.py took 0.096 seconds
[2024-06-05T19:21:54.376+0000] {processor.py:161} INFO - Started process (PID=189) to work on /home/airflow/.local/lib/python3.12/site-packages/airflow/example_dags/example_branch_python_dop_operator_3.py
[2024-06-05T19:21:54.377+0000] {processor.py:830} INFO - Processing file /home/airflow/.local/lib/python3.12/site-packages/airflow/example_dags/example_branch_python_dop_operator_3.py for tasks to queue
[2024-06-05T19:21:54.378+0000] {logging_mixin.py:188} INFO - [2024-06-05T19:21:54.378+0000] {dagbag.py:545} INFO - Filling up the DagBag from /home/airflow/.local/lib/python3.12/site-packages/airflow/example_dags/example_branch_python_dop_operator_3.py
[2024-06-05T19:21:54.383+0000] {processor.py:840} INFO - DAG(s) 'example_branch_dop_operator_v3' retrieved from /home/airflow/.local/lib/python3.12/site-packages/airflow/example_dags/example_branch_python_dop_operator_3.py
[2024-06-05T19:21:54.396+0000] {logging_mixin.py:188} INFO - [2024-06-05T19:21:54.395+0000] {dag.py:3096} INFO - Sync 1 DAGs
[2024-06-05T19:21:54.411+0000] {logging_mixin.py:188} INFO - [2024-06-05T19:21:54.411+0000] {dag.py:3954} INFO - Setting next_dagrun for example_branch_dop_operator_v3 to 2024-06-05 19:20:00+00:00, run_after=2024-06-05 19:21:00+00:00
[2024-06-05T19:21:54.425+0000] {processor.py:183} INFO - Processing /home/airflow/.local/lib/python3.12/site-packages/airflow/example_dags/example_branch_python_dop_operator_3.py took 0.052 seconds
[2024-06-05T19:22:24.512+0000] {processor.py:161} INFO - Started process (PID=247) to work on /home/airflow/.local/lib/python3.12/site-packages/airflow/example_dags/example_branch_python_dop_operator_3.py
[2024-06-05T19:22:24.512+0000] {processor.py:830} INFO - Processing file /home/airflow/.local/lib/python3.12/site-packages/airflow/example_dags/example_branch_python_dop_operator_3.py for tasks to queue
[2024-06-05T19:22:24.514+0000] {logging_mixin.py:188} INFO - [2024-06-05T19:22:24.513+0000] {dagbag.py:545} INFO - Filling up the DagBag from /home/airflow/.local/lib/python3.12/site-packages/airflow/example_dags/example_branch_python_dop_operator_3.py
[2024-06-05T19:22:24.518+0000] {processor.py:840} INFO - DAG(s) 'example_branch_dop_operator_v3' retrieved from /home/airflow/.local/lib/python3.12/site-packages/airflow/example_dags/example_branch_python_dop_operator_3.py
[2024-06-05T19:22:24.530+0000] {logging_mixin.py:188} INFO - [2024-06-05T19:22:24.529+0000] {dag.py:3096} INFO - Sync 1 DAGs
[2024-06-05T19:22:24.544+0000] {logging_mixin.py:188} INFO - [2024-06-05T19:22:24.544+0000] {dag.py:3954} INFO - Setting next_dagrun for example_branch_dop_operator_v3 to 2024-06-05 19:21:00+00:00, run_after=2024-06-05 19:22:00+00:00
[2024-06-05T19:22:24.557+0000] {processor.py:183} INFO - Processing /home/airflow/.local/lib/python3.12/site-packages/airflow/example_dags/example_branch_python_dop_operator_3.py took 0.049 seconds
[2024-06-05T19:22:54.760+0000] {processor.py:161} INFO - Started process (PID=305) to work on /home/airflow/.local/lib/python3.12/site-packages/airflow/example_dags/example_branch_python_dop_operator_3.py
[2024-06-05T19:22:54.761+0000] {processor.py:830} INFO - Processing file /home/airflow/.local/lib/python3.12/site-packages/airflow/example_dags/example_branch_python_dop_operator_3.py for tasks to queue
[2024-06-05T19:22:54.762+0000] {logging_mixin.py:188} INFO - [2024-06-05T19:22:54.762+0000] {dagbag.py:545} INFO - Filling up the DagBag from /home/airflow/.local/lib/python3.12/site-packages/airflow/example_dags/example_branch_python_dop_operator_3.py
[2024-06-05T19:22:54.767+0000] {processor.py:840} INFO - DAG(s) 'example_branch_dop_operator_v3' retrieved from /home/airflow/.local/lib/python3.12/site-packages/airflow/example_dags/example_branch_python_dop_operator_3.py
[2024-06-05T19:22:54.778+0000] {logging_mixin.py:188} INFO - [2024-06-05T19:22:54.778+0000] {dag.py:3096} INFO - Sync 1 DAGs
[2024-06-05T19:22:54.793+0000] {logging_mixin.py:188} INFO - [2024-06-05T19:22:54.793+0000] {dag.py:3954} INFO - Setting next_dagrun for example_branch_dop_operator_v3 to 2024-06-05 19:21:00+00:00, run_after=2024-06-05 19:22:00+00:00
[2024-06-05T19:22:54.806+0000] {processor.py:183} INFO - Processing /home/airflow/.local/lib/python3.12/site-packages/airflow/example_dags/example_branch_python_dop_operator_3.py took 0.050 seconds
[2024-06-05T19:23:25.046+0000] {processor.py:161} INFO - Started process (PID=363) to work on /home/airflow/.local/lib/python3.12/site-packages/airflow/example_dags/example_branch_python_dop_operator_3.py
[2024-06-05T19:23:25.046+0000] {processor.py:830} INFO - Processing file /home/airflow/.local/lib/python3.12/site-packages/airflow/example_dags/example_branch_python_dop_operator_3.py for tasks to queue
[2024-06-05T19:23:25.047+0000] {logging_mixin.py:188} INFO - [2024-06-05T19:23:25.047+0000] {dagbag.py:545} INFO - Filling up the DagBag from /home/airflow/.local/lib/python3.12/site-packages/airflow/example_dags/example_branch_python_dop_operator_3.py
[2024-06-05T19:23:25.051+0000] {processor.py:840} INFO - DAG(s) 'example_branch_dop_operator_v3' retrieved from /home/airflow/.local/lib/python3.12/site-packages/airflow/example_dags/example_branch_python_dop_operator_3.py
[2024-06-05T19:23:25.063+0000] {logging_mixin.py:188} INFO - [2024-06-05T19:23:25.063+0000] {dag.py:3096} INFO - Sync 1 DAGs
[2024-06-05T19:23:25.079+0000] {logging_mixin.py:188} INFO - [2024-06-05T19:23:25.079+0000] {dag.py:3954} INFO - Setting next_dagrun for example_branch_dop_operator_v3 to 2024-06-05 19:22:00+00:00, run_after=2024-06-05 19:23:00+00:00
[2024-06-05T19:23:25.093+0000] {processor.py:183} INFO - Processing /home/airflow/.local/lib/python3.12/site-packages/airflow/example_dags/example_branch_python_dop_operator_3.py took 0.051 seconds
[2024-06-05T19:23:55.214+0000] {processor.py:161} INFO - Started process (PID=421) to work on /home/airflow/.local/lib/python3.12/site-packages/airflow/example_dags/example_branch_python_dop_operator_3.py
[2024-06-05T19:23:55.215+0000] {processor.py:830} INFO - Processing file /home/airflow/.local/lib/python3.12/site-packages/airflow/example_dags/example_branch_python_dop_operator_3.py for tasks to queue
[2024-06-05T19:23:55.216+0000] {logging_mixin.py:188} INFO - [2024-06-05T19:23:55.216+0000] {dagbag.py:545} INFO - Filling up the DagBag from /home/airflow/.local/lib/python3.12/site-packages/airflow/example_dags/example_branch_python_dop_operator_3.py
[2024-06-05T19:23:55.221+0000] {processor.py:840} INFO - DAG(s) 'example_branch_dop_operator_v3' retrieved from /home/airflow/.local/lib/python3.12/site-packages/airflow/example_dags/example_branch_python_dop_operator_3.py
[2024-06-05T19:23:55.233+0000] {logging_mixin.py:188} INFO - [2024-06-05T19:23:55.232+0000] {dag.py:3096} INFO - Sync 1 DAGs
[2024-06-05T19:23:55.249+0000] {logging_mixin.py:188} INFO - [2024-06-05T19:23:55.249+0000] {dag.py:3954} INFO - Setting next_dagrun for example_branch_dop_operator_v3 to 2024-06-05 19:22:00+00:00, run_after=2024-06-05 19:23:00+00:00
[2024-06-05T19:23:55.265+0000] {processor.py:183} INFO - Processing /home/airflow/.local/lib/python3.12/site-packages/airflow/example_dags/example_branch_python_dop_operator_3.py took 0.054 seconds
[2024-06-05T19:24:26.304+0000] {processor.py:161} INFO - Started process (PID=479) to work on /home/airflow/.local/lib/python3.12/site-packages/airflow/example_dags/example_branch_python_dop_operator_3.py
[2024-06-05T19:24:26.304+0000] {processor.py:830} INFO - Processing file /home/airflow/.local/lib/python3.12/site-packages/airflow/example_dags/example_branch_python_dop_operator_3.py for tasks to queue
[2024-06-05T19:24:26.305+0000] {logging_mixin.py:188} INFO - [2024-06-05T19:24:26.305+0000] {dagbag.py:545} INFO - Filling up the DagBag from /home/airflow/.local/lib/python3.12/site-packages/airflow/example_dags/example_branch_python_dop_operator_3.py
[2024-06-05T19:24:26.310+0000] {processor.py:840} INFO - DAG(s) 'example_branch_dop_operator_v3' retrieved from /home/airflow/.local/lib/python3.12/site-packages/airflow/example_dags/example_branch_python_dop_operator_3.py
[2024-06-05T19:24:26.322+0000] {logging_mixin.py:188} INFO - [2024-06-05T19:24:26.322+0000] {dag.py:3096} INFO - Sync 1 DAGs
[2024-06-05T19:24:26.337+0000] {logging_mixin.py:188} INFO - [2024-06-05T19:24:26.337+0000] {dag.py:3954} INFO - Setting next_dagrun for example_branch_dop_operator_v3 to 2024-06-05 19:23:00+00:00, run_after=2024-06-05 19:24:00+00:00
[2024-06-05T19:24:26.349+0000] {processor.py:183} INFO - Processing /home/airflow/.local/lib/python3.12/site-packages/airflow/example_dags/example_branch_python_dop_operator_3.py took 0.049 seconds
[2024-06-05T19:24:57.088+0000] {processor.py:161} INFO - Started process (PID=537) to work on /home/airflow/.local/lib/python3.12/site-packages/airflow/example_dags/example_branch_python_dop_operator_3.py
[2024-06-05T19:24:57.089+0000] {processor.py:830} INFO - Processing file /home/airflow/.local/lib/python3.12/site-packages/airflow/example_dags/example_branch_python_dop_operator_3.py for tasks to queue
[2024-06-05T19:24:57.090+0000] {logging_mixin.py:188} INFO - [2024-06-05T19:24:57.090+0000] {dagbag.py:545} INFO - Filling up the DagBag from /home/airflow/.local/lib/python3.12/site-packages/airflow/example_dags/example_branch_python_dop_operator_3.py
[2024-06-05T19:24:57.095+0000] {processor.py:840} INFO - DAG(s) 'example_branch_dop_operator_v3' retrieved from /home/airflow/.local/lib/python3.12/site-packages/airflow/example_dags/example_branch_python_dop_operator_3.py
[2024-06-05T19:24:57.109+0000] {logging_mixin.py:188} INFO - [2024-06-05T19:24:57.109+0000] {dag.py:3096} INFO - Sync 1 DAGs
[2024-06-05T19:24:57.126+0000] {logging_mixin.py:188} INFO - [2024-06-05T19:24:57.125+0000] {dag.py:3954} INFO - Setting next_dagrun for example_branch_dop_operator_v3 to 2024-06-05 19:23:00+00:00, run_after=2024-06-05 19:24:00+00:00
[2024-06-05T19:24:57.140+0000] {processor.py:183} INFO - Processing /home/airflow/.local/lib/python3.12/site-packages/airflow/example_dags/example_branch_python_dop_operator_3.py took 0.056 seconds
[2024-06-05T19:25:27.284+0000] {processor.py:161} INFO - Started process (PID=595) to work on /home/airflow/.local/lib/python3.12/site-packages/airflow/example_dags/example_branch_python_dop_operator_3.py
[2024-06-05T19:25:27.284+0000] {processor.py:830} INFO - Processing file /home/airflow/.local/lib/python3.12/site-packages/airflow/example_dags/example_branch_python_dop_operator_3.py for tasks to queue
[2024-06-05T19:25:27.286+0000] {logging_mixin.py:188} INFO - [2024-06-05T19:25:27.285+0000] {dagbag.py:545} INFO - Filling up the DagBag from /home/airflow/.local/lib/python3.12/site-packages/airflow/example_dags/example_branch_python_dop_operator_3.py
[2024-06-05T19:25:27.290+0000] {processor.py:840} INFO - DAG(s) 'example_branch_dop_operator_v3' retrieved from /home/airflow/.local/lib/python3.12/site-packages/airflow/example_dags/example_branch_python_dop_operator_3.py
[2024-06-05T19:25:27.302+0000] {logging_mixin.py:188} INFO - [2024-06-05T19:25:27.302+0000] {dag.py:3096} INFO - Sync 1 DAGs
[2024-06-05T19:25:27.317+0000] {logging_mixin.py:188} INFO - [2024-06-05T19:25:27.316+0000] {dag.py:3954} INFO - Setting next_dagrun for example_branch_dop_operator_v3 to 2024-06-05 19:24:00+00:00, run_after=2024-06-05 19:25:00+00:00
[2024-06-05T19:25:27.333+0000] {processor.py:183} INFO - Processing /home/airflow/.local/lib/python3.12/site-packages/airflow/example_dags/example_branch_python_dop_operator_3.py took 0.052 seconds
[2024-06-05T19:34:41.228+0000] {processor.py:161} INFO - Started process (PID=72) to work on /home/airflow/.local/lib/python3.12/site-packages/airflow/example_dags/example_branch_python_dop_operator_3.py
[2024-06-05T19:34:41.228+0000] {processor.py:830} INFO - Processing file /home/airflow/.local/lib/python3.12/site-packages/airflow/example_dags/example_branch_python_dop_operator_3.py for tasks to queue
[2024-06-05T19:34:41.230+0000] {logging_mixin.py:188} INFO - [2024-06-05T19:34:41.229+0000] {dagbag.py:545} INFO - Filling up the DagBag from /home/airflow/.local/lib/python3.12/site-packages/airflow/example_dags/example_branch_python_dop_operator_3.py
[2024-06-05T19:34:41.236+0000] {processor.py:840} INFO - DAG(s) 'example_branch_dop_operator_v3' retrieved from /home/airflow/.local/lib/python3.12/site-packages/airflow/example_dags/example_branch_python_dop_operator_3.py
[2024-06-05T19:34:41.250+0000] {logging_mixin.py:188} INFO - [2024-06-05T19:34:41.250+0000] {dag.py:3096} INFO - Sync 1 DAGs
[2024-06-05T19:34:41.271+0000] {logging_mixin.py:188} INFO - [2024-06-05T19:34:41.270+0000] {dag.py:3954} INFO - Setting next_dagrun for example_branch_dop_operator_v3 to 2024-06-05 19:33:00+00:00, run_after=2024-06-05 19:34:00+00:00
[2024-06-05T19:34:41.284+0000] {processor.py:183} INFO - Processing /home/airflow/.local/lib/python3.12/site-packages/airflow/example_dags/example_branch_python_dop_operator_3.py took 0.060 seconds
[2024-06-05T19:35:11.420+0000] {processor.py:161} INFO - Started process (PID=130) to work on /home/airflow/.local/lib/python3.12/site-packages/airflow/example_dags/example_branch_python_dop_operator_3.py
[2024-06-05T19:35:11.421+0000] {processor.py:830} INFO - Processing file /home/airflow/.local/lib/python3.12/site-packages/airflow/example_dags/example_branch_python_dop_operator_3.py for tasks to queue
[2024-06-05T19:35:11.422+0000] {logging_mixin.py:188} INFO - [2024-06-05T19:35:11.422+0000] {dagbag.py:545} INFO - Filling up the DagBag from /home/airflow/.local/lib/python3.12/site-packages/airflow/example_dags/example_branch_python_dop_operator_3.py
[2024-06-05T19:35:11.428+0000] {processor.py:840} INFO - DAG(s) 'example_branch_dop_operator_v3' retrieved from /home/airflow/.local/lib/python3.12/site-packages/airflow/example_dags/example_branch_python_dop_operator_3.py
[2024-06-05T19:35:11.448+0000] {logging_mixin.py:188} INFO - [2024-06-05T19:35:11.448+0000] {dag.py:3096} INFO - Sync 1 DAGs
[2024-06-05T19:35:11.510+0000] {logging_mixin.py:188} INFO - [2024-06-05T19:35:11.510+0000] {dag.py:3954} INFO - Setting next_dagrun for example_branch_dop_operator_v3 to 2024-06-05 19:34:00+00:00, run_after=2024-06-05 19:35:00+00:00
[2024-06-05T19:35:11.555+0000] {processor.py:183} INFO - Processing /home/airflow/.local/lib/python3.12/site-packages/airflow/example_dags/example_branch_python_dop_operator_3.py took 0.141 seconds
