[2024-06-05T19:20:52.960+0000] {processor.py:161} INFO - Started process (PID=66) to work on /home/airflow/.local/lib/python3.12/site-packages/airflow/example_dags/example_task_group_decorator.py
[2024-06-05T19:20:52.961+0000] {processor.py:830} INFO - Processing file /home/airflow/.local/lib/python3.12/site-packages/airflow/example_dags/example_task_group_decorator.py for tasks to queue
[2024-06-05T19:20:52.963+0000] {logging_mixin.py:188} INFO - [2024-06-05T19:20:52.962+0000] {dagbag.py:545} INFO - Filling up the DagBag from /home/airflow/.local/lib/python3.12/site-packages/airflow/example_dags/example_task_group_decorator.py
[2024-06-05T19:20:52.972+0000] {processor.py:840} INFO - DAG(s) 'example_task_group_decorator' retrieved from /home/airflow/.local/lib/python3.12/site-packages/airflow/example_dags/example_task_group_decorator.py
[2024-06-05T19:20:52.985+0000] {logging_mixin.py:188} INFO - [2024-06-05T19:20:52.985+0000] {dag.py:3096} INFO - Sync 1 DAGs
[2024-06-05T19:20:53.002+0000] {logging_mixin.py:188} INFO - [2024-06-05T19:20:53.002+0000] {dag.py:3954} INFO - Setting next_dagrun for example_task_group_decorator to 2024-06-04 00:00:00+00:00, run_after=2024-06-05 00:00:00+00:00
[2024-06-05T19:20:53.016+0000] {processor.py:183} INFO - Processing /home/airflow/.local/lib/python3.12/site-packages/airflow/example_dags/example_task_group_decorator.py took 0.059 seconds
[2024-06-05T19:21:23.536+0000] {processor.py:161} INFO - Started process (PID=124) to work on /home/airflow/.local/lib/python3.12/site-packages/airflow/example_dags/example_task_group_decorator.py
[2024-06-05T19:21:23.537+0000] {processor.py:830} INFO - Processing file /home/airflow/.local/lib/python3.12/site-packages/airflow/example_dags/example_task_group_decorator.py for tasks to queue
[2024-06-05T19:21:23.538+0000] {logging_mixin.py:188} INFO - [2024-06-05T19:21:23.537+0000] {dagbag.py:545} INFO - Filling up the DagBag from /home/airflow/.local/lib/python3.12/site-packages/airflow/example_dags/example_task_group_decorator.py
[2024-06-05T19:21:23.545+0000] {processor.py:840} INFO - DAG(s) 'example_task_group_decorator' retrieved from /home/airflow/.local/lib/python3.12/site-packages/airflow/example_dags/example_task_group_decorator.py
[2024-06-05T19:21:23.604+0000] {logging_mixin.py:188} INFO - [2024-06-05T19:21:23.603+0000] {dag.py:3096} INFO - Sync 1 DAGs
[2024-06-05T19:21:23.615+0000] {logging_mixin.py:188} INFO - [2024-06-05T19:21:23.615+0000] {dag.py:3954} INFO - Setting next_dagrun for example_task_group_decorator to 2024-06-04 00:00:00+00:00, run_after=2024-06-05 00:00:00+00:00
[2024-06-05T19:21:23.627+0000] {processor.py:183} INFO - Processing /home/airflow/.local/lib/python3.12/site-packages/airflow/example_dags/example_task_group_decorator.py took 0.094 seconds
[2024-06-05T19:21:54.101+0000] {processor.py:161} INFO - Started process (PID=183) to work on /home/airflow/.local/lib/python3.12/site-packages/airflow/example_dags/example_task_group_decorator.py
[2024-06-05T19:21:54.101+0000] {processor.py:830} INFO - Processing file /home/airflow/.local/lib/python3.12/site-packages/airflow/example_dags/example_task_group_decorator.py for tasks to queue
[2024-06-05T19:21:54.102+0000] {logging_mixin.py:188} INFO - [2024-06-05T19:21:54.102+0000] {dagbag.py:545} INFO - Filling up the DagBag from /home/airflow/.local/lib/python3.12/site-packages/airflow/example_dags/example_task_group_decorator.py
[2024-06-05T19:21:54.110+0000] {processor.py:840} INFO - DAG(s) 'example_task_group_decorator' retrieved from /home/airflow/.local/lib/python3.12/site-packages/airflow/example_dags/example_task_group_decorator.py
[2024-06-05T19:21:54.127+0000] {logging_mixin.py:188} INFO - [2024-06-05T19:21:54.127+0000] {dag.py:3096} INFO - Sync 1 DAGs
[2024-06-05T19:21:54.141+0000] {logging_mixin.py:188} INFO - [2024-06-05T19:21:54.141+0000] {dag.py:3954} INFO - Setting next_dagrun for example_task_group_decorator to 2024-06-04 00:00:00+00:00, run_after=2024-06-05 00:00:00+00:00
[2024-06-05T19:21:54.155+0000] {processor.py:183} INFO - Processing /home/airflow/.local/lib/python3.12/site-packages/airflow/example_dags/example_task_group_decorator.py took 0.058 seconds
[2024-06-05T19:22:24.326+0000] {processor.py:161} INFO - Started process (PID=241) to work on /home/airflow/.local/lib/python3.12/site-packages/airflow/example_dags/example_task_group_decorator.py
[2024-06-05T19:22:24.326+0000] {processor.py:830} INFO - Processing file /home/airflow/.local/lib/python3.12/site-packages/airflow/example_dags/example_task_group_decorator.py for tasks to queue
[2024-06-05T19:22:24.327+0000] {logging_mixin.py:188} INFO - [2024-06-05T19:22:24.327+0000] {dagbag.py:545} INFO - Filling up the DagBag from /home/airflow/.local/lib/python3.12/site-packages/airflow/example_dags/example_task_group_decorator.py
[2024-06-05T19:22:24.335+0000] {processor.py:840} INFO - DAG(s) 'example_task_group_decorator' retrieved from /home/airflow/.local/lib/python3.12/site-packages/airflow/example_dags/example_task_group_decorator.py
[2024-06-05T19:22:24.351+0000] {logging_mixin.py:188} INFO - [2024-06-05T19:22:24.351+0000] {dag.py:3096} INFO - Sync 1 DAGs
[2024-06-05T19:22:24.363+0000] {logging_mixin.py:188} INFO - [2024-06-05T19:22:24.363+0000] {dag.py:3954} INFO - Setting next_dagrun for example_task_group_decorator to 2024-06-04 00:00:00+00:00, run_after=2024-06-05 00:00:00+00:00
[2024-06-05T19:22:24.376+0000] {processor.py:183} INFO - Processing /home/airflow/.local/lib/python3.12/site-packages/airflow/example_dags/example_task_group_decorator.py took 0.053 seconds
[2024-06-05T19:22:54.499+0000] {processor.py:161} INFO - Started process (PID=299) to work on /home/airflow/.local/lib/python3.12/site-packages/airflow/example_dags/example_task_group_decorator.py
[2024-06-05T19:22:54.499+0000] {processor.py:830} INFO - Processing file /home/airflow/.local/lib/python3.12/site-packages/airflow/example_dags/example_task_group_decorator.py for tasks to queue
[2024-06-05T19:22:54.501+0000] {logging_mixin.py:188} INFO - [2024-06-05T19:22:54.501+0000] {dagbag.py:545} INFO - Filling up the DagBag from /home/airflow/.local/lib/python3.12/site-packages/airflow/example_dags/example_task_group_decorator.py
[2024-06-05T19:22:54.509+0000] {processor.py:840} INFO - DAG(s) 'example_task_group_decorator' retrieved from /home/airflow/.local/lib/python3.12/site-packages/airflow/example_dags/example_task_group_decorator.py
[2024-06-05T19:22:54.526+0000] {logging_mixin.py:188} INFO - [2024-06-05T19:22:54.526+0000] {dag.py:3096} INFO - Sync 1 DAGs
[2024-06-05T19:22:54.539+0000] {logging_mixin.py:188} INFO - [2024-06-05T19:22:54.539+0000] {dag.py:3954} INFO - Setting next_dagrun for example_task_group_decorator to 2024-06-04 00:00:00+00:00, run_after=2024-06-05 00:00:00+00:00
[2024-06-05T19:22:54.552+0000] {processor.py:183} INFO - Processing /home/airflow/.local/lib/python3.12/site-packages/airflow/example_dags/example_task_group_decorator.py took 0.057 seconds
[2024-06-05T19:23:24.802+0000] {processor.py:161} INFO - Started process (PID=357) to work on /home/airflow/.local/lib/python3.12/site-packages/airflow/example_dags/example_task_group_decorator.py
[2024-06-05T19:23:24.802+0000] {processor.py:830} INFO - Processing file /home/airflow/.local/lib/python3.12/site-packages/airflow/example_dags/example_task_group_decorator.py for tasks to queue
[2024-06-05T19:23:24.803+0000] {logging_mixin.py:188} INFO - [2024-06-05T19:23:24.803+0000] {dagbag.py:545} INFO - Filling up the DagBag from /home/airflow/.local/lib/python3.12/site-packages/airflow/example_dags/example_task_group_decorator.py
[2024-06-05T19:23:24.812+0000] {processor.py:840} INFO - DAG(s) 'example_task_group_decorator' retrieved from /home/airflow/.local/lib/python3.12/site-packages/airflow/example_dags/example_task_group_decorator.py
[2024-06-05T19:23:24.826+0000] {logging_mixin.py:188} INFO - [2024-06-05T19:23:24.826+0000] {dag.py:3096} INFO - Sync 1 DAGs
[2024-06-05T19:23:24.838+0000] {logging_mixin.py:188} INFO - [2024-06-05T19:23:24.838+0000] {dag.py:3954} INFO - Setting next_dagrun for example_task_group_decorator to 2024-06-04 00:00:00+00:00, run_after=2024-06-05 00:00:00+00:00
[2024-06-05T19:23:24.851+0000] {processor.py:183} INFO - Processing /home/airflow/.local/lib/python3.12/site-packages/airflow/example_dags/example_task_group_decorator.py took 0.053 seconds
[2024-06-05T19:23:55.011+0000] {processor.py:161} INFO - Started process (PID=415) to work on /home/airflow/.local/lib/python3.12/site-packages/airflow/example_dags/example_task_group_decorator.py
[2024-06-05T19:23:55.011+0000] {processor.py:830} INFO - Processing file /home/airflow/.local/lib/python3.12/site-packages/airflow/example_dags/example_task_group_decorator.py for tasks to queue
[2024-06-05T19:23:55.012+0000] {logging_mixin.py:188} INFO - [2024-06-05T19:23:55.012+0000] {dagbag.py:545} INFO - Filling up the DagBag from /home/airflow/.local/lib/python3.12/site-packages/airflow/example_dags/example_task_group_decorator.py
[2024-06-05T19:23:55.021+0000] {processor.py:840} INFO - DAG(s) 'example_task_group_decorator' retrieved from /home/airflow/.local/lib/python3.12/site-packages/airflow/example_dags/example_task_group_decorator.py
[2024-06-05T19:23:55.036+0000] {logging_mixin.py:188} INFO - [2024-06-05T19:23:55.036+0000] {dag.py:3096} INFO - Sync 1 DAGs
[2024-06-05T19:23:55.049+0000] {logging_mixin.py:188} INFO - [2024-06-05T19:23:55.049+0000] {dag.py:3954} INFO - Setting next_dagrun for example_task_group_decorator to 2024-06-04 00:00:00+00:00, run_after=2024-06-05 00:00:00+00:00
[2024-06-05T19:23:55.062+0000] {processor.py:183} INFO - Processing /home/airflow/.local/lib/python3.12/site-packages/airflow/example_dags/example_task_group_decorator.py took 0.055 seconds
[2024-06-05T19:24:26.118+0000] {processor.py:161} INFO - Started process (PID=473) to work on /home/airflow/.local/lib/python3.12/site-packages/airflow/example_dags/example_task_group_decorator.py
[2024-06-05T19:24:26.119+0000] {processor.py:830} INFO - Processing file /home/airflow/.local/lib/python3.12/site-packages/airflow/example_dags/example_task_group_decorator.py for tasks to queue
[2024-06-05T19:24:26.120+0000] {logging_mixin.py:188} INFO - [2024-06-05T19:24:26.120+0000] {dagbag.py:545} INFO - Filling up the DagBag from /home/airflow/.local/lib/python3.12/site-packages/airflow/example_dags/example_task_group_decorator.py
[2024-06-05T19:24:26.128+0000] {processor.py:840} INFO - DAG(s) 'example_task_group_decorator' retrieved from /home/airflow/.local/lib/python3.12/site-packages/airflow/example_dags/example_task_group_decorator.py
[2024-06-05T19:24:26.142+0000] {logging_mixin.py:188} INFO - [2024-06-05T19:24:26.142+0000] {dag.py:3096} INFO - Sync 1 DAGs
[2024-06-05T19:24:26.155+0000] {logging_mixin.py:188} INFO - [2024-06-05T19:24:26.155+0000] {dag.py:3954} INFO - Setting next_dagrun for example_task_group_decorator to 2024-06-04 00:00:00+00:00, run_after=2024-06-05 00:00:00+00:00
[2024-06-05T19:24:26.168+0000] {processor.py:183} INFO - Processing /home/airflow/.local/lib/python3.12/site-packages/airflow/example_dags/example_task_group_decorator.py took 0.054 seconds
[2024-06-05T19:24:56.888+0000] {processor.py:161} INFO - Started process (PID=531) to work on /home/airflow/.local/lib/python3.12/site-packages/airflow/example_dags/example_task_group_decorator.py
[2024-06-05T19:24:56.889+0000] {processor.py:830} INFO - Processing file /home/airflow/.local/lib/python3.12/site-packages/airflow/example_dags/example_task_group_decorator.py for tasks to queue
[2024-06-05T19:24:56.890+0000] {logging_mixin.py:188} INFO - [2024-06-05T19:24:56.890+0000] {dagbag.py:545} INFO - Filling up the DagBag from /home/airflow/.local/lib/python3.12/site-packages/airflow/example_dags/example_task_group_decorator.py
[2024-06-05T19:24:56.899+0000] {processor.py:840} INFO - DAG(s) 'example_task_group_decorator' retrieved from /home/airflow/.local/lib/python3.12/site-packages/airflow/example_dags/example_task_group_decorator.py
[2024-06-05T19:24:56.915+0000] {logging_mixin.py:188} INFO - [2024-06-05T19:24:56.915+0000] {dag.py:3096} INFO - Sync 1 DAGs
[2024-06-05T19:24:56.928+0000] {logging_mixin.py:188} INFO - [2024-06-05T19:24:56.928+0000] {dag.py:3954} INFO - Setting next_dagrun for example_task_group_decorator to 2024-06-04 00:00:00+00:00, run_after=2024-06-05 00:00:00+00:00
[2024-06-05T19:24:56.942+0000] {processor.py:183} INFO - Processing /home/airflow/.local/lib/python3.12/site-packages/airflow/example_dags/example_task_group_decorator.py took 0.058 seconds
[2024-06-05T19:25:27.047+0000] {processor.py:161} INFO - Started process (PID=589) to work on /home/airflow/.local/lib/python3.12/site-packages/airflow/example_dags/example_task_group_decorator.py
[2024-06-05T19:25:27.047+0000] {processor.py:830} INFO - Processing file /home/airflow/.local/lib/python3.12/site-packages/airflow/example_dags/example_task_group_decorator.py for tasks to queue
[2024-06-05T19:25:27.049+0000] {logging_mixin.py:188} INFO - [2024-06-05T19:25:27.048+0000] {dagbag.py:545} INFO - Filling up the DagBag from /home/airflow/.local/lib/python3.12/site-packages/airflow/example_dags/example_task_group_decorator.py
[2024-06-05T19:25:27.056+0000] {processor.py:840} INFO - DAG(s) 'example_task_group_decorator' retrieved from /home/airflow/.local/lib/python3.12/site-packages/airflow/example_dags/example_task_group_decorator.py
[2024-06-05T19:25:27.072+0000] {logging_mixin.py:188} INFO - [2024-06-05T19:25:27.072+0000] {dag.py:3096} INFO - Sync 1 DAGs
[2024-06-05T19:25:27.084+0000] {logging_mixin.py:188} INFO - [2024-06-05T19:25:27.084+0000] {dag.py:3954} INFO - Setting next_dagrun for example_task_group_decorator to 2024-06-04 00:00:00+00:00, run_after=2024-06-05 00:00:00+00:00
[2024-06-05T19:25:27.096+0000] {processor.py:183} INFO - Processing /home/airflow/.local/lib/python3.12/site-packages/airflow/example_dags/example_task_group_decorator.py took 0.052 seconds
[2024-06-05T19:34:40.966+0000] {processor.py:161} INFO - Started process (PID=66) to work on /home/airflow/.local/lib/python3.12/site-packages/airflow/example_dags/example_task_group_decorator.py
[2024-06-05T19:34:40.967+0000] {processor.py:830} INFO - Processing file /home/airflow/.local/lib/python3.12/site-packages/airflow/example_dags/example_task_group_decorator.py for tasks to queue
[2024-06-05T19:34:40.968+0000] {logging_mixin.py:188} INFO - [2024-06-05T19:34:40.968+0000] {dagbag.py:545} INFO - Filling up the DagBag from /home/airflow/.local/lib/python3.12/site-packages/airflow/example_dags/example_task_group_decorator.py
[2024-06-05T19:34:40.977+0000] {processor.py:840} INFO - DAG(s) 'example_task_group_decorator' retrieved from /home/airflow/.local/lib/python3.12/site-packages/airflow/example_dags/example_task_group_decorator.py
[2024-06-05T19:34:40.993+0000] {logging_mixin.py:188} INFO - [2024-06-05T19:34:40.992+0000] {dag.py:3096} INFO - Sync 1 DAGs
[2024-06-05T19:34:41.008+0000] {logging_mixin.py:188} INFO - [2024-06-05T19:34:41.008+0000] {dag.py:3954} INFO - Setting next_dagrun for example_task_group_decorator to 2024-06-04 00:00:00+00:00, run_after=2024-06-05 00:00:00+00:00
[2024-06-05T19:34:41.022+0000] {processor.py:183} INFO - Processing /home/airflow/.local/lib/python3.12/site-packages/airflow/example_dags/example_task_group_decorator.py took 0.059 seconds
[2024-06-05T19:35:11.045+0000] {processor.py:161} INFO - Started process (PID=124) to work on /home/airflow/.local/lib/python3.12/site-packages/airflow/example_dags/example_task_group_decorator.py
[2024-06-05T19:35:11.046+0000] {processor.py:830} INFO - Processing file /home/airflow/.local/lib/python3.12/site-packages/airflow/example_dags/example_task_group_decorator.py for tasks to queue
[2024-06-05T19:35:11.047+0000] {logging_mixin.py:188} INFO - [2024-06-05T19:35:11.046+0000] {dagbag.py:545} INFO - Filling up the DagBag from /home/airflow/.local/lib/python3.12/site-packages/airflow/example_dags/example_task_group_decorator.py
[2024-06-05T19:35:11.054+0000] {processor.py:840} INFO - DAG(s) 'example_task_group_decorator' retrieved from /home/airflow/.local/lib/python3.12/site-packages/airflow/example_dags/example_task_group_decorator.py
[2024-06-05T19:35:11.070+0000] {logging_mixin.py:188} INFO - [2024-06-05T19:35:11.070+0000] {dag.py:3096} INFO - Sync 1 DAGs
[2024-06-05T19:35:11.083+0000] {logging_mixin.py:188} INFO - [2024-06-05T19:35:11.083+0000] {dag.py:3954} INFO - Setting next_dagrun for example_task_group_decorator to 2024-06-04 00:00:00+00:00, run_after=2024-06-05 00:00:00+00:00
[2024-06-05T19:35:11.097+0000] {processor.py:183} INFO - Processing /home/airflow/.local/lib/python3.12/site-packages/airflow/example_dags/example_task_group_decorator.py took 0.055 seconds
