[2024-06-05T19:20:52.674+0000] {processor.py:161} INFO - Started process (PID=60) to work on /home/airflow/.local/lib/python3.12/site-packages/airflow/example_dags/example_trigger_controller_dag.py
[2024-06-05T19:20:52.675+0000] {processor.py:830} INFO - Processing file /home/airflow/.local/lib/python3.12/site-packages/airflow/example_dags/example_trigger_controller_dag.py for tasks to queue
[2024-06-05T19:20:52.676+0000] {logging_mixin.py:188} INFO - [2024-06-05T19:20:52.676+0000] {dagbag.py:545} INFO - Filling up the DagBag from /home/airflow/.local/lib/python3.12/site-packages/airflow/example_dags/example_trigger_controller_dag.py
[2024-06-05T19:20:52.679+0000] {processor.py:840} INFO - DAG(s) 'example_trigger_controller_dag' retrieved from /home/airflow/.local/lib/python3.12/site-packages/airflow/example_dags/example_trigger_controller_dag.py
[2024-06-05T19:20:52.687+0000] {logging_mixin.py:188} INFO - [2024-06-05T19:20:52.687+0000] {dag.py:3096} INFO - Sync 1 DAGs
[2024-06-05T19:20:52.704+0000] {logging_mixin.py:188} INFO - [2024-06-05T19:20:52.704+0000] {dag.py:3954} INFO - Setting next_dagrun for example_trigger_controller_dag to 2021-01-01 00:00:00+00:00, run_after=2021-01-01 00:00:00+00:00
[2024-06-05T19:20:52.721+0000] {processor.py:183} INFO - Processing /home/airflow/.local/lib/python3.12/site-packages/airflow/example_dags/example_trigger_controller_dag.py took 0.050 seconds
[2024-06-05T19:21:23.185+0000] {processor.py:161} INFO - Started process (PID=118) to work on /home/airflow/.local/lib/python3.12/site-packages/airflow/example_dags/example_trigger_controller_dag.py
[2024-06-05T19:21:23.186+0000] {processor.py:830} INFO - Processing file /home/airflow/.local/lib/python3.12/site-packages/airflow/example_dags/example_trigger_controller_dag.py for tasks to queue
[2024-06-05T19:21:23.187+0000] {logging_mixin.py:188} INFO - [2024-06-05T19:21:23.187+0000] {dagbag.py:545} INFO - Filling up the DagBag from /home/airflow/.local/lib/python3.12/site-packages/airflow/example_dags/example_trigger_controller_dag.py
[2024-06-05T19:21:23.190+0000] {processor.py:840} INFO - DAG(s) 'example_trigger_controller_dag' retrieved from /home/airflow/.local/lib/python3.12/site-packages/airflow/example_dags/example_trigger_controller_dag.py
[2024-06-05T19:21:23.247+0000] {logging_mixin.py:188} INFO - [2024-06-05T19:21:23.247+0000] {dag.py:3096} INFO - Sync 1 DAGs
[2024-06-05T19:21:23.261+0000] {logging_mixin.py:188} INFO - [2024-06-05T19:21:23.261+0000] {dag.py:3954} INFO - Setting next_dagrun for example_trigger_controller_dag to 2021-01-01 00:00:00+00:00, run_after=2021-01-01 00:00:00+00:00
[2024-06-05T19:21:23.273+0000] {processor.py:183} INFO - Processing /home/airflow/.local/lib/python3.12/site-packages/airflow/example_dags/example_trigger_controller_dag.py took 0.092 seconds
[2024-06-05T19:21:53.911+0000] {processor.py:161} INFO - Started process (PID=177) to work on /home/airflow/.local/lib/python3.12/site-packages/airflow/example_dags/example_trigger_controller_dag.py
[2024-06-05T19:21:53.912+0000] {processor.py:830} INFO - Processing file /home/airflow/.local/lib/python3.12/site-packages/airflow/example_dags/example_trigger_controller_dag.py for tasks to queue
[2024-06-05T19:21:53.913+0000] {logging_mixin.py:188} INFO - [2024-06-05T19:21:53.913+0000] {dagbag.py:545} INFO - Filling up the DagBag from /home/airflow/.local/lib/python3.12/site-packages/airflow/example_dags/example_trigger_controller_dag.py
[2024-06-05T19:21:53.915+0000] {processor.py:840} INFO - DAG(s) 'example_trigger_controller_dag' retrieved from /home/airflow/.local/lib/python3.12/site-packages/airflow/example_dags/example_trigger_controller_dag.py
[2024-06-05T19:21:53.926+0000] {logging_mixin.py:188} INFO - [2024-06-05T19:21:53.926+0000] {dag.py:3096} INFO - Sync 1 DAGs
[2024-06-05T19:21:53.938+0000] {logging_mixin.py:188} INFO - [2024-06-05T19:21:53.938+0000] {dag.py:3954} INFO - Setting next_dagrun for example_trigger_controller_dag to 2021-01-01 00:00:00+00:00, run_after=2021-01-01 00:00:00+00:00
[2024-06-05T19:21:53.951+0000] {processor.py:183} INFO - Processing /home/airflow/.local/lib/python3.12/site-packages/airflow/example_dags/example_trigger_controller_dag.py took 0.043 seconds
[2024-06-05T19:22:24.139+0000] {processor.py:161} INFO - Started process (PID=235) to work on /home/airflow/.local/lib/python3.12/site-packages/airflow/example_dags/example_trigger_controller_dag.py
[2024-06-05T19:22:24.140+0000] {processor.py:830} INFO - Processing file /home/airflow/.local/lib/python3.12/site-packages/airflow/example_dags/example_trigger_controller_dag.py for tasks to queue
[2024-06-05T19:22:24.140+0000] {logging_mixin.py:188} INFO - [2024-06-05T19:22:24.140+0000] {dagbag.py:545} INFO - Filling up the DagBag from /home/airflow/.local/lib/python3.12/site-packages/airflow/example_dags/example_trigger_controller_dag.py
[2024-06-05T19:22:24.143+0000] {processor.py:840} INFO - DAG(s) 'example_trigger_controller_dag' retrieved from /home/airflow/.local/lib/python3.12/site-packages/airflow/example_dags/example_trigger_controller_dag.py
[2024-06-05T19:22:24.154+0000] {logging_mixin.py:188} INFO - [2024-06-05T19:22:24.154+0000] {dag.py:3096} INFO - Sync 1 DAGs
[2024-06-05T19:22:24.167+0000] {logging_mixin.py:188} INFO - [2024-06-05T19:22:24.166+0000] {dag.py:3954} INFO - Setting next_dagrun for example_trigger_controller_dag to 2021-01-01 00:00:00+00:00, run_after=2021-01-01 00:00:00+00:00
[2024-06-05T19:22:24.179+0000] {processor.py:183} INFO - Processing /home/airflow/.local/lib/python3.12/site-packages/airflow/example_dags/example_trigger_controller_dag.py took 0.043 seconds
[2024-06-05T19:22:54.282+0000] {processor.py:161} INFO - Started process (PID=293) to work on /home/airflow/.local/lib/python3.12/site-packages/airflow/example_dags/example_trigger_controller_dag.py
[2024-06-05T19:22:54.283+0000] {processor.py:830} INFO - Processing file /home/airflow/.local/lib/python3.12/site-packages/airflow/example_dags/example_trigger_controller_dag.py for tasks to queue
[2024-06-05T19:22:54.284+0000] {logging_mixin.py:188} INFO - [2024-06-05T19:22:54.284+0000] {dagbag.py:545} INFO - Filling up the DagBag from /home/airflow/.local/lib/python3.12/site-packages/airflow/example_dags/example_trigger_controller_dag.py
[2024-06-05T19:22:54.288+0000] {processor.py:840} INFO - DAG(s) 'example_trigger_controller_dag' retrieved from /home/airflow/.local/lib/python3.12/site-packages/airflow/example_dags/example_trigger_controller_dag.py
[2024-06-05T19:22:54.300+0000] {logging_mixin.py:188} INFO - [2024-06-05T19:22:54.300+0000] {dag.py:3096} INFO - Sync 1 DAGs
[2024-06-05T19:22:54.314+0000] {logging_mixin.py:188} INFO - [2024-06-05T19:22:54.314+0000] {dag.py:3954} INFO - Setting next_dagrun for example_trigger_controller_dag to 2021-01-01 00:00:00+00:00, run_after=2021-01-01 00:00:00+00:00
[2024-06-05T19:22:54.327+0000] {processor.py:183} INFO - Processing /home/airflow/.local/lib/python3.12/site-packages/airflow/example_dags/example_trigger_controller_dag.py took 0.049 seconds
[2024-06-05T19:23:24.603+0000] {processor.py:161} INFO - Started process (PID=351) to work on /home/airflow/.local/lib/python3.12/site-packages/airflow/example_dags/example_trigger_controller_dag.py
[2024-06-05T19:23:24.604+0000] {processor.py:830} INFO - Processing file /home/airflow/.local/lib/python3.12/site-packages/airflow/example_dags/example_trigger_controller_dag.py for tasks to queue
[2024-06-05T19:23:24.605+0000] {logging_mixin.py:188} INFO - [2024-06-05T19:23:24.604+0000] {dagbag.py:545} INFO - Filling up the DagBag from /home/airflow/.local/lib/python3.12/site-packages/airflow/example_dags/example_trigger_controller_dag.py
[2024-06-05T19:23:24.608+0000] {processor.py:840} INFO - DAG(s) 'example_trigger_controller_dag' retrieved from /home/airflow/.local/lib/python3.12/site-packages/airflow/example_dags/example_trigger_controller_dag.py
[2024-06-05T19:23:24.619+0000] {logging_mixin.py:188} INFO - [2024-06-05T19:23:24.619+0000] {dag.py:3096} INFO - Sync 1 DAGs
[2024-06-05T19:23:24.632+0000] {logging_mixin.py:188} INFO - [2024-06-05T19:23:24.632+0000] {dag.py:3954} INFO - Setting next_dagrun for example_trigger_controller_dag to 2021-01-01 00:00:00+00:00, run_after=2021-01-01 00:00:00+00:00
[2024-06-05T19:23:24.645+0000] {processor.py:183} INFO - Processing /home/airflow/.local/lib/python3.12/site-packages/airflow/example_dags/example_trigger_controller_dag.py took 0.045 seconds
[2024-06-05T19:23:54.813+0000] {processor.py:161} INFO - Started process (PID=409) to work on /home/airflow/.local/lib/python3.12/site-packages/airflow/example_dags/example_trigger_controller_dag.py
[2024-06-05T19:23:54.814+0000] {processor.py:830} INFO - Processing file /home/airflow/.local/lib/python3.12/site-packages/airflow/example_dags/example_trigger_controller_dag.py for tasks to queue
[2024-06-05T19:23:54.815+0000] {logging_mixin.py:188} INFO - [2024-06-05T19:23:54.815+0000] {dagbag.py:545} INFO - Filling up the DagBag from /home/airflow/.local/lib/python3.12/site-packages/airflow/example_dags/example_trigger_controller_dag.py
[2024-06-05T19:23:54.817+0000] {processor.py:840} INFO - DAG(s) 'example_trigger_controller_dag' retrieved from /home/airflow/.local/lib/python3.12/site-packages/airflow/example_dags/example_trigger_controller_dag.py
[2024-06-05T19:23:54.829+0000] {logging_mixin.py:188} INFO - [2024-06-05T19:23:54.829+0000] {dag.py:3096} INFO - Sync 1 DAGs
[2024-06-05T19:23:54.843+0000] {logging_mixin.py:188} INFO - [2024-06-05T19:23:54.843+0000] {dag.py:3954} INFO - Setting next_dagrun for example_trigger_controller_dag to 2021-01-01 00:00:00+00:00, run_after=2021-01-01 00:00:00+00:00
[2024-06-05T19:23:54.856+0000] {processor.py:183} INFO - Processing /home/airflow/.local/lib/python3.12/site-packages/airflow/example_dags/example_trigger_controller_dag.py took 0.046 seconds
[2024-06-05T19:24:25.932+0000] {processor.py:161} INFO - Started process (PID=467) to work on /home/airflow/.local/lib/python3.12/site-packages/airflow/example_dags/example_trigger_controller_dag.py
[2024-06-05T19:24:25.933+0000] {processor.py:830} INFO - Processing file /home/airflow/.local/lib/python3.12/site-packages/airflow/example_dags/example_trigger_controller_dag.py for tasks to queue
[2024-06-05T19:24:25.934+0000] {logging_mixin.py:188} INFO - [2024-06-05T19:24:25.933+0000] {dagbag.py:545} INFO - Filling up the DagBag from /home/airflow/.local/lib/python3.12/site-packages/airflow/example_dags/example_trigger_controller_dag.py
[2024-06-05T19:24:25.936+0000] {processor.py:840} INFO - DAG(s) 'example_trigger_controller_dag' retrieved from /home/airflow/.local/lib/python3.12/site-packages/airflow/example_dags/example_trigger_controller_dag.py
[2024-06-05T19:24:25.947+0000] {logging_mixin.py:188} INFO - [2024-06-05T19:24:25.947+0000] {dag.py:3096} INFO - Sync 1 DAGs
[2024-06-05T19:24:25.960+0000] {logging_mixin.py:188} INFO - [2024-06-05T19:24:25.960+0000] {dag.py:3954} INFO - Setting next_dagrun for example_trigger_controller_dag to 2021-01-01 00:00:00+00:00, run_after=2021-01-01 00:00:00+00:00
[2024-06-05T19:24:25.973+0000] {processor.py:183} INFO - Processing /home/airflow/.local/lib/python3.12/site-packages/airflow/example_dags/example_trigger_controller_dag.py took 0.044 seconds
[2024-06-05T19:24:56.669+0000] {processor.py:161} INFO - Started process (PID=525) to work on /home/airflow/.local/lib/python3.12/site-packages/airflow/example_dags/example_trigger_controller_dag.py
[2024-06-05T19:24:56.669+0000] {processor.py:830} INFO - Processing file /home/airflow/.local/lib/python3.12/site-packages/airflow/example_dags/example_trigger_controller_dag.py for tasks to queue
[2024-06-05T19:24:56.670+0000] {logging_mixin.py:188} INFO - [2024-06-05T19:24:56.670+0000] {dagbag.py:545} INFO - Filling up the DagBag from /home/airflow/.local/lib/python3.12/site-packages/airflow/example_dags/example_trigger_controller_dag.py
[2024-06-05T19:24:56.673+0000] {processor.py:840} INFO - DAG(s) 'example_trigger_controller_dag' retrieved from /home/airflow/.local/lib/python3.12/site-packages/airflow/example_dags/example_trigger_controller_dag.py
[2024-06-05T19:24:56.684+0000] {logging_mixin.py:188} INFO - [2024-06-05T19:24:56.683+0000] {dag.py:3096} INFO - Sync 1 DAGs
[2024-06-05T19:24:56.696+0000] {logging_mixin.py:188} INFO - [2024-06-05T19:24:56.696+0000] {dag.py:3954} INFO - Setting next_dagrun for example_trigger_controller_dag to 2021-01-01 00:00:00+00:00, run_after=2021-01-01 00:00:00+00:00
[2024-06-05T19:24:56.708+0000] {processor.py:183} INFO - Processing /home/airflow/.local/lib/python3.12/site-packages/airflow/example_dags/example_trigger_controller_dag.py took 0.042 seconds
[2024-06-05T19:25:26.725+0000] {processor.py:161} INFO - Started process (PID=582) to work on /home/airflow/.local/lib/python3.12/site-packages/airflow/example_dags/example_trigger_controller_dag.py
[2024-06-05T19:25:26.726+0000] {processor.py:830} INFO - Processing file /home/airflow/.local/lib/python3.12/site-packages/airflow/example_dags/example_trigger_controller_dag.py for tasks to queue
[2024-06-05T19:25:26.727+0000] {logging_mixin.py:188} INFO - [2024-06-05T19:25:26.727+0000] {dagbag.py:545} INFO - Filling up the DagBag from /home/airflow/.local/lib/python3.12/site-packages/airflow/example_dags/example_trigger_controller_dag.py
[2024-06-05T19:25:26.729+0000] {processor.py:840} INFO - DAG(s) 'example_trigger_controller_dag' retrieved from /home/airflow/.local/lib/python3.12/site-packages/airflow/example_dags/example_trigger_controller_dag.py
[2024-06-05T19:25:26.740+0000] {logging_mixin.py:188} INFO - [2024-06-05T19:25:26.740+0000] {dag.py:3096} INFO - Sync 1 DAGs
[2024-06-05T19:25:26.752+0000] {logging_mixin.py:188} INFO - [2024-06-05T19:25:26.752+0000] {dag.py:3954} INFO - Setting next_dagrun for example_trigger_controller_dag to 2021-01-01 00:00:00+00:00, run_after=2021-01-01 00:00:00+00:00
[2024-06-05T19:25:26.766+0000] {processor.py:183} INFO - Processing /home/airflow/.local/lib/python3.12/site-packages/airflow/example_dags/example_trigger_controller_dag.py took 0.043 seconds
