[2024-06-05T19:20:52.481+0000] {processor.py:161} INFO - Started process (PID=55) to work on /home/airflow/.local/lib/python3.12/site-packages/airflow/example_dags/example_setup_teardown.py
[2024-06-05T19:20:52.481+0000] {processor.py:830} INFO - Processing file /home/airflow/.local/lib/python3.12/site-packages/airflow/example_dags/example_setup_teardown.py for tasks to queue
[2024-06-05T19:20:52.483+0000] {logging_mixin.py:188} INFO - [2024-06-05T19:20:52.482+0000] {dagbag.py:545} INFO - Filling up the DagBag from /home/airflow/.local/lib/python3.12/site-packages/airflow/example_dags/example_setup_teardown.py
[2024-06-05T19:20:52.487+0000] {processor.py:840} INFO - DAG(s) 'example_setup_teardown' retrieved from /home/airflow/.local/lib/python3.12/site-packages/airflow/example_dags/example_setup_teardown.py
[2024-06-05T19:20:52.494+0000] {logging_mixin.py:188} INFO - [2024-06-05T19:20:52.493+0000] {dag.py:3096} INFO - Sync 1 DAGs
[2024-06-05T19:20:52.510+0000] {logging_mixin.py:188} INFO - [2024-06-05T19:20:52.509+0000] {dag.py:3954} INFO - Setting next_dagrun for example_setup_teardown to 2024-06-04 00:00:00+00:00, run_after=2024-06-05 00:00:00+00:00
[2024-06-05T19:20:52.524+0000] {processor.py:183} INFO - Processing /home/airflow/.local/lib/python3.12/site-packages/airflow/example_dags/example_setup_teardown.py took 0.046 seconds
[2024-06-05T19:21:22.871+0000] {processor.py:161} INFO - Started process (PID=113) to work on /home/airflow/.local/lib/python3.12/site-packages/airflow/example_dags/example_setup_teardown.py
[2024-06-05T19:21:22.872+0000] {processor.py:830} INFO - Processing file /home/airflow/.local/lib/python3.12/site-packages/airflow/example_dags/example_setup_teardown.py for tasks to queue
[2024-06-05T19:21:22.873+0000] {logging_mixin.py:188} INFO - [2024-06-05T19:21:22.873+0000] {dagbag.py:545} INFO - Filling up the DagBag from /home/airflow/.local/lib/python3.12/site-packages/airflow/example_dags/example_setup_teardown.py
[2024-06-05T19:21:22.876+0000] {processor.py:840} INFO - DAG(s) 'example_setup_teardown' retrieved from /home/airflow/.local/lib/python3.12/site-packages/airflow/example_dags/example_setup_teardown.py
[2024-06-05T19:21:22.935+0000] {logging_mixin.py:188} INFO - [2024-06-05T19:21:22.935+0000] {dag.py:3096} INFO - Sync 1 DAGs
[2024-06-05T19:21:22.948+0000] {logging_mixin.py:188} INFO - [2024-06-05T19:21:22.948+0000] {dag.py:3954} INFO - Setting next_dagrun for example_setup_teardown to 2024-06-04 00:00:00+00:00, run_after=2024-06-05 00:00:00+00:00
[2024-06-05T19:21:22.961+0000] {processor.py:183} INFO - Processing /home/airflow/.local/lib/python3.12/site-packages/airflow/example_dags/example_setup_teardown.py took 0.093 seconds
[2024-06-05T19:21:53.766+0000] {processor.py:161} INFO - Started process (PID=172) to work on /home/airflow/.local/lib/python3.12/site-packages/airflow/example_dags/example_setup_teardown.py
[2024-06-05T19:21:53.767+0000] {processor.py:830} INFO - Processing file /home/airflow/.local/lib/python3.12/site-packages/airflow/example_dags/example_setup_teardown.py for tasks to queue
[2024-06-05T19:21:53.768+0000] {logging_mixin.py:188} INFO - [2024-06-05T19:21:53.768+0000] {dagbag.py:545} INFO - Filling up the DagBag from /home/airflow/.local/lib/python3.12/site-packages/airflow/example_dags/example_setup_teardown.py
[2024-06-05T19:21:53.772+0000] {processor.py:840} INFO - DAG(s) 'example_setup_teardown' retrieved from /home/airflow/.local/lib/python3.12/site-packages/airflow/example_dags/example_setup_teardown.py
[2024-06-05T19:21:53.783+0000] {logging_mixin.py:188} INFO - [2024-06-05T19:21:53.783+0000] {dag.py:3096} INFO - Sync 1 DAGs
[2024-06-05T19:21:53.796+0000] {logging_mixin.py:188} INFO - [2024-06-05T19:21:53.796+0000] {dag.py:3954} INFO - Setting next_dagrun for example_setup_teardown to 2024-06-04 00:00:00+00:00, run_after=2024-06-05 00:00:00+00:00
[2024-06-05T19:21:53.808+0000] {processor.py:183} INFO - Processing /home/airflow/.local/lib/python3.12/site-packages/airflow/example_dags/example_setup_teardown.py took 0.045 seconds
[2024-06-05T19:22:23.990+0000] {processor.py:161} INFO - Started process (PID=230) to work on /home/airflow/.local/lib/python3.12/site-packages/airflow/example_dags/example_setup_teardown.py
[2024-06-05T19:22:23.990+0000] {processor.py:830} INFO - Processing file /home/airflow/.local/lib/python3.12/site-packages/airflow/example_dags/example_setup_teardown.py for tasks to queue
[2024-06-05T19:22:23.991+0000] {logging_mixin.py:188} INFO - [2024-06-05T19:22:23.991+0000] {dagbag.py:545} INFO - Filling up the DagBag from /home/airflow/.local/lib/python3.12/site-packages/airflow/example_dags/example_setup_teardown.py
[2024-06-05T19:22:23.995+0000] {processor.py:840} INFO - DAG(s) 'example_setup_teardown' retrieved from /home/airflow/.local/lib/python3.12/site-packages/airflow/example_dags/example_setup_teardown.py
[2024-06-05T19:22:24.006+0000] {logging_mixin.py:188} INFO - [2024-06-05T19:22:24.006+0000] {dag.py:3096} INFO - Sync 1 DAGs
[2024-06-05T19:22:24.020+0000] {logging_mixin.py:188} INFO - [2024-06-05T19:22:24.020+0000] {dag.py:3954} INFO - Setting next_dagrun for example_setup_teardown to 2024-06-04 00:00:00+00:00, run_after=2024-06-05 00:00:00+00:00
[2024-06-05T19:22:24.032+0000] {processor.py:183} INFO - Processing /home/airflow/.local/lib/python3.12/site-packages/airflow/example_dags/example_setup_teardown.py took 0.046 seconds
[2024-06-05T19:22:54.124+0000] {processor.py:161} INFO - Started process (PID=288) to work on /home/airflow/.local/lib/python3.12/site-packages/airflow/example_dags/example_setup_teardown.py
[2024-06-05T19:22:54.125+0000] {processor.py:830} INFO - Processing file /home/airflow/.local/lib/python3.12/site-packages/airflow/example_dags/example_setup_teardown.py for tasks to queue
[2024-06-05T19:22:54.126+0000] {logging_mixin.py:188} INFO - [2024-06-05T19:22:54.126+0000] {dagbag.py:545} INFO - Filling up the DagBag from /home/airflow/.local/lib/python3.12/site-packages/airflow/example_dags/example_setup_teardown.py
[2024-06-05T19:22:54.129+0000] {processor.py:840} INFO - DAG(s) 'example_setup_teardown' retrieved from /home/airflow/.local/lib/python3.12/site-packages/airflow/example_dags/example_setup_teardown.py
[2024-06-05T19:22:54.141+0000] {logging_mixin.py:188} INFO - [2024-06-05T19:22:54.140+0000] {dag.py:3096} INFO - Sync 1 DAGs
[2024-06-05T19:22:54.153+0000] {logging_mixin.py:188} INFO - [2024-06-05T19:22:54.153+0000] {dag.py:3954} INFO - Setting next_dagrun for example_setup_teardown to 2024-06-04 00:00:00+00:00, run_after=2024-06-05 00:00:00+00:00
[2024-06-05T19:22:54.165+0000] {processor.py:183} INFO - Processing /home/airflow/.local/lib/python3.12/site-packages/airflow/example_dags/example_setup_teardown.py took 0.045 seconds
[2024-06-05T19:23:24.438+0000] {processor.py:161} INFO - Started process (PID=346) to work on /home/airflow/.local/lib/python3.12/site-packages/airflow/example_dags/example_setup_teardown.py
[2024-06-05T19:23:24.439+0000] {processor.py:830} INFO - Processing file /home/airflow/.local/lib/python3.12/site-packages/airflow/example_dags/example_setup_teardown.py for tasks to queue
[2024-06-05T19:23:24.440+0000] {logging_mixin.py:188} INFO - [2024-06-05T19:23:24.440+0000] {dagbag.py:545} INFO - Filling up the DagBag from /home/airflow/.local/lib/python3.12/site-packages/airflow/example_dags/example_setup_teardown.py
[2024-06-05T19:23:24.444+0000] {processor.py:840} INFO - DAG(s) 'example_setup_teardown' retrieved from /home/airflow/.local/lib/python3.12/site-packages/airflow/example_dags/example_setup_teardown.py
[2024-06-05T19:23:24.456+0000] {logging_mixin.py:188} INFO - [2024-06-05T19:23:24.456+0000] {dag.py:3096} INFO - Sync 1 DAGs
[2024-06-05T19:23:24.470+0000] {logging_mixin.py:188} INFO - [2024-06-05T19:23:24.470+0000] {dag.py:3954} INFO - Setting next_dagrun for example_setup_teardown to 2024-06-04 00:00:00+00:00, run_after=2024-06-05 00:00:00+00:00
[2024-06-05T19:23:24.482+0000] {processor.py:183} INFO - Processing /home/airflow/.local/lib/python3.12/site-packages/airflow/example_dags/example_setup_teardown.py took 0.047 seconds
[2024-06-05T19:23:54.660+0000] {processor.py:161} INFO - Started process (PID=404) to work on /home/airflow/.local/lib/python3.12/site-packages/airflow/example_dags/example_setup_teardown.py
[2024-06-05T19:23:54.661+0000] {processor.py:830} INFO - Processing file /home/airflow/.local/lib/python3.12/site-packages/airflow/example_dags/example_setup_teardown.py for tasks to queue
[2024-06-05T19:23:54.662+0000] {logging_mixin.py:188} INFO - [2024-06-05T19:23:54.662+0000] {dagbag.py:545} INFO - Filling up the DagBag from /home/airflow/.local/lib/python3.12/site-packages/airflow/example_dags/example_setup_teardown.py
[2024-06-05T19:23:54.666+0000] {processor.py:840} INFO - DAG(s) 'example_setup_teardown' retrieved from /home/airflow/.local/lib/python3.12/site-packages/airflow/example_dags/example_setup_teardown.py
[2024-06-05T19:23:54.680+0000] {logging_mixin.py:188} INFO - [2024-06-05T19:23:54.679+0000] {dag.py:3096} INFO - Sync 1 DAGs
[2024-06-05T19:23:54.694+0000] {logging_mixin.py:188} INFO - [2024-06-05T19:23:54.694+0000] {dag.py:3954} INFO - Setting next_dagrun for example_setup_teardown to 2024-06-04 00:00:00+00:00, run_after=2024-06-05 00:00:00+00:00
[2024-06-05T19:23:54.709+0000] {processor.py:183} INFO - Processing /home/airflow/.local/lib/python3.12/site-packages/airflow/example_dags/example_setup_teardown.py took 0.052 seconds
[2024-06-05T19:24:25.762+0000] {processor.py:161} INFO - Started process (PID=462) to work on /home/airflow/.local/lib/python3.12/site-packages/airflow/example_dags/example_setup_teardown.py
[2024-06-05T19:24:25.763+0000] {processor.py:830} INFO - Processing file /home/airflow/.local/lib/python3.12/site-packages/airflow/example_dags/example_setup_teardown.py for tasks to queue
[2024-06-05T19:24:25.764+0000] {logging_mixin.py:188} INFO - [2024-06-05T19:24:25.763+0000] {dagbag.py:545} INFO - Filling up the DagBag from /home/airflow/.local/lib/python3.12/site-packages/airflow/example_dags/example_setup_teardown.py
[2024-06-05T19:24:25.767+0000] {processor.py:840} INFO - DAG(s) 'example_setup_teardown' retrieved from /home/airflow/.local/lib/python3.12/site-packages/airflow/example_dags/example_setup_teardown.py
[2024-06-05T19:24:25.779+0000] {logging_mixin.py:188} INFO - [2024-06-05T19:24:25.779+0000] {dag.py:3096} INFO - Sync 1 DAGs
[2024-06-05T19:24:25.791+0000] {logging_mixin.py:188} INFO - [2024-06-05T19:24:25.791+0000] {dag.py:3954} INFO - Setting next_dagrun for example_setup_teardown to 2024-06-04 00:00:00+00:00, run_after=2024-06-05 00:00:00+00:00
[2024-06-05T19:24:25.804+0000] {processor.py:183} INFO - Processing /home/airflow/.local/lib/python3.12/site-packages/airflow/example_dags/example_setup_teardown.py took 0.045 seconds
[2024-06-05T19:24:56.491+0000] {processor.py:161} INFO - Started process (PID=520) to work on /home/airflow/.local/lib/python3.12/site-packages/airflow/example_dags/example_setup_teardown.py
[2024-06-05T19:24:56.491+0000] {processor.py:830} INFO - Processing file /home/airflow/.local/lib/python3.12/site-packages/airflow/example_dags/example_setup_teardown.py for tasks to queue
[2024-06-05T19:24:56.492+0000] {logging_mixin.py:188} INFO - [2024-06-05T19:24:56.492+0000] {dagbag.py:545} INFO - Filling up the DagBag from /home/airflow/.local/lib/python3.12/site-packages/airflow/example_dags/example_setup_teardown.py
[2024-06-05T19:24:56.496+0000] {processor.py:840} INFO - DAG(s) 'example_setup_teardown' retrieved from /home/airflow/.local/lib/python3.12/site-packages/airflow/example_dags/example_setup_teardown.py
[2024-06-05T19:24:56.508+0000] {logging_mixin.py:188} INFO - [2024-06-05T19:24:56.508+0000] {dag.py:3096} INFO - Sync 1 DAGs
[2024-06-05T19:24:56.522+0000] {logging_mixin.py:188} INFO - [2024-06-05T19:24:56.521+0000] {dag.py:3954} INFO - Setting next_dagrun for example_setup_teardown to 2024-06-04 00:00:00+00:00, run_after=2024-06-05 00:00:00+00:00
[2024-06-05T19:24:56.534+0000] {processor.py:183} INFO - Processing /home/airflow/.local/lib/python3.12/site-packages/airflow/example_dags/example_setup_teardown.py took 0.046 seconds
[2024-06-05T19:25:26.617+0000] {processor.py:161} INFO - Started process (PID=578) to work on /home/airflow/.local/lib/python3.12/site-packages/airflow/example_dags/example_setup_teardown.py
[2024-06-05T19:25:26.617+0000] {processor.py:830} INFO - Processing file /home/airflow/.local/lib/python3.12/site-packages/airflow/example_dags/example_setup_teardown.py for tasks to queue
[2024-06-05T19:25:26.618+0000] {logging_mixin.py:188} INFO - [2024-06-05T19:25:26.618+0000] {dagbag.py:545} INFO - Filling up the DagBag from /home/airflow/.local/lib/python3.12/site-packages/airflow/example_dags/example_setup_teardown.py
[2024-06-05T19:25:26.622+0000] {processor.py:840} INFO - DAG(s) 'example_setup_teardown' retrieved from /home/airflow/.local/lib/python3.12/site-packages/airflow/example_dags/example_setup_teardown.py
[2024-06-05T19:25:26.633+0000] {logging_mixin.py:188} INFO - [2024-06-05T19:25:26.633+0000] {dag.py:3096} INFO - Sync 1 DAGs
[2024-06-05T19:25:26.645+0000] {logging_mixin.py:188} INFO - [2024-06-05T19:25:26.645+0000] {dag.py:3954} INFO - Setting next_dagrun for example_setup_teardown to 2024-06-04 00:00:00+00:00, run_after=2024-06-05 00:00:00+00:00
[2024-06-05T19:25:26.659+0000] {processor.py:183} INFO - Processing /home/airflow/.local/lib/python3.12/site-packages/airflow/example_dags/example_setup_teardown.py took 0.045 seconds
