[2024-06-05T19:20:51.721+0000] {processor.py:161} INFO - Started process (PID=41) to work on /home/airflow/.local/lib/python3.12/site-packages/airflow/example_dags/example_complex.py
[2024-06-05T19:20:51.722+0000] {processor.py:830} INFO - Processing file /home/airflow/.local/lib/python3.12/site-packages/airflow/example_dags/example_complex.py for tasks to queue
[2024-06-05T19:20:51.723+0000] {logging_mixin.py:188} INFO - [2024-06-05T19:20:51.723+0000] {dagbag.py:545} INFO - Filling up the DagBag from /home/airflow/.local/lib/python3.12/site-packages/airflow/example_dags/example_complex.py
[2024-06-05T19:20:51.731+0000] {processor.py:840} INFO - DAG(s) 'example_complex' retrieved from /home/airflow/.local/lib/python3.12/site-packages/airflow/example_dags/example_complex.py
[2024-06-05T19:20:51.738+0000] {logging_mixin.py:188} INFO - [2024-06-05T19:20:51.737+0000] {dag.py:3096} INFO - Sync 1 DAGs
[2024-06-05T19:20:51.748+0000] {logging_mixin.py:188} INFO - [2024-06-05T19:20:51.748+0000] {dag.py:3954} INFO - Setting next_dagrun for example_complex to None, run_after=None
[2024-06-05T19:20:51.762+0000] {processor.py:183} INFO - Processing /home/airflow/.local/lib/python3.12/site-packages/airflow/example_dags/example_complex.py took 0.044 seconds
[2024-06-05T19:21:22.123+0000] {processor.py:161} INFO - Started process (PID=99) to work on /home/airflow/.local/lib/python3.12/site-packages/airflow/example_dags/example_complex.py
[2024-06-05T19:21:22.123+0000] {processor.py:830} INFO - Processing file /home/airflow/.local/lib/python3.12/site-packages/airflow/example_dags/example_complex.py for tasks to queue
[2024-06-05T19:21:22.125+0000] {logging_mixin.py:188} INFO - [2024-06-05T19:21:22.124+0000] {dagbag.py:545} INFO - Filling up the DagBag from /home/airflow/.local/lib/python3.12/site-packages/airflow/example_dags/example_complex.py
[2024-06-05T19:21:22.131+0000] {processor.py:840} INFO - DAG(s) 'example_complex' retrieved from /home/airflow/.local/lib/python3.12/site-packages/airflow/example_dags/example_complex.py
[2024-06-05T19:21:22.196+0000] {logging_mixin.py:188} INFO - [2024-06-05T19:21:22.196+0000] {dag.py:3096} INFO - Sync 1 DAGs
[2024-06-05T19:21:22.203+0000] {logging_mixin.py:188} INFO - [2024-06-05T19:21:22.202+0000] {dag.py:3954} INFO - Setting next_dagrun for example_complex to None, run_after=None
[2024-06-05T19:21:22.218+0000] {processor.py:183} INFO - Processing /home/airflow/.local/lib/python3.12/site-packages/airflow/example_dags/example_complex.py took 0.099 seconds
[2024-06-05T19:21:52.288+0000] {processor.py:161} INFO - Started process (PID=158) to work on /home/airflow/.local/lib/python3.12/site-packages/airflow/example_dags/example_complex.py
[2024-06-05T19:21:52.289+0000] {processor.py:830} INFO - Processing file /home/airflow/.local/lib/python3.12/site-packages/airflow/example_dags/example_complex.py for tasks to queue
[2024-06-05T19:21:52.290+0000] {logging_mixin.py:188} INFO - [2024-06-05T19:21:52.290+0000] {dagbag.py:545} INFO - Filling up the DagBag from /home/airflow/.local/lib/python3.12/site-packages/airflow/example_dags/example_complex.py
[2024-06-05T19:21:52.296+0000] {processor.py:840} INFO - DAG(s) 'example_complex' retrieved from /home/airflow/.local/lib/python3.12/site-packages/airflow/example_dags/example_complex.py
[2024-06-05T19:21:52.317+0000] {logging_mixin.py:188} INFO - [2024-06-05T19:21:52.317+0000] {dag.py:3096} INFO - Sync 1 DAGs
[2024-06-05T19:21:52.324+0000] {logging_mixin.py:188} INFO - [2024-06-05T19:21:52.324+0000] {dag.py:3954} INFO - Setting next_dagrun for example_complex to None, run_after=None
[2024-06-05T19:21:52.337+0000] {processor.py:183} INFO - Processing /home/airflow/.local/lib/python3.12/site-packages/airflow/example_dags/example_complex.py took 0.051 seconds
[2024-06-05T19:22:22.438+0000] {processor.py:161} INFO - Started process (PID=216) to work on /home/airflow/.local/lib/python3.12/site-packages/airflow/example_dags/example_complex.py
[2024-06-05T19:22:22.439+0000] {processor.py:830} INFO - Processing file /home/airflow/.local/lib/python3.12/site-packages/airflow/example_dags/example_complex.py for tasks to queue
[2024-06-05T19:22:22.440+0000] {logging_mixin.py:188} INFO - [2024-06-05T19:22:22.440+0000] {dagbag.py:545} INFO - Filling up the DagBag from /home/airflow/.local/lib/python3.12/site-packages/airflow/example_dags/example_complex.py
[2024-06-05T19:22:22.446+0000] {processor.py:840} INFO - DAG(s) 'example_complex' retrieved from /home/airflow/.local/lib/python3.12/site-packages/airflow/example_dags/example_complex.py
[2024-06-05T19:22:22.468+0000] {logging_mixin.py:188} INFO - [2024-06-05T19:22:22.468+0000] {dag.py:3096} INFO - Sync 1 DAGs
[2024-06-05T19:22:22.477+0000] {logging_mixin.py:188} INFO - [2024-06-05T19:22:22.477+0000] {dag.py:3954} INFO - Setting next_dagrun for example_complex to None, run_after=None
[2024-06-05T19:22:22.493+0000] {processor.py:183} INFO - Processing /home/airflow/.local/lib/python3.12/site-packages/airflow/example_dags/example_complex.py took 0.059 seconds
[2024-06-05T19:22:52.589+0000] {processor.py:161} INFO - Started process (PID=274) to work on /home/airflow/.local/lib/python3.12/site-packages/airflow/example_dags/example_complex.py
[2024-06-05T19:22:52.589+0000] {processor.py:830} INFO - Processing file /home/airflow/.local/lib/python3.12/site-packages/airflow/example_dags/example_complex.py for tasks to queue
[2024-06-05T19:22:52.590+0000] {logging_mixin.py:188} INFO - [2024-06-05T19:22:52.590+0000] {dagbag.py:545} INFO - Filling up the DagBag from /home/airflow/.local/lib/python3.12/site-packages/airflow/example_dags/example_complex.py
[2024-06-05T19:22:52.596+0000] {processor.py:840} INFO - DAG(s) 'example_complex' retrieved from /home/airflow/.local/lib/python3.12/site-packages/airflow/example_dags/example_complex.py
[2024-06-05T19:22:52.618+0000] {logging_mixin.py:188} INFO - [2024-06-05T19:22:52.617+0000] {dag.py:3096} INFO - Sync 1 DAGs
[2024-06-05T19:22:52.627+0000] {logging_mixin.py:188} INFO - [2024-06-05T19:22:52.626+0000] {dag.py:3954} INFO - Setting next_dagrun for example_complex to None, run_after=None
[2024-06-05T19:22:52.640+0000] {processor.py:183} INFO - Processing /home/airflow/.local/lib/python3.12/site-packages/airflow/example_dags/example_complex.py took 0.054 seconds
[2024-06-05T19:23:22.929+0000] {processor.py:161} INFO - Started process (PID=332) to work on /home/airflow/.local/lib/python3.12/site-packages/airflow/example_dags/example_complex.py
[2024-06-05T19:23:22.930+0000] {processor.py:830} INFO - Processing file /home/airflow/.local/lib/python3.12/site-packages/airflow/example_dags/example_complex.py for tasks to queue
[2024-06-05T19:23:22.931+0000] {logging_mixin.py:188} INFO - [2024-06-05T19:23:22.931+0000] {dagbag.py:545} INFO - Filling up the DagBag from /home/airflow/.local/lib/python3.12/site-packages/airflow/example_dags/example_complex.py
[2024-06-05T19:23:22.939+0000] {processor.py:840} INFO - DAG(s) 'example_complex' retrieved from /home/airflow/.local/lib/python3.12/site-packages/airflow/example_dags/example_complex.py
[2024-06-05T19:23:22.963+0000] {logging_mixin.py:188} INFO - [2024-06-05T19:23:22.963+0000] {dag.py:3096} INFO - Sync 1 DAGs
[2024-06-05T19:23:22.973+0000] {logging_mixin.py:188} INFO - [2024-06-05T19:23:22.973+0000] {dag.py:3954} INFO - Setting next_dagrun for example_complex to None, run_after=None
[2024-06-05T19:23:22.991+0000] {processor.py:183} INFO - Processing /home/airflow/.local/lib/python3.12/site-packages/airflow/example_dags/example_complex.py took 0.065 seconds
[2024-06-05T19:23:53.112+0000] {processor.py:161} INFO - Started process (PID=390) to work on /home/airflow/.local/lib/python3.12/site-packages/airflow/example_dags/example_complex.py
[2024-06-05T19:23:53.113+0000] {processor.py:830} INFO - Processing file /home/airflow/.local/lib/python3.12/site-packages/airflow/example_dags/example_complex.py for tasks to queue
[2024-06-05T19:23:53.114+0000] {logging_mixin.py:188} INFO - [2024-06-05T19:23:53.114+0000] {dagbag.py:545} INFO - Filling up the DagBag from /home/airflow/.local/lib/python3.12/site-packages/airflow/example_dags/example_complex.py
[2024-06-05T19:23:53.120+0000] {processor.py:840} INFO - DAG(s) 'example_complex' retrieved from /home/airflow/.local/lib/python3.12/site-packages/airflow/example_dags/example_complex.py
[2024-06-05T19:23:53.142+0000] {logging_mixin.py:188} INFO - [2024-06-05T19:23:53.142+0000] {dag.py:3096} INFO - Sync 1 DAGs
[2024-06-05T19:23:53.150+0000] {logging_mixin.py:188} INFO - [2024-06-05T19:23:53.150+0000] {dag.py:3954} INFO - Setting next_dagrun for example_complex to None, run_after=None
[2024-06-05T19:23:53.163+0000] {processor.py:183} INFO - Processing /home/airflow/.local/lib/python3.12/site-packages/airflow/example_dags/example_complex.py took 0.054 seconds
[2024-06-05T19:24:23.201+0000] {processor.py:161} INFO - Started process (PID=448) to work on /home/airflow/.local/lib/python3.12/site-packages/airflow/example_dags/example_complex.py
[2024-06-05T19:24:23.201+0000] {processor.py:830} INFO - Processing file /home/airflow/.local/lib/python3.12/site-packages/airflow/example_dags/example_complex.py for tasks to queue
[2024-06-05T19:24:23.203+0000] {logging_mixin.py:188} INFO - [2024-06-05T19:24:23.202+0000] {dagbag.py:545} INFO - Filling up the DagBag from /home/airflow/.local/lib/python3.12/site-packages/airflow/example_dags/example_complex.py
[2024-06-05T19:24:23.209+0000] {processor.py:840} INFO - DAG(s) 'example_complex' retrieved from /home/airflow/.local/lib/python3.12/site-packages/airflow/example_dags/example_complex.py
[2024-06-05T19:24:23.230+0000] {logging_mixin.py:188} INFO - [2024-06-05T19:24:23.230+0000] {dag.py:3096} INFO - Sync 1 DAGs
[2024-06-05T19:24:23.239+0000] {logging_mixin.py:188} INFO - [2024-06-05T19:24:23.239+0000] {dag.py:3954} INFO - Setting next_dagrun for example_complex to None, run_after=None
[2024-06-05T19:24:23.255+0000] {processor.py:183} INFO - Processing /home/airflow/.local/lib/python3.12/site-packages/airflow/example_dags/example_complex.py took 0.059 seconds
[2024-06-05T19:24:53.962+0000] {processor.py:161} INFO - Started process (PID=506) to work on /home/airflow/.local/lib/python3.12/site-packages/airflow/example_dags/example_complex.py
[2024-06-05T19:24:53.963+0000] {processor.py:830} INFO - Processing file /home/airflow/.local/lib/python3.12/site-packages/airflow/example_dags/example_complex.py for tasks to queue
[2024-06-05T19:24:53.964+0000] {logging_mixin.py:188} INFO - [2024-06-05T19:24:53.964+0000] {dagbag.py:545} INFO - Filling up the DagBag from /home/airflow/.local/lib/python3.12/site-packages/airflow/example_dags/example_complex.py
[2024-06-05T19:24:53.971+0000] {processor.py:840} INFO - DAG(s) 'example_complex' retrieved from /home/airflow/.local/lib/python3.12/site-packages/airflow/example_dags/example_complex.py
[2024-06-05T19:24:53.993+0000] {logging_mixin.py:188} INFO - [2024-06-05T19:24:53.993+0000] {dag.py:3096} INFO - Sync 1 DAGs
[2024-06-05T19:24:54.003+0000] {logging_mixin.py:188} INFO - [2024-06-05T19:24:54.003+0000] {dag.py:3954} INFO - Setting next_dagrun for example_complex to None, run_after=None
[2024-06-05T19:24:54.018+0000] {processor.py:183} INFO - Processing /home/airflow/.local/lib/python3.12/site-packages/airflow/example_dags/example_complex.py took 0.059 seconds
[2024-06-05T19:25:24.083+0000] {processor.py:161} INFO - Started process (PID=564) to work on /home/airflow/.local/lib/python3.12/site-packages/airflow/example_dags/example_complex.py
[2024-06-05T19:25:24.084+0000] {processor.py:830} INFO - Processing file /home/airflow/.local/lib/python3.12/site-packages/airflow/example_dags/example_complex.py for tasks to queue
[2024-06-05T19:25:24.085+0000] {logging_mixin.py:188} INFO - [2024-06-05T19:25:24.085+0000] {dagbag.py:545} INFO - Filling up the DagBag from /home/airflow/.local/lib/python3.12/site-packages/airflow/example_dags/example_complex.py
[2024-06-05T19:25:24.091+0000] {processor.py:840} INFO - DAG(s) 'example_complex' retrieved from /home/airflow/.local/lib/python3.12/site-packages/airflow/example_dags/example_complex.py
[2024-06-05T19:25:24.111+0000] {logging_mixin.py:188} INFO - [2024-06-05T19:25:24.111+0000] {dag.py:3096} INFO - Sync 1 DAGs
[2024-06-05T19:25:24.118+0000] {logging_mixin.py:188} INFO - [2024-06-05T19:25:24.118+0000] {dag.py:3954} INFO - Setting next_dagrun for example_complex to None, run_after=None
[2024-06-05T19:25:24.132+0000] {processor.py:183} INFO - Processing /home/airflow/.local/lib/python3.12/site-packages/airflow/example_dags/example_complex.py took 0.051 seconds
[2024-06-05T19:34:39.753+0000] {processor.py:161} INFO - Started process (PID=41) to work on /home/airflow/.local/lib/python3.12/site-packages/airflow/example_dags/example_complex.py
[2024-06-05T19:34:39.754+0000] {processor.py:830} INFO - Processing file /home/airflow/.local/lib/python3.12/site-packages/airflow/example_dags/example_complex.py for tasks to queue
[2024-06-05T19:34:39.755+0000] {logging_mixin.py:188} INFO - [2024-06-05T19:34:39.755+0000] {dagbag.py:545} INFO - Filling up the DagBag from /home/airflow/.local/lib/python3.12/site-packages/airflow/example_dags/example_complex.py
[2024-06-05T19:34:39.763+0000] {processor.py:840} INFO - DAG(s) 'example_complex' retrieved from /home/airflow/.local/lib/python3.12/site-packages/airflow/example_dags/example_complex.py
[2024-06-05T19:34:39.790+0000] {logging_mixin.py:188} INFO - [2024-06-05T19:34:39.790+0000] {dag.py:3096} INFO - Sync 1 DAGs
[2024-06-05T19:34:39.800+0000] {logging_mixin.py:188} INFO - [2024-06-05T19:34:39.799+0000] {dag.py:3954} INFO - Setting next_dagrun for example_complex to None, run_after=None
[2024-06-05T19:34:39.814+0000] {processor.py:183} INFO - Processing /home/airflow/.local/lib/python3.12/site-packages/airflow/example_dags/example_complex.py took 0.065 seconds
[2024-06-05T19:35:10.015+0000] {processor.py:161} INFO - Started process (PID=99) to work on /home/airflow/.local/lib/python3.12/site-packages/airflow/example_dags/example_complex.py
[2024-06-05T19:35:10.016+0000] {processor.py:830} INFO - Processing file /home/airflow/.local/lib/python3.12/site-packages/airflow/example_dags/example_complex.py for tasks to queue
[2024-06-05T19:35:10.017+0000] {logging_mixin.py:188} INFO - [2024-06-05T19:35:10.016+0000] {dagbag.py:545} INFO - Filling up the DagBag from /home/airflow/.local/lib/python3.12/site-packages/airflow/example_dags/example_complex.py
[2024-06-05T19:35:10.022+0000] {processor.py:840} INFO - DAG(s) 'example_complex' retrieved from /home/airflow/.local/lib/python3.12/site-packages/airflow/example_dags/example_complex.py
[2024-06-05T19:35:10.043+0000] {logging_mixin.py:188} INFO - [2024-06-05T19:35:10.042+0000] {dag.py:3096} INFO - Sync 1 DAGs
[2024-06-05T19:35:10.051+0000] {logging_mixin.py:188} INFO - [2024-06-05T19:35:10.051+0000] {dag.py:3954} INFO - Setting next_dagrun for example_complex to None, run_after=None
[2024-06-05T19:35:10.065+0000] {processor.py:183} INFO - Processing /home/airflow/.local/lib/python3.12/site-packages/airflow/example_dags/example_complex.py took 0.053 seconds
