[2024-06-05T19:20:51.771+0000] {processor.py:161} INFO - Started process (PID=42) to work on /home/airflow/.local/lib/python3.12/site-packages/airflow/example_dags/example_display_name.py
[2024-06-05T19:20:51.771+0000] {processor.py:830} INFO - Processing file /home/airflow/.local/lib/python3.12/site-packages/airflow/example_dags/example_display_name.py for tasks to queue
[2024-06-05T19:20:51.772+0000] {logging_mixin.py:188} INFO - [2024-06-05T19:20:51.772+0000] {dagbag.py:545} INFO - Filling up the DagBag from /home/airflow/.local/lib/python3.12/site-packages/airflow/example_dags/example_display_name.py
[2024-06-05T19:20:51.777+0000] {processor.py:840} INFO - DAG(s) 'example_display_name' retrieved from /home/airflow/.local/lib/python3.12/site-packages/airflow/example_dags/example_display_name.py
[2024-06-05T19:20:51.785+0000] {logging_mixin.py:188} INFO - [2024-06-05T19:20:51.784+0000] {dag.py:3096} INFO - Sync 1 DAGs
[2024-06-05T19:20:51.795+0000] {logging_mixin.py:188} INFO - [2024-06-05T19:20:51.795+0000] {dag.py:3954} INFO - Setting next_dagrun for example_display_name to None, run_after=None
[2024-06-05T19:20:51.808+0000] {processor.py:183} INFO - Processing /home/airflow/.local/lib/python3.12/site-packages/airflow/example_dags/example_display_name.py took 0.040 seconds
[2024-06-05T19:21:22.123+0000] {processor.py:161} INFO - Started process (PID=100) to work on /home/airflow/.local/lib/python3.12/site-packages/airflow/example_dags/example_display_name.py
[2024-06-05T19:21:22.123+0000] {processor.py:830} INFO - Processing file /home/airflow/.local/lib/python3.12/site-packages/airflow/example_dags/example_display_name.py for tasks to queue
[2024-06-05T19:21:22.125+0000] {logging_mixin.py:188} INFO - [2024-06-05T19:21:22.124+0000] {dagbag.py:545} INFO - Filling up the DagBag from /home/airflow/.local/lib/python3.12/site-packages/airflow/example_dags/example_display_name.py
[2024-06-05T19:21:22.128+0000] {processor.py:840} INFO - DAG(s) 'example_display_name' retrieved from /home/airflow/.local/lib/python3.12/site-packages/airflow/example_dags/example_display_name.py
[2024-06-05T19:21:22.188+0000] {logging_mixin.py:188} INFO - [2024-06-05T19:21:22.188+0000] {dag.py:3096} INFO - Sync 1 DAGs
[2024-06-05T19:21:22.194+0000] {logging_mixin.py:188} INFO - [2024-06-05T19:21:22.194+0000] {dag.py:3954} INFO - Setting next_dagrun for example_display_name to None, run_after=None
[2024-06-05T19:21:22.207+0000] {processor.py:183} INFO - Processing /home/airflow/.local/lib/python3.12/site-packages/airflow/example_dags/example_display_name.py took 0.088 seconds
[2024-06-05T19:21:52.330+0000] {processor.py:161} INFO - Started process (PID=159) to work on /home/airflow/.local/lib/python3.12/site-packages/airflow/example_dags/example_display_name.py
[2024-06-05T19:21:52.331+0000] {processor.py:830} INFO - Processing file /home/airflow/.local/lib/python3.12/site-packages/airflow/example_dags/example_display_name.py for tasks to queue
[2024-06-05T19:21:52.331+0000] {logging_mixin.py:188} INFO - [2024-06-05T19:21:52.331+0000] {dagbag.py:545} INFO - Filling up the DagBag from /home/airflow/.local/lib/python3.12/site-packages/airflow/example_dags/example_display_name.py
[2024-06-05T19:21:52.334+0000] {processor.py:840} INFO - DAG(s) 'example_display_name' retrieved from /home/airflow/.local/lib/python3.12/site-packages/airflow/example_dags/example_display_name.py
[2024-06-05T19:21:52.345+0000] {logging_mixin.py:188} INFO - [2024-06-05T19:21:52.345+0000] {dag.py:3096} INFO - Sync 1 DAGs
[2024-06-05T19:21:52.352+0000] {logging_mixin.py:188} INFO - [2024-06-05T19:21:52.352+0000] {dag.py:3954} INFO - Setting next_dagrun for example_display_name to None, run_after=None
[2024-06-05T19:21:52.364+0000] {processor.py:183} INFO - Processing /home/airflow/.local/lib/python3.12/site-packages/airflow/example_dags/example_display_name.py took 0.037 seconds
[2024-06-05T19:22:22.490+0000] {processor.py:161} INFO - Started process (PID=217) to work on /home/airflow/.local/lib/python3.12/site-packages/airflow/example_dags/example_display_name.py
[2024-06-05T19:22:22.490+0000] {processor.py:830} INFO - Processing file /home/airflow/.local/lib/python3.12/site-packages/airflow/example_dags/example_display_name.py for tasks to queue
[2024-06-05T19:22:22.491+0000] {logging_mixin.py:188} INFO - [2024-06-05T19:22:22.491+0000] {dagbag.py:545} INFO - Filling up the DagBag from /home/airflow/.local/lib/python3.12/site-packages/airflow/example_dags/example_display_name.py
[2024-06-05T19:22:22.495+0000] {processor.py:840} INFO - DAG(s) 'example_display_name' retrieved from /home/airflow/.local/lib/python3.12/site-packages/airflow/example_dags/example_display_name.py
[2024-06-05T19:22:22.509+0000] {logging_mixin.py:188} INFO - [2024-06-05T19:22:22.509+0000] {dag.py:3096} INFO - Sync 1 DAGs
[2024-06-05T19:22:22.518+0000] {logging_mixin.py:188} INFO - [2024-06-05T19:22:22.518+0000] {dag.py:3954} INFO - Setting next_dagrun for example_display_name to None, run_after=None
[2024-06-05T19:22:22.533+0000] {processor.py:183} INFO - Processing /home/airflow/.local/lib/python3.12/site-packages/airflow/example_dags/example_display_name.py took 0.047 seconds
[2024-06-05T19:22:52.633+0000] {processor.py:161} INFO - Started process (PID=275) to work on /home/airflow/.local/lib/python3.12/site-packages/airflow/example_dags/example_display_name.py
[2024-06-05T19:22:52.633+0000] {processor.py:830} INFO - Processing file /home/airflow/.local/lib/python3.12/site-packages/airflow/example_dags/example_display_name.py for tasks to queue
[2024-06-05T19:22:52.635+0000] {logging_mixin.py:188} INFO - [2024-06-05T19:22:52.634+0000] {dagbag.py:545} INFO - Filling up the DagBag from /home/airflow/.local/lib/python3.12/site-packages/airflow/example_dags/example_display_name.py
[2024-06-05T19:22:52.638+0000] {processor.py:840} INFO - DAG(s) 'example_display_name' retrieved from /home/airflow/.local/lib/python3.12/site-packages/airflow/example_dags/example_display_name.py
[2024-06-05T19:22:52.649+0000] {logging_mixin.py:188} INFO - [2024-06-05T19:22:52.649+0000] {dag.py:3096} INFO - Sync 1 DAGs
[2024-06-05T19:22:52.657+0000] {logging_mixin.py:188} INFO - [2024-06-05T19:22:52.657+0000] {dag.py:3954} INFO - Setting next_dagrun for example_display_name to None, run_after=None
[2024-06-05T19:22:52.670+0000] {processor.py:183} INFO - Processing /home/airflow/.local/lib/python3.12/site-packages/airflow/example_dags/example_display_name.py took 0.041 seconds
[2024-06-05T19:23:22.981+0000] {processor.py:161} INFO - Started process (PID=333) to work on /home/airflow/.local/lib/python3.12/site-packages/airflow/example_dags/example_display_name.py
[2024-06-05T19:23:22.982+0000] {processor.py:830} INFO - Processing file /home/airflow/.local/lib/python3.12/site-packages/airflow/example_dags/example_display_name.py for tasks to queue
[2024-06-05T19:23:22.983+0000] {logging_mixin.py:188} INFO - [2024-06-05T19:23:22.983+0000] {dagbag.py:545} INFO - Filling up the DagBag from /home/airflow/.local/lib/python3.12/site-packages/airflow/example_dags/example_display_name.py
[2024-06-05T19:23:22.986+0000] {processor.py:840} INFO - DAG(s) 'example_display_name' retrieved from /home/airflow/.local/lib/python3.12/site-packages/airflow/example_dags/example_display_name.py
[2024-06-05T19:23:22.999+0000] {logging_mixin.py:188} INFO - [2024-06-05T19:23:22.999+0000] {dag.py:3096} INFO - Sync 1 DAGs
[2024-06-05T19:23:23.008+0000] {logging_mixin.py:188} INFO - [2024-06-05T19:23:23.008+0000] {dag.py:3954} INFO - Setting next_dagrun for example_display_name to None, run_after=None
[2024-06-05T19:23:23.023+0000] {processor.py:183} INFO - Processing /home/airflow/.local/lib/python3.12/site-packages/airflow/example_dags/example_display_name.py took 0.046 seconds
[2024-06-05T19:23:53.160+0000] {processor.py:161} INFO - Started process (PID=391) to work on /home/airflow/.local/lib/python3.12/site-packages/airflow/example_dags/example_display_name.py
[2024-06-05T19:23:53.161+0000] {processor.py:830} INFO - Processing file /home/airflow/.local/lib/python3.12/site-packages/airflow/example_dags/example_display_name.py for tasks to queue
[2024-06-05T19:23:53.162+0000] {logging_mixin.py:188} INFO - [2024-06-05T19:23:53.162+0000] {dagbag.py:545} INFO - Filling up the DagBag from /home/airflow/.local/lib/python3.12/site-packages/airflow/example_dags/example_display_name.py
[2024-06-05T19:23:53.165+0000] {processor.py:840} INFO - DAG(s) 'example_display_name' retrieved from /home/airflow/.local/lib/python3.12/site-packages/airflow/example_dags/example_display_name.py
[2024-06-05T19:23:53.178+0000] {logging_mixin.py:188} INFO - [2024-06-05T19:23:53.178+0000] {dag.py:3096} INFO - Sync 1 DAGs
[2024-06-05T19:23:53.186+0000] {logging_mixin.py:188} INFO - [2024-06-05T19:23:53.186+0000] {dag.py:3954} INFO - Setting next_dagrun for example_display_name to None, run_after=None
[2024-06-05T19:23:53.200+0000] {processor.py:183} INFO - Processing /home/airflow/.local/lib/python3.12/site-packages/airflow/example_dags/example_display_name.py took 0.043 seconds
[2024-06-05T19:24:23.243+0000] {processor.py:161} INFO - Started process (PID=449) to work on /home/airflow/.local/lib/python3.12/site-packages/airflow/example_dags/example_display_name.py
[2024-06-05T19:24:23.244+0000] {processor.py:830} INFO - Processing file /home/airflow/.local/lib/python3.12/site-packages/airflow/example_dags/example_display_name.py for tasks to queue
[2024-06-05T19:24:23.245+0000] {logging_mixin.py:188} INFO - [2024-06-05T19:24:23.245+0000] {dagbag.py:545} INFO - Filling up the DagBag from /home/airflow/.local/lib/python3.12/site-packages/airflow/example_dags/example_display_name.py
[2024-06-05T19:24:23.248+0000] {processor.py:840} INFO - DAG(s) 'example_display_name' retrieved from /home/airflow/.local/lib/python3.12/site-packages/airflow/example_dags/example_display_name.py
[2024-06-05T19:24:23.260+0000] {logging_mixin.py:188} INFO - [2024-06-05T19:24:23.259+0000] {dag.py:3096} INFO - Sync 1 DAGs
[2024-06-05T19:24:23.267+0000] {logging_mixin.py:188} INFO - [2024-06-05T19:24:23.267+0000] {dag.py:3954} INFO - Setting next_dagrun for example_display_name to None, run_after=None
[2024-06-05T19:24:23.280+0000] {processor.py:183} INFO - Processing /home/airflow/.local/lib/python3.12/site-packages/airflow/example_dags/example_display_name.py took 0.041 seconds
[2024-06-05T19:24:54.008+0000] {processor.py:161} INFO - Started process (PID=507) to work on /home/airflow/.local/lib/python3.12/site-packages/airflow/example_dags/example_display_name.py
[2024-06-05T19:24:54.008+0000] {processor.py:830} INFO - Processing file /home/airflow/.local/lib/python3.12/site-packages/airflow/example_dags/example_display_name.py for tasks to queue
[2024-06-05T19:24:54.010+0000] {logging_mixin.py:188} INFO - [2024-06-05T19:24:54.009+0000] {dagbag.py:545} INFO - Filling up the DagBag from /home/airflow/.local/lib/python3.12/site-packages/airflow/example_dags/example_display_name.py
[2024-06-05T19:24:54.013+0000] {processor.py:840} INFO - DAG(s) 'example_display_name' retrieved from /home/airflow/.local/lib/python3.12/site-packages/airflow/example_dags/example_display_name.py
[2024-06-05T19:24:54.028+0000] {logging_mixin.py:188} INFO - [2024-06-05T19:24:54.028+0000] {dag.py:3096} INFO - Sync 1 DAGs
[2024-06-05T19:24:54.039+0000] {logging_mixin.py:188} INFO - [2024-06-05T19:24:54.038+0000] {dag.py:3954} INFO - Setting next_dagrun for example_display_name to None, run_after=None
[2024-06-05T19:24:54.056+0000] {processor.py:183} INFO - Processing /home/airflow/.local/lib/python3.12/site-packages/airflow/example_dags/example_display_name.py took 0.052 seconds
[2024-06-05T19:25:24.132+0000] {processor.py:161} INFO - Started process (PID=565) to work on /home/airflow/.local/lib/python3.12/site-packages/airflow/example_dags/example_display_name.py
[2024-06-05T19:25:24.132+0000] {processor.py:830} INFO - Processing file /home/airflow/.local/lib/python3.12/site-packages/airflow/example_dags/example_display_name.py for tasks to queue
[2024-06-05T19:25:24.133+0000] {logging_mixin.py:188} INFO - [2024-06-05T19:25:24.133+0000] {dagbag.py:545} INFO - Filling up the DagBag from /home/airflow/.local/lib/python3.12/site-packages/airflow/example_dags/example_display_name.py
[2024-06-05T19:25:24.136+0000] {processor.py:840} INFO - DAG(s) 'example_display_name' retrieved from /home/airflow/.local/lib/python3.12/site-packages/airflow/example_dags/example_display_name.py
[2024-06-05T19:25:24.148+0000] {logging_mixin.py:188} INFO - [2024-06-05T19:25:24.148+0000] {dag.py:3096} INFO - Sync 1 DAGs
[2024-06-05T19:25:24.156+0000] {logging_mixin.py:188} INFO - [2024-06-05T19:25:24.155+0000] {dag.py:3954} INFO - Setting next_dagrun for example_display_name to None, run_after=None
[2024-06-05T19:25:24.169+0000] {processor.py:183} INFO - Processing /home/airflow/.local/lib/python3.12/site-packages/airflow/example_dags/example_display_name.py took 0.040 seconds
