[2024-06-05T19:20:52.481+0000] {processor.py:161} INFO - Started process (PID=54) to work on /home/airflow/.local/lib/python3.12/site-packages/airflow/example_dags/example_external_task_marker_dag.py
[2024-06-05T19:20:52.481+0000] {processor.py:830} INFO - Processing file /home/airflow/.local/lib/python3.12/site-packages/airflow/example_dags/example_external_task_marker_dag.py for tasks to queue
[2024-06-05T19:20:52.482+0000] {logging_mixin.py:188} INFO - [2024-06-05T19:20:52.482+0000] {dagbag.py:545} INFO - Filling up the DagBag from /home/airflow/.local/lib/python3.12/site-packages/airflow/example_dags/example_external_task_marker_dag.py
[2024-06-05T19:20:52.486+0000] {processor.py:840} INFO - DAG(s) 'example_external_task_marker_child', 'example_external_task_marker_parent' retrieved from /home/airflow/.local/lib/python3.12/site-packages/airflow/example_dags/example_external_task_marker_dag.py
[2024-06-05T19:20:52.494+0000] {logging_mixin.py:188} INFO - [2024-06-05T19:20:52.494+0000] {dag.py:3096} INFO - Sync 2 DAGs
[2024-06-05T19:20:52.503+0000] {logging_mixin.py:188} INFO - [2024-06-05T19:20:52.503+0000] {dag.py:3954} INFO - Setting next_dagrun for example_external_task_marker_child to None, run_after=None
[2024-06-05T19:20:52.505+0000] {logging_mixin.py:188} INFO - [2024-06-05T19:20:52.505+0000] {dag.py:3954} INFO - Setting next_dagrun for example_external_task_marker_parent to None, run_after=None
[2024-06-05T19:20:52.519+0000] {processor.py:183} INFO - Processing /home/airflow/.local/lib/python3.12/site-packages/airflow/example_dags/example_external_task_marker_dag.py took 0.041 seconds
[2024-06-05T19:21:22.840+0000] {processor.py:161} INFO - Started process (PID=112) to work on /home/airflow/.local/lib/python3.12/site-packages/airflow/example_dags/example_external_task_marker_dag.py
[2024-06-05T19:21:22.841+0000] {processor.py:830} INFO - Processing file /home/airflow/.local/lib/python3.12/site-packages/airflow/example_dags/example_external_task_marker_dag.py for tasks to queue
[2024-06-05T19:21:22.842+0000] {logging_mixin.py:188} INFO - [2024-06-05T19:21:22.841+0000] {dagbag.py:545} INFO - Filling up the DagBag from /home/airflow/.local/lib/python3.12/site-packages/airflow/example_dags/example_external_task_marker_dag.py
[2024-06-05T19:21:22.845+0000] {processor.py:840} INFO - DAG(s) 'example_external_task_marker_child', 'example_external_task_marker_parent' retrieved from /home/airflow/.local/lib/python3.12/site-packages/airflow/example_dags/example_external_task_marker_dag.py
[2024-06-05T19:21:22.909+0000] {logging_mixin.py:188} INFO - [2024-06-05T19:21:22.909+0000] {dag.py:3096} INFO - Sync 2 DAGs
[2024-06-05T19:21:22.916+0000] {logging_mixin.py:188} INFO - [2024-06-05T19:21:22.916+0000] {dag.py:3954} INFO - Setting next_dagrun for example_external_task_marker_child to None, run_after=None
[2024-06-05T19:21:22.918+0000] {logging_mixin.py:188} INFO - [2024-06-05T19:21:22.918+0000] {dag.py:3954} INFO - Setting next_dagrun for example_external_task_marker_parent to None, run_after=None
[2024-06-05T19:21:22.932+0000] {processor.py:183} INFO - Processing /home/airflow/.local/lib/python3.12/site-packages/airflow/example_dags/example_external_task_marker_dag.py took 0.095 seconds
[2024-06-05T19:21:53.735+0000] {processor.py:161} INFO - Started process (PID=171) to work on /home/airflow/.local/lib/python3.12/site-packages/airflow/example_dags/example_external_task_marker_dag.py
[2024-06-05T19:21:53.736+0000] {processor.py:830} INFO - Processing file /home/airflow/.local/lib/python3.12/site-packages/airflow/example_dags/example_external_task_marker_dag.py for tasks to queue
[2024-06-05T19:21:53.737+0000] {logging_mixin.py:188} INFO - [2024-06-05T19:21:53.737+0000] {dagbag.py:545} INFO - Filling up the DagBag from /home/airflow/.local/lib/python3.12/site-packages/airflow/example_dags/example_external_task_marker_dag.py
[2024-06-05T19:21:53.740+0000] {processor.py:840} INFO - DAG(s) 'example_external_task_marker_parent', 'example_external_task_marker_child' retrieved from /home/airflow/.local/lib/python3.12/site-packages/airflow/example_dags/example_external_task_marker_dag.py
[2024-06-05T19:21:53.754+0000] {logging_mixin.py:188} INFO - [2024-06-05T19:21:53.754+0000] {dag.py:3096} INFO - Sync 2 DAGs
[2024-06-05T19:21:53.762+0000] {logging_mixin.py:188} INFO - [2024-06-05T19:21:53.762+0000] {dag.py:3954} INFO - Setting next_dagrun for example_external_task_marker_child to None, run_after=None
[2024-06-05T19:21:53.765+0000] {logging_mixin.py:188} INFO - [2024-06-05T19:21:53.764+0000] {dag.py:3954} INFO - Setting next_dagrun for example_external_task_marker_parent to None, run_after=None
[2024-06-05T19:21:53.776+0000] {processor.py:183} INFO - Processing /home/airflow/.local/lib/python3.12/site-packages/airflow/example_dags/example_external_task_marker_dag.py took 0.044 seconds
[2024-06-05T19:22:23.957+0000] {processor.py:161} INFO - Started process (PID=229) to work on /home/airflow/.local/lib/python3.12/site-packages/airflow/example_dags/example_external_task_marker_dag.py
[2024-06-05T19:22:23.958+0000] {processor.py:830} INFO - Processing file /home/airflow/.local/lib/python3.12/site-packages/airflow/example_dags/example_external_task_marker_dag.py for tasks to queue
[2024-06-05T19:22:23.959+0000] {logging_mixin.py:188} INFO - [2024-06-05T19:22:23.958+0000] {dagbag.py:545} INFO - Filling up the DagBag from /home/airflow/.local/lib/python3.12/site-packages/airflow/example_dags/example_external_task_marker_dag.py
[2024-06-05T19:22:23.962+0000] {processor.py:840} INFO - DAG(s) 'example_external_task_marker_child', 'example_external_task_marker_parent' retrieved from /home/airflow/.local/lib/python3.12/site-packages/airflow/example_dags/example_external_task_marker_dag.py
[2024-06-05T19:22:23.975+0000] {logging_mixin.py:188} INFO - [2024-06-05T19:22:23.975+0000] {dag.py:3096} INFO - Sync 2 DAGs
[2024-06-05T19:22:23.984+0000] {logging_mixin.py:188} INFO - [2024-06-05T19:22:23.983+0000] {dag.py:3954} INFO - Setting next_dagrun for example_external_task_marker_child to None, run_after=None
[2024-06-05T19:22:23.986+0000] {logging_mixin.py:188} INFO - [2024-06-05T19:22:23.986+0000] {dag.py:3954} INFO - Setting next_dagrun for example_external_task_marker_parent to None, run_after=None
[2024-06-05T19:22:23.999+0000] {processor.py:183} INFO - Processing /home/airflow/.local/lib/python3.12/site-packages/airflow/example_dags/example_external_task_marker_dag.py took 0.045 seconds
[2024-06-05T19:22:54.100+0000] {processor.py:161} INFO - Started process (PID=287) to work on /home/airflow/.local/lib/python3.12/site-packages/airflow/example_dags/example_external_task_marker_dag.py
[2024-06-05T19:22:54.100+0000] {processor.py:830} INFO - Processing file /home/airflow/.local/lib/python3.12/site-packages/airflow/example_dags/example_external_task_marker_dag.py for tasks to queue
[2024-06-05T19:22:54.101+0000] {logging_mixin.py:188} INFO - [2024-06-05T19:22:54.101+0000] {dagbag.py:545} INFO - Filling up the DagBag from /home/airflow/.local/lib/python3.12/site-packages/airflow/example_dags/example_external_task_marker_dag.py
[2024-06-05T19:22:54.104+0000] {processor.py:840} INFO - DAG(s) 'example_external_task_marker_parent', 'example_external_task_marker_child' retrieved from /home/airflow/.local/lib/python3.12/site-packages/airflow/example_dags/example_external_task_marker_dag.py
[2024-06-05T19:22:54.118+0000] {logging_mixin.py:188} INFO - [2024-06-05T19:22:54.118+0000] {dag.py:3096} INFO - Sync 2 DAGs
[2024-06-05T19:22:54.126+0000] {logging_mixin.py:188} INFO - [2024-06-05T19:22:54.125+0000] {dag.py:3954} INFO - Setting next_dagrun for example_external_task_marker_child to None, run_after=None
[2024-06-05T19:22:54.128+0000] {logging_mixin.py:188} INFO - [2024-06-05T19:22:54.128+0000] {dag.py:3954} INFO - Setting next_dagrun for example_external_task_marker_parent to None, run_after=None
[2024-06-05T19:22:54.139+0000] {processor.py:183} INFO - Processing /home/airflow/.local/lib/python3.12/site-packages/airflow/example_dags/example_external_task_marker_dag.py took 0.042 seconds
[2024-06-05T19:23:24.418+0000] {processor.py:161} INFO - Started process (PID=345) to work on /home/airflow/.local/lib/python3.12/site-packages/airflow/example_dags/example_external_task_marker_dag.py
[2024-06-05T19:23:24.418+0000] {processor.py:830} INFO - Processing file /home/airflow/.local/lib/python3.12/site-packages/airflow/example_dags/example_external_task_marker_dag.py for tasks to queue
[2024-06-05T19:23:24.419+0000] {logging_mixin.py:188} INFO - [2024-06-05T19:23:24.419+0000] {dagbag.py:545} INFO - Filling up the DagBag from /home/airflow/.local/lib/python3.12/site-packages/airflow/example_dags/example_external_task_marker_dag.py
[2024-06-05T19:23:24.423+0000] {processor.py:840} INFO - DAG(s) 'example_external_task_marker_child', 'example_external_task_marker_parent' retrieved from /home/airflow/.local/lib/python3.12/site-packages/airflow/example_dags/example_external_task_marker_dag.py
[2024-06-05T19:23:24.437+0000] {logging_mixin.py:188} INFO - [2024-06-05T19:23:24.436+0000] {dag.py:3096} INFO - Sync 2 DAGs
[2024-06-05T19:23:24.445+0000] {logging_mixin.py:188} INFO - [2024-06-05T19:23:24.445+0000] {dag.py:3954} INFO - Setting next_dagrun for example_external_task_marker_child to None, run_after=None
[2024-06-05T19:23:24.447+0000] {logging_mixin.py:188} INFO - [2024-06-05T19:23:24.447+0000] {dag.py:3954} INFO - Setting next_dagrun for example_external_task_marker_parent to None, run_after=None
[2024-06-05T19:23:24.460+0000] {processor.py:183} INFO - Processing /home/airflow/.local/lib/python3.12/site-packages/airflow/example_dags/example_external_task_marker_dag.py took 0.046 seconds
[2024-06-05T19:23:54.620+0000] {processor.py:161} INFO - Started process (PID=403) to work on /home/airflow/.local/lib/python3.12/site-packages/airflow/example_dags/example_external_task_marker_dag.py
[2024-06-05T19:23:54.621+0000] {processor.py:830} INFO - Processing file /home/airflow/.local/lib/python3.12/site-packages/airflow/example_dags/example_external_task_marker_dag.py for tasks to queue
[2024-06-05T19:23:54.622+0000] {logging_mixin.py:188} INFO - [2024-06-05T19:23:54.622+0000] {dagbag.py:545} INFO - Filling up the DagBag from /home/airflow/.local/lib/python3.12/site-packages/airflow/example_dags/example_external_task_marker_dag.py
[2024-06-05T19:23:54.625+0000] {processor.py:840} INFO - DAG(s) 'example_external_task_marker_child', 'example_external_task_marker_parent' retrieved from /home/airflow/.local/lib/python3.12/site-packages/airflow/example_dags/example_external_task_marker_dag.py
[2024-06-05T19:23:54.639+0000] {logging_mixin.py:188} INFO - [2024-06-05T19:23:54.639+0000] {dag.py:3096} INFO - Sync 2 DAGs
[2024-06-05T19:23:54.647+0000] {logging_mixin.py:188} INFO - [2024-06-05T19:23:54.647+0000] {dag.py:3954} INFO - Setting next_dagrun for example_external_task_marker_child to None, run_after=None
[2024-06-05T19:23:54.649+0000] {logging_mixin.py:188} INFO - [2024-06-05T19:23:54.649+0000] {dag.py:3954} INFO - Setting next_dagrun for example_external_task_marker_parent to None, run_after=None
[2024-06-05T19:23:54.661+0000] {processor.py:183} INFO - Processing /home/airflow/.local/lib/python3.12/site-packages/airflow/example_dags/example_external_task_marker_dag.py took 0.044 seconds
[2024-06-05T19:24:25.704+0000] {processor.py:161} INFO - Started process (PID=461) to work on /home/airflow/.local/lib/python3.12/site-packages/airflow/example_dags/example_external_task_marker_dag.py
[2024-06-05T19:24:25.704+0000] {processor.py:830} INFO - Processing file /home/airflow/.local/lib/python3.12/site-packages/airflow/example_dags/example_external_task_marker_dag.py for tasks to queue
[2024-06-05T19:24:25.705+0000] {logging_mixin.py:188} INFO - [2024-06-05T19:24:25.705+0000] {dagbag.py:545} INFO - Filling up the DagBag from /home/airflow/.local/lib/python3.12/site-packages/airflow/example_dags/example_external_task_marker_dag.py
[2024-06-05T19:24:25.709+0000] {processor.py:840} INFO - DAG(s) 'example_external_task_marker_parent', 'example_external_task_marker_child' retrieved from /home/airflow/.local/lib/python3.12/site-packages/airflow/example_dags/example_external_task_marker_dag.py
[2024-06-05T19:24:25.723+0000] {logging_mixin.py:188} INFO - [2024-06-05T19:24:25.722+0000] {dag.py:3096} INFO - Sync 2 DAGs
[2024-06-05T19:24:25.730+0000] {logging_mixin.py:188} INFO - [2024-06-05T19:24:25.730+0000] {dag.py:3954} INFO - Setting next_dagrun for example_external_task_marker_child to None, run_after=None
[2024-06-05T19:24:25.733+0000] {logging_mixin.py:188} INFO - [2024-06-05T19:24:25.733+0000] {dag.py:3954} INFO - Setting next_dagrun for example_external_task_marker_parent to None, run_after=None
[2024-06-05T19:24:25.744+0000] {processor.py:183} INFO - Processing /home/airflow/.local/lib/python3.12/site-packages/airflow/example_dags/example_external_task_marker_dag.py took 0.043 seconds
[2024-06-05T19:24:56.480+0000] {processor.py:161} INFO - Started process (PID=519) to work on /home/airflow/.local/lib/python3.12/site-packages/airflow/example_dags/example_external_task_marker_dag.py
[2024-06-05T19:24:56.480+0000] {processor.py:830} INFO - Processing file /home/airflow/.local/lib/python3.12/site-packages/airflow/example_dags/example_external_task_marker_dag.py for tasks to queue
[2024-06-05T19:24:56.481+0000] {logging_mixin.py:188} INFO - [2024-06-05T19:24:56.481+0000] {dagbag.py:545} INFO - Filling up the DagBag from /home/airflow/.local/lib/python3.12/site-packages/airflow/example_dags/example_external_task_marker_dag.py
[2024-06-05T19:24:56.484+0000] {processor.py:840} INFO - DAG(s) 'example_external_task_marker_child', 'example_external_task_marker_parent' retrieved from /home/airflow/.local/lib/python3.12/site-packages/airflow/example_dags/example_external_task_marker_dag.py
[2024-06-05T19:24:56.499+0000] {logging_mixin.py:188} INFO - [2024-06-05T19:24:56.499+0000] {dag.py:3096} INFO - Sync 2 DAGs
[2024-06-05T19:24:56.507+0000] {logging_mixin.py:188} INFO - [2024-06-05T19:24:56.507+0000] {dag.py:3954} INFO - Setting next_dagrun for example_external_task_marker_child to None, run_after=None
[2024-06-05T19:24:56.510+0000] {logging_mixin.py:188} INFO - [2024-06-05T19:24:56.510+0000] {dag.py:3954} INFO - Setting next_dagrun for example_external_task_marker_parent to None, run_after=None
[2024-06-05T19:24:56.522+0000] {processor.py:183} INFO - Processing /home/airflow/.local/lib/python3.12/site-packages/airflow/example_dags/example_external_task_marker_dag.py took 0.045 seconds
[2024-06-05T19:25:26.600+0000] {processor.py:161} INFO - Started process (PID=577) to work on /home/airflow/.local/lib/python3.12/site-packages/airflow/example_dags/example_external_task_marker_dag.py
[2024-06-05T19:25:26.601+0000] {processor.py:830} INFO - Processing file /home/airflow/.local/lib/python3.12/site-packages/airflow/example_dags/example_external_task_marker_dag.py for tasks to queue
[2024-06-05T19:25:26.602+0000] {logging_mixin.py:188} INFO - [2024-06-05T19:25:26.602+0000] {dagbag.py:545} INFO - Filling up the DagBag from /home/airflow/.local/lib/python3.12/site-packages/airflow/example_dags/example_external_task_marker_dag.py
[2024-06-05T19:25:26.606+0000] {processor.py:840} INFO - DAG(s) 'example_external_task_marker_child', 'example_external_task_marker_parent' retrieved from /home/airflow/.local/lib/python3.12/site-packages/airflow/example_dags/example_external_task_marker_dag.py
[2024-06-05T19:25:26.620+0000] {logging_mixin.py:188} INFO - [2024-06-05T19:25:26.620+0000] {dag.py:3096} INFO - Sync 2 DAGs
[2024-06-05T19:25:26.628+0000] {logging_mixin.py:188} INFO - [2024-06-05T19:25:26.628+0000] {dag.py:3954} INFO - Setting next_dagrun for example_external_task_marker_child to None, run_after=None
[2024-06-05T19:25:26.630+0000] {logging_mixin.py:188} INFO - [2024-06-05T19:25:26.630+0000] {dag.py:3954} INFO - Setting next_dagrun for example_external_task_marker_parent to None, run_after=None
[2024-06-05T19:25:26.642+0000] {processor.py:183} INFO - Processing /home/airflow/.local/lib/python3.12/site-packages/airflow/example_dags/example_external_task_marker_dag.py took 0.046 seconds
