[2024-06-05T19:20:52.960+0000] {processor.py:161} INFO - Started process (PID=65) to work on /home/airflow/.local/lib/python3.12/site-packages/airflow/example_dags/example_skip_dag.py
[2024-06-05T19:20:52.961+0000] {processor.py:830} INFO - Processing file /home/airflow/.local/lib/python3.12/site-packages/airflow/example_dags/example_skip_dag.py for tasks to queue
[2024-06-05T19:20:52.963+0000] {logging_mixin.py:188} INFO - [2024-06-05T19:20:52.963+0000] {dagbag.py:545} INFO - Filling up the DagBag from /home/airflow/.local/lib/python3.12/site-packages/airflow/example_dags/example_skip_dag.py
[2024-06-05T19:20:52.968+0000] {processor.py:840} INFO - DAG(s) 'example_skip_dag' retrieved from /home/airflow/.local/lib/python3.12/site-packages/airflow/example_dags/example_skip_dag.py
[2024-06-05T19:20:52.978+0000] {logging_mixin.py:188} INFO - [2024-06-05T19:20:52.977+0000] {dag.py:3096} INFO - Sync 1 DAGs
[2024-06-05T19:20:52.996+0000] {logging_mixin.py:188} INFO - [2024-06-05T19:20:52.996+0000] {dag.py:3954} INFO - Setting next_dagrun for example_skip_dag to 2024-06-04 00:00:00+00:00, run_after=2024-06-05 00:00:00+00:00
[2024-06-05T19:20:53.011+0000] {processor.py:183} INFO - Processing /home/airflow/.local/lib/python3.12/site-packages/airflow/example_dags/example_skip_dag.py took 0.055 seconds
[2024-06-05T19:21:23.536+0000] {processor.py:161} INFO - Started process (PID=123) to work on /home/airflow/.local/lib/python3.12/site-packages/airflow/example_dags/example_skip_dag.py
[2024-06-05T19:21:23.537+0000] {processor.py:830} INFO - Processing file /home/airflow/.local/lib/python3.12/site-packages/airflow/example_dags/example_skip_dag.py for tasks to queue
[2024-06-05T19:21:23.538+0000] {logging_mixin.py:188} INFO - [2024-06-05T19:21:23.537+0000] {dagbag.py:545} INFO - Filling up the DagBag from /home/airflow/.local/lib/python3.12/site-packages/airflow/example_dags/example_skip_dag.py
[2024-06-05T19:21:23.541+0000] {processor.py:840} INFO - DAG(s) 'example_skip_dag' retrieved from /home/airflow/.local/lib/python3.12/site-packages/airflow/example_dags/example_skip_dag.py
[2024-06-05T19:21:23.599+0000] {logging_mixin.py:188} INFO - [2024-06-05T19:21:23.599+0000] {dag.py:3096} INFO - Sync 1 DAGs
[2024-06-05T19:21:23.612+0000] {logging_mixin.py:188} INFO - [2024-06-05T19:21:23.612+0000] {dag.py:3954} INFO - Setting next_dagrun for example_skip_dag to 2024-06-04 00:00:00+00:00, run_after=2024-06-05 00:00:00+00:00
[2024-06-05T19:21:23.625+0000] {processor.py:183} INFO - Processing /home/airflow/.local/lib/python3.12/site-packages/airflow/example_dags/example_skip_dag.py took 0.092 seconds
[2024-06-05T19:21:54.058+0000] {processor.py:161} INFO - Started process (PID=182) to work on /home/airflow/.local/lib/python3.12/site-packages/airflow/example_dags/example_skip_dag.py
[2024-06-05T19:21:54.058+0000] {processor.py:830} INFO - Processing file /home/airflow/.local/lib/python3.12/site-packages/airflow/example_dags/example_skip_dag.py for tasks to queue
[2024-06-05T19:21:54.060+0000] {logging_mixin.py:188} INFO - [2024-06-05T19:21:54.059+0000] {dagbag.py:545} INFO - Filling up the DagBag from /home/airflow/.local/lib/python3.12/site-packages/airflow/example_dags/example_skip_dag.py
[2024-06-05T19:21:54.063+0000] {processor.py:840} INFO - DAG(s) 'example_skip_dag' retrieved from /home/airflow/.local/lib/python3.12/site-packages/airflow/example_dags/example_skip_dag.py
[2024-06-05T19:21:54.075+0000] {logging_mixin.py:188} INFO - [2024-06-05T19:21:54.075+0000] {dag.py:3096} INFO - Sync 1 DAGs
[2024-06-05T19:21:54.087+0000] {logging_mixin.py:188} INFO - [2024-06-05T19:21:54.087+0000] {dag.py:3954} INFO - Setting next_dagrun for example_skip_dag to 2024-06-04 00:00:00+00:00, run_after=2024-06-05 00:00:00+00:00
[2024-06-05T19:21:54.100+0000] {processor.py:183} INFO - Processing /home/airflow/.local/lib/python3.12/site-packages/airflow/example_dags/example_skip_dag.py took 0.045 seconds
[2024-06-05T19:22:24.292+0000] {processor.py:161} INFO - Started process (PID=240) to work on /home/airflow/.local/lib/python3.12/site-packages/airflow/example_dags/example_skip_dag.py
[2024-06-05T19:22:24.292+0000] {processor.py:830} INFO - Processing file /home/airflow/.local/lib/python3.12/site-packages/airflow/example_dags/example_skip_dag.py for tasks to queue
[2024-06-05T19:22:24.294+0000] {logging_mixin.py:188} INFO - [2024-06-05T19:22:24.293+0000] {dagbag.py:545} INFO - Filling up the DagBag from /home/airflow/.local/lib/python3.12/site-packages/airflow/example_dags/example_skip_dag.py
[2024-06-05T19:22:24.297+0000] {processor.py:840} INFO - DAG(s) 'example_skip_dag' retrieved from /home/airflow/.local/lib/python3.12/site-packages/airflow/example_dags/example_skip_dag.py
[2024-06-05T19:22:24.309+0000] {logging_mixin.py:188} INFO - [2024-06-05T19:22:24.309+0000] {dag.py:3096} INFO - Sync 1 DAGs
[2024-06-05T19:22:24.322+0000] {logging_mixin.py:188} INFO - [2024-06-05T19:22:24.322+0000] {dag.py:3954} INFO - Setting next_dagrun for example_skip_dag to 2024-06-04 00:00:00+00:00, run_after=2024-06-05 00:00:00+00:00
[2024-06-05T19:22:24.335+0000] {processor.py:183} INFO - Processing /home/airflow/.local/lib/python3.12/site-packages/airflow/example_dags/example_skip_dag.py took 0.047 seconds
[2024-06-05T19:22:54.439+0000] {processor.py:161} INFO - Started process (PID=298) to work on /home/airflow/.local/lib/python3.12/site-packages/airflow/example_dags/example_skip_dag.py
[2024-06-05T19:22:54.440+0000] {processor.py:830} INFO - Processing file /home/airflow/.local/lib/python3.12/site-packages/airflow/example_dags/example_skip_dag.py for tasks to queue
[2024-06-05T19:22:54.441+0000] {logging_mixin.py:188} INFO - [2024-06-05T19:22:54.441+0000] {dagbag.py:545} INFO - Filling up the DagBag from /home/airflow/.local/lib/python3.12/site-packages/airflow/example_dags/example_skip_dag.py
[2024-06-05T19:22:54.444+0000] {processor.py:840} INFO - DAG(s) 'example_skip_dag' retrieved from /home/airflow/.local/lib/python3.12/site-packages/airflow/example_dags/example_skip_dag.py
[2024-06-05T19:22:54.458+0000] {logging_mixin.py:188} INFO - [2024-06-05T19:22:54.458+0000] {dag.py:3096} INFO - Sync 1 DAGs
[2024-06-05T19:22:54.471+0000] {logging_mixin.py:188} INFO - [2024-06-05T19:22:54.471+0000] {dag.py:3954} INFO - Setting next_dagrun for example_skip_dag to 2024-06-04 00:00:00+00:00, run_after=2024-06-05 00:00:00+00:00
[2024-06-05T19:22:54.484+0000] {processor.py:183} INFO - Processing /home/airflow/.local/lib/python3.12/site-packages/airflow/example_dags/example_skip_dag.py took 0.048 seconds
[2024-06-05T19:23:24.747+0000] {processor.py:161} INFO - Started process (PID=356) to work on /home/airflow/.local/lib/python3.12/site-packages/airflow/example_dags/example_skip_dag.py
[2024-06-05T19:23:24.747+0000] {processor.py:830} INFO - Processing file /home/airflow/.local/lib/python3.12/site-packages/airflow/example_dags/example_skip_dag.py for tasks to queue
[2024-06-05T19:23:24.748+0000] {logging_mixin.py:188} INFO - [2024-06-05T19:23:24.748+0000] {dagbag.py:545} INFO - Filling up the DagBag from /home/airflow/.local/lib/python3.12/site-packages/airflow/example_dags/example_skip_dag.py
[2024-06-05T19:23:24.752+0000] {processor.py:840} INFO - DAG(s) 'example_skip_dag' retrieved from /home/airflow/.local/lib/python3.12/site-packages/airflow/example_dags/example_skip_dag.py
[2024-06-05T19:23:24.764+0000] {logging_mixin.py:188} INFO - [2024-06-05T19:23:24.764+0000] {dag.py:3096} INFO - Sync 1 DAGs
[2024-06-05T19:23:24.777+0000] {logging_mixin.py:188} INFO - [2024-06-05T19:23:24.777+0000] {dag.py:3954} INFO - Setting next_dagrun for example_skip_dag to 2024-06-04 00:00:00+00:00, run_after=2024-06-05 00:00:00+00:00
[2024-06-05T19:23:24.790+0000] {processor.py:183} INFO - Processing /home/airflow/.local/lib/python3.12/site-packages/airflow/example_dags/example_skip_dag.py took 0.046 seconds
[2024-06-05T19:23:54.979+0000] {processor.py:161} INFO - Started process (PID=414) to work on /home/airflow/.local/lib/python3.12/site-packages/airflow/example_dags/example_skip_dag.py
[2024-06-05T19:23:54.980+0000] {processor.py:830} INFO - Processing file /home/airflow/.local/lib/python3.12/site-packages/airflow/example_dags/example_skip_dag.py for tasks to queue
[2024-06-05T19:23:54.981+0000] {logging_mixin.py:188} INFO - [2024-06-05T19:23:54.981+0000] {dagbag.py:545} INFO - Filling up the DagBag from /home/airflow/.local/lib/python3.12/site-packages/airflow/example_dags/example_skip_dag.py
[2024-06-05T19:23:54.985+0000] {processor.py:840} INFO - DAG(s) 'example_skip_dag' retrieved from /home/airflow/.local/lib/python3.12/site-packages/airflow/example_dags/example_skip_dag.py
[2024-06-05T19:23:54.996+0000] {logging_mixin.py:188} INFO - [2024-06-05T19:23:54.996+0000] {dag.py:3096} INFO - Sync 1 DAGs
[2024-06-05T19:23:55.009+0000] {logging_mixin.py:188} INFO - [2024-06-05T19:23:55.009+0000] {dag.py:3954} INFO - Setting next_dagrun for example_skip_dag to 2024-06-04 00:00:00+00:00, run_after=2024-06-05 00:00:00+00:00
[2024-06-05T19:23:55.023+0000] {processor.py:183} INFO - Processing /home/airflow/.local/lib/python3.12/site-packages/airflow/example_dags/example_skip_dag.py took 0.047 seconds
[2024-06-05T19:24:26.109+0000] {processor.py:161} INFO - Started process (PID=472) to work on /home/airflow/.local/lib/python3.12/site-packages/airflow/example_dags/example_skip_dag.py
[2024-06-05T19:24:26.109+0000] {processor.py:830} INFO - Processing file /home/airflow/.local/lib/python3.12/site-packages/airflow/example_dags/example_skip_dag.py for tasks to queue
[2024-06-05T19:24:26.110+0000] {logging_mixin.py:188} INFO - [2024-06-05T19:24:26.110+0000] {dagbag.py:545} INFO - Filling up the DagBag from /home/airflow/.local/lib/python3.12/site-packages/airflow/example_dags/example_skip_dag.py
[2024-06-05T19:24:26.114+0000] {processor.py:840} INFO - DAG(s) 'example_skip_dag' retrieved from /home/airflow/.local/lib/python3.12/site-packages/airflow/example_dags/example_skip_dag.py
[2024-06-05T19:24:26.126+0000] {logging_mixin.py:188} INFO - [2024-06-05T19:24:26.126+0000] {dag.py:3096} INFO - Sync 1 DAGs
[2024-06-05T19:24:26.139+0000] {logging_mixin.py:188} INFO - [2024-06-05T19:24:26.138+0000] {dag.py:3954} INFO - Setting next_dagrun for example_skip_dag to 2024-06-04 00:00:00+00:00, run_after=2024-06-05 00:00:00+00:00
[2024-06-05T19:24:26.150+0000] {processor.py:183} INFO - Processing /home/airflow/.local/lib/python3.12/site-packages/airflow/example_dags/example_skip_dag.py took 0.045 seconds
[2024-06-05T19:24:56.857+0000] {processor.py:161} INFO - Started process (PID=530) to work on /home/airflow/.local/lib/python3.12/site-packages/airflow/example_dags/example_skip_dag.py
[2024-06-05T19:24:56.858+0000] {processor.py:830} INFO - Processing file /home/airflow/.local/lib/python3.12/site-packages/airflow/example_dags/example_skip_dag.py for tasks to queue
[2024-06-05T19:24:56.859+0000] {logging_mixin.py:188} INFO - [2024-06-05T19:24:56.859+0000] {dagbag.py:545} INFO - Filling up the DagBag from /home/airflow/.local/lib/python3.12/site-packages/airflow/example_dags/example_skip_dag.py
[2024-06-05T19:24:56.863+0000] {processor.py:840} INFO - DAG(s) 'example_skip_dag' retrieved from /home/airflow/.local/lib/python3.12/site-packages/airflow/example_dags/example_skip_dag.py
[2024-06-05T19:24:56.882+0000] {logging_mixin.py:188} INFO - [2024-06-05T19:24:56.881+0000] {dag.py:3096} INFO - Sync 1 DAGs
[2024-06-05T19:24:56.899+0000] {logging_mixin.py:188} INFO - [2024-06-05T19:24:56.898+0000] {dag.py:3954} INFO - Setting next_dagrun for example_skip_dag to 2024-06-04 00:00:00+00:00, run_after=2024-06-05 00:00:00+00:00
[2024-06-05T19:24:56.912+0000] {processor.py:183} INFO - Processing /home/airflow/.local/lib/python3.12/site-packages/airflow/example_dags/example_skip_dag.py took 0.059 seconds
[2024-06-05T19:25:27.047+0000] {processor.py:161} INFO - Started process (PID=588) to work on /home/airflow/.local/lib/python3.12/site-packages/airflow/example_dags/example_skip_dag.py
[2024-06-05T19:25:27.047+0000] {processor.py:830} INFO - Processing file /home/airflow/.local/lib/python3.12/site-packages/airflow/example_dags/example_skip_dag.py for tasks to queue
[2024-06-05T19:25:27.049+0000] {logging_mixin.py:188} INFO - [2024-06-05T19:25:27.048+0000] {dagbag.py:545} INFO - Filling up the DagBag from /home/airflow/.local/lib/python3.12/site-packages/airflow/example_dags/example_skip_dag.py
[2024-06-05T19:25:27.052+0000] {processor.py:840} INFO - DAG(s) 'example_skip_dag' retrieved from /home/airflow/.local/lib/python3.12/site-packages/airflow/example_dags/example_skip_dag.py
[2024-06-05T19:25:27.066+0000] {logging_mixin.py:188} INFO - [2024-06-05T19:25:27.066+0000] {dag.py:3096} INFO - Sync 1 DAGs
[2024-06-05T19:25:27.078+0000] {logging_mixin.py:188} INFO - [2024-06-05T19:25:27.078+0000] {dag.py:3954} INFO - Setting next_dagrun for example_skip_dag to 2024-06-04 00:00:00+00:00, run_after=2024-06-05 00:00:00+00:00
[2024-06-05T19:25:27.090+0000] {processor.py:183} INFO - Processing /home/airflow/.local/lib/python3.12/site-packages/airflow/example_dags/example_skip_dag.py took 0.046 seconds
[2024-06-05T19:34:40.905+0000] {processor.py:161} INFO - Started process (PID=65) to work on /home/airflow/.local/lib/python3.12/site-packages/airflow/example_dags/example_skip_dag.py
[2024-06-05T19:34:40.906+0000] {processor.py:830} INFO - Processing file /home/airflow/.local/lib/python3.12/site-packages/airflow/example_dags/example_skip_dag.py for tasks to queue
[2024-06-05T19:34:40.907+0000] {logging_mixin.py:188} INFO - [2024-06-05T19:34:40.906+0000] {dagbag.py:545} INFO - Filling up the DagBag from /home/airflow/.local/lib/python3.12/site-packages/airflow/example_dags/example_skip_dag.py
[2024-06-05T19:34:40.910+0000] {processor.py:840} INFO - DAG(s) 'example_skip_dag' retrieved from /home/airflow/.local/lib/python3.12/site-packages/airflow/example_dags/example_skip_dag.py
[2024-06-05T19:34:40.923+0000] {logging_mixin.py:188} INFO - [2024-06-05T19:34:40.923+0000] {dag.py:3096} INFO - Sync 1 DAGs
[2024-06-05T19:34:40.937+0000] {logging_mixin.py:188} INFO - [2024-06-05T19:34:40.937+0000] {dag.py:3954} INFO - Setting next_dagrun for example_skip_dag to 2024-06-04 00:00:00+00:00, run_after=2024-06-05 00:00:00+00:00
[2024-06-05T19:34:40.950+0000] {processor.py:183} INFO - Processing /home/airflow/.local/lib/python3.12/site-packages/airflow/example_dags/example_skip_dag.py took 0.048 seconds
[2024-06-05T19:35:11.039+0000] {processor.py:161} INFO - Started process (PID=123) to work on /home/airflow/.local/lib/python3.12/site-packages/airflow/example_dags/example_skip_dag.py
[2024-06-05T19:35:11.040+0000] {processor.py:830} INFO - Processing file /home/airflow/.local/lib/python3.12/site-packages/airflow/example_dags/example_skip_dag.py for tasks to queue
[2024-06-05T19:35:11.041+0000] {logging_mixin.py:188} INFO - [2024-06-05T19:35:11.040+0000] {dagbag.py:545} INFO - Filling up the DagBag from /home/airflow/.local/lib/python3.12/site-packages/airflow/example_dags/example_skip_dag.py
[2024-06-05T19:35:11.044+0000] {processor.py:840} INFO - DAG(s) 'example_skip_dag' retrieved from /home/airflow/.local/lib/python3.12/site-packages/airflow/example_dags/example_skip_dag.py
[2024-06-05T19:35:11.056+0000] {logging_mixin.py:188} INFO - [2024-06-05T19:35:11.055+0000] {dag.py:3096} INFO - Sync 1 DAGs
[2024-06-05T19:35:11.071+0000] {logging_mixin.py:188} INFO - [2024-06-05T19:35:11.070+0000] {dag.py:3954} INFO - Setting next_dagrun for example_skip_dag to 2024-06-04 00:00:00+00:00, run_after=2024-06-05 00:00:00+00:00
[2024-06-05T19:35:11.083+0000] {processor.py:183} INFO - Processing /home/airflow/.local/lib/python3.12/site-packages/airflow/example_dags/example_skip_dag.py took 0.047 seconds
