[2024-06-05T19:20:53.164+0000] {processor.py:161} INFO - Started process (PID=70) to work on /home/airflow/.local/lib/python3.12/site-packages/airflow/example_dags/example_task_group.py
[2024-06-05T19:20:53.164+0000] {processor.py:830} INFO - Processing file /home/airflow/.local/lib/python3.12/site-packages/airflow/example_dags/example_task_group.py for tasks to queue
[2024-06-05T19:20:53.166+0000] {logging_mixin.py:188} INFO - [2024-06-05T19:20:53.166+0000] {dagbag.py:545} INFO - Filling up the DagBag from /home/airflow/.local/lib/python3.12/site-packages/airflow/example_dags/example_task_group.py
[2024-06-05T19:20:53.171+0000] {processor.py:840} INFO - DAG(s) 'example_task_group' retrieved from /home/airflow/.local/lib/python3.12/site-packages/airflow/example_dags/example_task_group.py
[2024-06-05T19:20:53.179+0000] {logging_mixin.py:188} INFO - [2024-06-05T19:20:53.179+0000] {dag.py:3096} INFO - Sync 1 DAGs
[2024-06-05T19:20:53.195+0000] {logging_mixin.py:188} INFO - [2024-06-05T19:20:53.194+0000] {dag.py:3954} INFO - Setting next_dagrun for example_task_group to 2024-06-04 00:00:00+00:00, run_after=2024-06-05 00:00:00+00:00
[2024-06-05T19:20:53.208+0000] {processor.py:183} INFO - Processing /home/airflow/.local/lib/python3.12/site-packages/airflow/example_dags/example_task_group.py took 0.048 seconds
[2024-06-05T19:21:23.852+0000] {processor.py:161} INFO - Started process (PID=128) to work on /home/airflow/.local/lib/python3.12/site-packages/airflow/example_dags/example_task_group.py
[2024-06-05T19:21:23.852+0000] {processor.py:830} INFO - Processing file /home/airflow/.local/lib/python3.12/site-packages/airflow/example_dags/example_task_group.py for tasks to queue
[2024-06-05T19:21:23.853+0000] {logging_mixin.py:188} INFO - [2024-06-05T19:21:23.853+0000] {dagbag.py:545} INFO - Filling up the DagBag from /home/airflow/.local/lib/python3.12/site-packages/airflow/example_dags/example_task_group.py
[2024-06-05T19:21:23.857+0000] {processor.py:840} INFO - DAG(s) 'example_task_group' retrieved from /home/airflow/.local/lib/python3.12/site-packages/airflow/example_dags/example_task_group.py
[2024-06-05T19:21:23.917+0000] {logging_mixin.py:188} INFO - [2024-06-05T19:21:23.917+0000] {dag.py:3096} INFO - Sync 1 DAGs
[2024-06-05T19:21:23.930+0000] {logging_mixin.py:188} INFO - [2024-06-05T19:21:23.930+0000] {dag.py:3954} INFO - Setting next_dagrun for example_task_group to 2024-06-04 00:00:00+00:00, run_after=2024-06-05 00:00:00+00:00
[2024-06-05T19:21:23.944+0000] {processor.py:183} INFO - Processing /home/airflow/.local/lib/python3.12/site-packages/airflow/example_dags/example_task_group.py took 0.095 seconds
[2024-06-05T19:21:54.238+0000] {processor.py:161} INFO - Started process (PID=187) to work on /home/airflow/.local/lib/python3.12/site-packages/airflow/example_dags/example_task_group.py
[2024-06-05T19:21:54.239+0000] {processor.py:830} INFO - Processing file /home/airflow/.local/lib/python3.12/site-packages/airflow/example_dags/example_task_group.py for tasks to queue
[2024-06-05T19:21:54.240+0000] {logging_mixin.py:188} INFO - [2024-06-05T19:21:54.240+0000] {dagbag.py:545} INFO - Filling up the DagBag from /home/airflow/.local/lib/python3.12/site-packages/airflow/example_dags/example_task_group.py
[2024-06-05T19:21:54.244+0000] {processor.py:840} INFO - DAG(s) 'example_task_group' retrieved from /home/airflow/.local/lib/python3.12/site-packages/airflow/example_dags/example_task_group.py
[2024-06-05T19:21:54.258+0000] {logging_mixin.py:188} INFO - [2024-06-05T19:21:54.257+0000] {dag.py:3096} INFO - Sync 1 DAGs
[2024-06-05T19:21:54.271+0000] {logging_mixin.py:188} INFO - [2024-06-05T19:21:54.271+0000] {dag.py:3954} INFO - Setting next_dagrun for example_task_group to 2024-06-04 00:00:00+00:00, run_after=2024-06-05 00:00:00+00:00
[2024-06-05T19:21:54.286+0000] {processor.py:183} INFO - Processing /home/airflow/.local/lib/python3.12/site-packages/airflow/example_dags/example_task_group.py took 0.051 seconds
[2024-06-05T19:22:24.449+0000] {processor.py:161} INFO - Started process (PID=245) to work on /home/airflow/.local/lib/python3.12/site-packages/airflow/example_dags/example_task_group.py
[2024-06-05T19:22:24.450+0000] {processor.py:830} INFO - Processing file /home/airflow/.local/lib/python3.12/site-packages/airflow/example_dags/example_task_group.py for tasks to queue
[2024-06-05T19:22:24.451+0000] {logging_mixin.py:188} INFO - [2024-06-05T19:22:24.451+0000] {dagbag.py:545} INFO - Filling up the DagBag from /home/airflow/.local/lib/python3.12/site-packages/airflow/example_dags/example_task_group.py
[2024-06-05T19:22:24.455+0000] {processor.py:840} INFO - DAG(s) 'example_task_group' retrieved from /home/airflow/.local/lib/python3.12/site-packages/airflow/example_dags/example_task_group.py
[2024-06-05T19:22:24.469+0000] {logging_mixin.py:188} INFO - [2024-06-05T19:22:24.469+0000] {dag.py:3096} INFO - Sync 1 DAGs
[2024-06-05T19:22:24.482+0000] {logging_mixin.py:188} INFO - [2024-06-05T19:22:24.482+0000] {dag.py:3954} INFO - Setting next_dagrun for example_task_group to 2024-06-04 00:00:00+00:00, run_after=2024-06-05 00:00:00+00:00
[2024-06-05T19:22:24.494+0000] {processor.py:183} INFO - Processing /home/airflow/.local/lib/python3.12/site-packages/airflow/example_dags/example_task_group.py took 0.048 seconds
[2024-06-05T19:22:54.700+0000] {processor.py:161} INFO - Started process (PID=303) to work on /home/airflow/.local/lib/python3.12/site-packages/airflow/example_dags/example_task_group.py
[2024-06-05T19:22:54.701+0000] {processor.py:830} INFO - Processing file /home/airflow/.local/lib/python3.12/site-packages/airflow/example_dags/example_task_group.py for tasks to queue
[2024-06-05T19:22:54.702+0000] {logging_mixin.py:188} INFO - [2024-06-05T19:22:54.702+0000] {dagbag.py:545} INFO - Filling up the DagBag from /home/airflow/.local/lib/python3.12/site-packages/airflow/example_dags/example_task_group.py
[2024-06-05T19:22:54.706+0000] {processor.py:840} INFO - DAG(s) 'example_task_group' retrieved from /home/airflow/.local/lib/python3.12/site-packages/airflow/example_dags/example_task_group.py
[2024-06-05T19:22:54.719+0000] {logging_mixin.py:188} INFO - [2024-06-05T19:22:54.719+0000] {dag.py:3096} INFO - Sync 1 DAGs
[2024-06-05T19:22:54.732+0000] {logging_mixin.py:188} INFO - [2024-06-05T19:22:54.732+0000] {dag.py:3954} INFO - Setting next_dagrun for example_task_group to 2024-06-04 00:00:00+00:00, run_after=2024-06-05 00:00:00+00:00
[2024-06-05T19:22:54.744+0000] {processor.py:183} INFO - Processing /home/airflow/.local/lib/python3.12/site-packages/airflow/example_dags/example_task_group.py took 0.048 seconds
[2024-06-05T19:23:24.924+0000] {processor.py:161} INFO - Started process (PID=361) to work on /home/airflow/.local/lib/python3.12/site-packages/airflow/example_dags/example_task_group.py
[2024-06-05T19:23:24.925+0000] {processor.py:830} INFO - Processing file /home/airflow/.local/lib/python3.12/site-packages/airflow/example_dags/example_task_group.py for tasks to queue
[2024-06-05T19:23:24.926+0000] {logging_mixin.py:188} INFO - [2024-06-05T19:23:24.926+0000] {dagbag.py:545} INFO - Filling up the DagBag from /home/airflow/.local/lib/python3.12/site-packages/airflow/example_dags/example_task_group.py
[2024-06-05T19:23:24.930+0000] {processor.py:840} INFO - DAG(s) 'example_task_group' retrieved from /home/airflow/.local/lib/python3.12/site-packages/airflow/example_dags/example_task_group.py
[2024-06-05T19:23:24.943+0000] {logging_mixin.py:188} INFO - [2024-06-05T19:23:24.943+0000] {dag.py:3096} INFO - Sync 1 DAGs
[2024-06-05T19:23:24.956+0000] {logging_mixin.py:188} INFO - [2024-06-05T19:23:24.955+0000] {dag.py:3954} INFO - Setting next_dagrun for example_task_group to 2024-06-04 00:00:00+00:00, run_after=2024-06-05 00:00:00+00:00
[2024-06-05T19:23:24.968+0000] {processor.py:183} INFO - Processing /home/airflow/.local/lib/python3.12/site-packages/airflow/example_dags/example_task_group.py took 0.047 seconds
[2024-06-05T19:23:55.142+0000] {processor.py:161} INFO - Started process (PID=419) to work on /home/airflow/.local/lib/python3.12/site-packages/airflow/example_dags/example_task_group.py
[2024-06-05T19:23:55.143+0000] {processor.py:830} INFO - Processing file /home/airflow/.local/lib/python3.12/site-packages/airflow/example_dags/example_task_group.py for tasks to queue
[2024-06-05T19:23:55.144+0000] {logging_mixin.py:188} INFO - [2024-06-05T19:23:55.144+0000] {dagbag.py:545} INFO - Filling up the DagBag from /home/airflow/.local/lib/python3.12/site-packages/airflow/example_dags/example_task_group.py
[2024-06-05T19:23:55.148+0000] {processor.py:840} INFO - DAG(s) 'example_task_group' retrieved from /home/airflow/.local/lib/python3.12/site-packages/airflow/example_dags/example_task_group.py
[2024-06-05T19:23:55.161+0000] {logging_mixin.py:188} INFO - [2024-06-05T19:23:55.161+0000] {dag.py:3096} INFO - Sync 1 DAGs
[2024-06-05T19:23:55.177+0000] {logging_mixin.py:188} INFO - [2024-06-05T19:23:55.177+0000] {dag.py:3954} INFO - Setting next_dagrun for example_task_group to 2024-06-04 00:00:00+00:00, run_after=2024-06-05 00:00:00+00:00
[2024-06-05T19:23:55.192+0000] {processor.py:183} INFO - Processing /home/airflow/.local/lib/python3.12/site-packages/airflow/example_dags/example_task_group.py took 0.053 seconds
[2024-06-05T19:24:26.242+0000] {processor.py:161} INFO - Started process (PID=477) to work on /home/airflow/.local/lib/python3.12/site-packages/airflow/example_dags/example_task_group.py
[2024-06-05T19:24:26.243+0000] {processor.py:830} INFO - Processing file /home/airflow/.local/lib/python3.12/site-packages/airflow/example_dags/example_task_group.py for tasks to queue
[2024-06-05T19:24:26.244+0000] {logging_mixin.py:188} INFO - [2024-06-05T19:24:26.244+0000] {dagbag.py:545} INFO - Filling up the DagBag from /home/airflow/.local/lib/python3.12/site-packages/airflow/example_dags/example_task_group.py
[2024-06-05T19:24:26.248+0000] {processor.py:840} INFO - DAG(s) 'example_task_group' retrieved from /home/airflow/.local/lib/python3.12/site-packages/airflow/example_dags/example_task_group.py
[2024-06-05T19:24:26.262+0000] {logging_mixin.py:188} INFO - [2024-06-05T19:24:26.262+0000] {dag.py:3096} INFO - Sync 1 DAGs
[2024-06-05T19:24:26.275+0000] {logging_mixin.py:188} INFO - [2024-06-05T19:24:26.274+0000] {dag.py:3954} INFO - Setting next_dagrun for example_task_group to 2024-06-04 00:00:00+00:00, run_after=2024-06-05 00:00:00+00:00
[2024-06-05T19:24:26.288+0000] {processor.py:183} INFO - Processing /home/airflow/.local/lib/python3.12/site-packages/airflow/example_dags/example_task_group.py took 0.049 seconds
[2024-06-05T19:24:57.020+0000] {processor.py:161} INFO - Started process (PID=535) to work on /home/airflow/.local/lib/python3.12/site-packages/airflow/example_dags/example_task_group.py
[2024-06-05T19:24:57.020+0000] {processor.py:830} INFO - Processing file /home/airflow/.local/lib/python3.12/site-packages/airflow/example_dags/example_task_group.py for tasks to queue
[2024-06-05T19:24:57.021+0000] {logging_mixin.py:188} INFO - [2024-06-05T19:24:57.021+0000] {dagbag.py:545} INFO - Filling up the DagBag from /home/airflow/.local/lib/python3.12/site-packages/airflow/example_dags/example_task_group.py
[2024-06-05T19:24:57.026+0000] {processor.py:840} INFO - DAG(s) 'example_task_group' retrieved from /home/airflow/.local/lib/python3.12/site-packages/airflow/example_dags/example_task_group.py
[2024-06-05T19:24:57.040+0000] {logging_mixin.py:188} INFO - [2024-06-05T19:24:57.040+0000] {dag.py:3096} INFO - Sync 1 DAGs
[2024-06-05T19:24:57.055+0000] {logging_mixin.py:188} INFO - [2024-06-05T19:24:57.055+0000] {dag.py:3954} INFO - Setting next_dagrun for example_task_group to 2024-06-04 00:00:00+00:00, run_after=2024-06-05 00:00:00+00:00
[2024-06-05T19:24:57.068+0000] {processor.py:183} INFO - Processing /home/airflow/.local/lib/python3.12/site-packages/airflow/example_dags/example_task_group.py took 0.052 seconds
[2024-06-05T19:25:27.227+0000] {processor.py:161} INFO - Started process (PID=593) to work on /home/airflow/.local/lib/python3.12/site-packages/airflow/example_dags/example_task_group.py
[2024-06-05T19:25:27.228+0000] {processor.py:830} INFO - Processing file /home/airflow/.local/lib/python3.12/site-packages/airflow/example_dags/example_task_group.py for tasks to queue
[2024-06-05T19:25:27.229+0000] {logging_mixin.py:188} INFO - [2024-06-05T19:25:27.229+0000] {dagbag.py:545} INFO - Filling up the DagBag from /home/airflow/.local/lib/python3.12/site-packages/airflow/example_dags/example_task_group.py
[2024-06-05T19:25:27.233+0000] {processor.py:840} INFO - DAG(s) 'example_task_group' retrieved from /home/airflow/.local/lib/python3.12/site-packages/airflow/example_dags/example_task_group.py
[2024-06-05T19:25:27.244+0000] {logging_mixin.py:188} INFO - [2024-06-05T19:25:27.244+0000] {dag.py:3096} INFO - Sync 1 DAGs
[2024-06-05T19:25:27.258+0000] {logging_mixin.py:188} INFO - [2024-06-05T19:25:27.258+0000] {dag.py:3954} INFO - Setting next_dagrun for example_task_group to 2024-06-04 00:00:00+00:00, run_after=2024-06-05 00:00:00+00:00
[2024-06-05T19:25:27.269+0000] {processor.py:183} INFO - Processing /home/airflow/.local/lib/python3.12/site-packages/airflow/example_dags/example_task_group.py took 0.045 seconds
