[2024-06-05T19:20:52.253+0000] {processor.py:161} INFO - Started process (PID=51) to work on /home/airflow/.local/lib/python3.12/site-packages/airflow/example_dags/example_python_decorator.py
[2024-06-05T19:20:52.253+0000] {processor.py:830} INFO - Processing file /home/airflow/.local/lib/python3.12/site-packages/airflow/example_dags/example_python_decorator.py for tasks to queue
[2024-06-05T19:20:52.254+0000] {logging_mixin.py:188} INFO - [2024-06-05T19:20:52.254+0000] {dagbag.py:545} INFO - Filling up the DagBag from /home/airflow/.local/lib/python3.12/site-packages/airflow/example_dags/example_python_decorator.py
[2024-06-05T19:20:52.264+0000] {processor.py:840} INFO - DAG(s) 'example_python_decorator' retrieved from /home/airflow/.local/lib/python3.12/site-packages/airflow/example_dags/example_python_decorator.py
[2024-06-05T19:20:52.271+0000] {logging_mixin.py:188} INFO - [2024-06-05T19:20:52.270+0000] {dag.py:3096} INFO - Sync 1 DAGs
[2024-06-05T19:20:52.279+0000] {logging_mixin.py:188} INFO - [2024-06-05T19:20:52.279+0000] {dag.py:3954} INFO - Setting next_dagrun for example_python_decorator to None, run_after=None
[2024-06-05T19:20:52.292+0000] {processor.py:183} INFO - Processing /home/airflow/.local/lib/python3.12/site-packages/airflow/example_dags/example_python_decorator.py took 0.043 seconds
[2024-06-05T19:21:22.664+0000] {processor.py:161} INFO - Started process (PID=109) to work on /home/airflow/.local/lib/python3.12/site-packages/airflow/example_dags/example_python_decorator.py
[2024-06-05T19:21:22.665+0000] {processor.py:830} INFO - Processing file /home/airflow/.local/lib/python3.12/site-packages/airflow/example_dags/example_python_decorator.py for tasks to queue
[2024-06-05T19:21:22.667+0000] {logging_mixin.py:188} INFO - [2024-06-05T19:21:22.666+0000] {dagbag.py:545} INFO - Filling up the DagBag from /home/airflow/.local/lib/python3.12/site-packages/airflow/example_dags/example_python_decorator.py
[2024-06-05T19:21:22.673+0000] {processor.py:840} INFO - DAG(s) 'example_python_decorator' retrieved from /home/airflow/.local/lib/python3.12/site-packages/airflow/example_dags/example_python_decorator.py
[2024-06-05T19:21:22.732+0000] {logging_mixin.py:188} INFO - [2024-06-05T19:21:22.731+0000] {dag.py:3096} INFO - Sync 1 DAGs
[2024-06-05T19:21:22.738+0000] {logging_mixin.py:188} INFO - [2024-06-05T19:21:22.738+0000] {dag.py:3954} INFO - Setting next_dagrun for example_python_decorator to None, run_after=None
[2024-06-05T19:21:22.754+0000] {processor.py:183} INFO - Processing /home/airflow/.local/lib/python3.12/site-packages/airflow/example_dags/example_python_decorator.py took 0.093 seconds
[2024-06-05T19:21:53.648+0000] {processor.py:161} INFO - Started process (PID=168) to work on /home/airflow/.local/lib/python3.12/site-packages/airflow/example_dags/example_python_decorator.py
[2024-06-05T19:21:53.648+0000] {processor.py:830} INFO - Processing file /home/airflow/.local/lib/python3.12/site-packages/airflow/example_dags/example_python_decorator.py for tasks to queue
[2024-06-05T19:21:53.649+0000] {logging_mixin.py:188} INFO - [2024-06-05T19:21:53.649+0000] {dagbag.py:545} INFO - Filling up the DagBag from /home/airflow/.local/lib/python3.12/site-packages/airflow/example_dags/example_python_decorator.py
[2024-06-05T19:21:53.656+0000] {processor.py:840} INFO - DAG(s) 'example_python_decorator' retrieved from /home/airflow/.local/lib/python3.12/site-packages/airflow/example_dags/example_python_decorator.py
[2024-06-05T19:21:53.673+0000] {logging_mixin.py:188} INFO - [2024-06-05T19:21:53.673+0000] {dag.py:3096} INFO - Sync 1 DAGs
[2024-06-05T19:21:53.682+0000] {logging_mixin.py:188} INFO - [2024-06-05T19:21:53.682+0000] {dag.py:3954} INFO - Setting next_dagrun for example_python_decorator to None, run_after=None
[2024-06-05T19:21:53.695+0000] {processor.py:183} INFO - Processing /home/airflow/.local/lib/python3.12/site-packages/airflow/example_dags/example_python_decorator.py took 0.051 seconds
[2024-06-05T19:22:23.877+0000] {processor.py:161} INFO - Started process (PID=226) to work on /home/airflow/.local/lib/python3.12/site-packages/airflow/example_dags/example_python_decorator.py
[2024-06-05T19:22:23.877+0000] {processor.py:830} INFO - Processing file /home/airflow/.local/lib/python3.12/site-packages/airflow/example_dags/example_python_decorator.py for tasks to queue
[2024-06-05T19:22:23.878+0000] {logging_mixin.py:188} INFO - [2024-06-05T19:22:23.878+0000] {dagbag.py:545} INFO - Filling up the DagBag from /home/airflow/.local/lib/python3.12/site-packages/airflow/example_dags/example_python_decorator.py
[2024-06-05T19:22:23.885+0000] {processor.py:840} INFO - DAG(s) 'example_python_decorator' retrieved from /home/airflow/.local/lib/python3.12/site-packages/airflow/example_dags/example_python_decorator.py
[2024-06-05T19:22:23.899+0000] {logging_mixin.py:188} INFO - [2024-06-05T19:22:23.899+0000] {dag.py:3096} INFO - Sync 1 DAGs
[2024-06-05T19:22:23.906+0000] {logging_mixin.py:188} INFO - [2024-06-05T19:22:23.906+0000] {dag.py:3954} INFO - Setting next_dagrun for example_python_decorator to None, run_after=None
[2024-06-05T19:22:23.919+0000] {processor.py:183} INFO - Processing /home/airflow/.local/lib/python3.12/site-packages/airflow/example_dags/example_python_decorator.py took 0.046 seconds
[2024-06-05T19:22:54.013+0000] {processor.py:161} INFO - Started process (PID=284) to work on /home/airflow/.local/lib/python3.12/site-packages/airflow/example_dags/example_python_decorator.py
[2024-06-05T19:22:54.013+0000] {processor.py:830} INFO - Processing file /home/airflow/.local/lib/python3.12/site-packages/airflow/example_dags/example_python_decorator.py for tasks to queue
[2024-06-05T19:22:54.015+0000] {logging_mixin.py:188} INFO - [2024-06-05T19:22:54.014+0000] {dagbag.py:545} INFO - Filling up the DagBag from /home/airflow/.local/lib/python3.12/site-packages/airflow/example_dags/example_python_decorator.py
[2024-06-05T19:22:54.021+0000] {processor.py:840} INFO - DAG(s) 'example_python_decorator' retrieved from /home/airflow/.local/lib/python3.12/site-packages/airflow/example_dags/example_python_decorator.py
[2024-06-05T19:22:54.035+0000] {logging_mixin.py:188} INFO - [2024-06-05T19:22:54.035+0000] {dag.py:3096} INFO - Sync 1 DAGs
[2024-06-05T19:22:54.043+0000] {logging_mixin.py:188} INFO - [2024-06-05T19:22:54.043+0000] {dag.py:3954} INFO - Setting next_dagrun for example_python_decorator to None, run_after=None
[2024-06-05T19:22:54.055+0000] {processor.py:183} INFO - Processing /home/airflow/.local/lib/python3.12/site-packages/airflow/example_dags/example_python_decorator.py took 0.046 seconds
[2024-06-05T19:23:24.319+0000] {processor.py:161} INFO - Started process (PID=342) to work on /home/airflow/.local/lib/python3.12/site-packages/airflow/example_dags/example_python_decorator.py
[2024-06-05T19:23:24.320+0000] {processor.py:830} INFO - Processing file /home/airflow/.local/lib/python3.12/site-packages/airflow/example_dags/example_python_decorator.py for tasks to queue
[2024-06-05T19:23:24.321+0000] {logging_mixin.py:188} INFO - [2024-06-05T19:23:24.321+0000] {dagbag.py:545} INFO - Filling up the DagBag from /home/airflow/.local/lib/python3.12/site-packages/airflow/example_dags/example_python_decorator.py
[2024-06-05T19:23:24.327+0000] {processor.py:840} INFO - DAG(s) 'example_python_decorator' retrieved from /home/airflow/.local/lib/python3.12/site-packages/airflow/example_dags/example_python_decorator.py
[2024-06-05T19:23:24.341+0000] {logging_mixin.py:188} INFO - [2024-06-05T19:23:24.341+0000] {dag.py:3096} INFO - Sync 1 DAGs
[2024-06-05T19:23:24.349+0000] {logging_mixin.py:188} INFO - [2024-06-05T19:23:24.349+0000] {dag.py:3954} INFO - Setting next_dagrun for example_python_decorator to None, run_after=None
[2024-06-05T19:23:24.362+0000] {processor.py:183} INFO - Processing /home/airflow/.local/lib/python3.12/site-packages/airflow/example_dags/example_python_decorator.py took 0.046 seconds
[2024-06-05T19:23:54.547+0000] {processor.py:161} INFO - Started process (PID=400) to work on /home/airflow/.local/lib/python3.12/site-packages/airflow/example_dags/example_python_decorator.py
[2024-06-05T19:23:54.548+0000] {processor.py:830} INFO - Processing file /home/airflow/.local/lib/python3.12/site-packages/airflow/example_dags/example_python_decorator.py for tasks to queue
[2024-06-05T19:23:54.549+0000] {logging_mixin.py:188} INFO - [2024-06-05T19:23:54.549+0000] {dagbag.py:545} INFO - Filling up the DagBag from /home/airflow/.local/lib/python3.12/site-packages/airflow/example_dags/example_python_decorator.py
[2024-06-05T19:23:54.556+0000] {processor.py:840} INFO - DAG(s) 'example_python_decorator' retrieved from /home/airflow/.local/lib/python3.12/site-packages/airflow/example_dags/example_python_decorator.py
[2024-06-05T19:23:54.570+0000] {logging_mixin.py:188} INFO - [2024-06-05T19:23:54.570+0000] {dag.py:3096} INFO - Sync 1 DAGs
[2024-06-05T19:23:54.577+0000] {logging_mixin.py:188} INFO - [2024-06-05T19:23:54.577+0000] {dag.py:3954} INFO - Setting next_dagrun for example_python_decorator to None, run_after=None
[2024-06-05T19:23:54.589+0000] {processor.py:183} INFO - Processing /home/airflow/.local/lib/python3.12/site-packages/airflow/example_dags/example_python_decorator.py took 0.045 seconds
[2024-06-05T19:24:25.590+0000] {processor.py:161} INFO - Started process (PID=458) to work on /home/airflow/.local/lib/python3.12/site-packages/airflow/example_dags/example_python_decorator.py
[2024-06-05T19:24:25.590+0000] {processor.py:830} INFO - Processing file /home/airflow/.local/lib/python3.12/site-packages/airflow/example_dags/example_python_decorator.py for tasks to queue
[2024-06-05T19:24:25.591+0000] {logging_mixin.py:188} INFO - [2024-06-05T19:24:25.591+0000] {dagbag.py:545} INFO - Filling up the DagBag from /home/airflow/.local/lib/python3.12/site-packages/airflow/example_dags/example_python_decorator.py
[2024-06-05T19:24:25.598+0000] {processor.py:840} INFO - DAG(s) 'example_python_decorator' retrieved from /home/airflow/.local/lib/python3.12/site-packages/airflow/example_dags/example_python_decorator.py
[2024-06-05T19:24:25.611+0000] {logging_mixin.py:188} INFO - [2024-06-05T19:24:25.611+0000] {dag.py:3096} INFO - Sync 1 DAGs
[2024-06-05T19:24:25.618+0000] {logging_mixin.py:188} INFO - [2024-06-05T19:24:25.618+0000] {dag.py:3954} INFO - Setting next_dagrun for example_python_decorator to None, run_after=None
[2024-06-05T19:24:25.630+0000] {processor.py:183} INFO - Processing /home/airflow/.local/lib/python3.12/site-packages/airflow/example_dags/example_python_decorator.py took 0.043 seconds
[2024-06-05T19:24:56.361+0000] {processor.py:161} INFO - Started process (PID=516) to work on /home/airflow/.local/lib/python3.12/site-packages/airflow/example_dags/example_python_decorator.py
[2024-06-05T19:24:56.361+0000] {processor.py:830} INFO - Processing file /home/airflow/.local/lib/python3.12/site-packages/airflow/example_dags/example_python_decorator.py for tasks to queue
[2024-06-05T19:24:56.362+0000] {logging_mixin.py:188} INFO - [2024-06-05T19:24:56.362+0000] {dagbag.py:545} INFO - Filling up the DagBag from /home/airflow/.local/lib/python3.12/site-packages/airflow/example_dags/example_python_decorator.py
[2024-06-05T19:24:56.369+0000] {processor.py:840} INFO - DAG(s) 'example_python_decorator' retrieved from /home/airflow/.local/lib/python3.12/site-packages/airflow/example_dags/example_python_decorator.py
[2024-06-05T19:24:56.383+0000] {logging_mixin.py:188} INFO - [2024-06-05T19:24:56.383+0000] {dag.py:3096} INFO - Sync 1 DAGs
[2024-06-05T19:24:56.390+0000] {logging_mixin.py:188} INFO - [2024-06-05T19:24:56.390+0000] {dag.py:3954} INFO - Setting next_dagrun for example_python_decorator to None, run_after=None
[2024-06-05T19:24:56.405+0000] {processor.py:183} INFO - Processing /home/airflow/.local/lib/python3.12/site-packages/airflow/example_dags/example_python_decorator.py took 0.047 seconds
[2024-06-05T19:25:26.429+0000] {processor.py:161} INFO - Started process (PID=573) to work on /home/airflow/.local/lib/python3.12/site-packages/airflow/example_dags/example_python_decorator.py
[2024-06-05T19:25:26.430+0000] {processor.py:830} INFO - Processing file /home/airflow/.local/lib/python3.12/site-packages/airflow/example_dags/example_python_decorator.py for tasks to queue
[2024-06-05T19:25:26.431+0000] {logging_mixin.py:188} INFO - [2024-06-05T19:25:26.431+0000] {dagbag.py:545} INFO - Filling up the DagBag from /home/airflow/.local/lib/python3.12/site-packages/airflow/example_dags/example_python_decorator.py
[2024-06-05T19:25:26.440+0000] {processor.py:840} INFO - DAG(s) 'example_python_decorator' retrieved from /home/airflow/.local/lib/python3.12/site-packages/airflow/example_dags/example_python_decorator.py
[2024-06-05T19:25:26.454+0000] {logging_mixin.py:188} INFO - [2024-06-05T19:25:26.454+0000] {dag.py:3096} INFO - Sync 1 DAGs
[2024-06-05T19:25:26.462+0000] {logging_mixin.py:188} INFO - [2024-06-05T19:25:26.462+0000] {dag.py:3954} INFO - Setting next_dagrun for example_python_decorator to None, run_after=None
[2024-06-05T19:25:26.476+0000] {processor.py:183} INFO - Processing /home/airflow/.local/lib/python3.12/site-packages/airflow/example_dags/example_python_decorator.py took 0.050 seconds
[2024-06-05T19:34:40.212+0000] {processor.py:161} INFO - Started process (PID=51) to work on /home/airflow/.local/lib/python3.12/site-packages/airflow/example_dags/example_python_decorator.py
[2024-06-05T19:34:40.213+0000] {processor.py:830} INFO - Processing file /home/airflow/.local/lib/python3.12/site-packages/airflow/example_dags/example_python_decorator.py for tasks to queue
[2024-06-05T19:34:40.214+0000] {logging_mixin.py:188} INFO - [2024-06-05T19:34:40.214+0000] {dagbag.py:545} INFO - Filling up the DagBag from /home/airflow/.local/lib/python3.12/site-packages/airflow/example_dags/example_python_decorator.py
[2024-06-05T19:34:40.222+0000] {processor.py:840} INFO - DAG(s) 'example_python_decorator' retrieved from /home/airflow/.local/lib/python3.12/site-packages/airflow/example_dags/example_python_decorator.py
[2024-06-05T19:34:40.299+0000] {logging_mixin.py:188} INFO - [2024-06-05T19:34:40.298+0000] {dag.py:3096} INFO - Sync 1 DAGs
[2024-06-05T19:34:40.305+0000] {logging_mixin.py:188} INFO - [2024-06-05T19:34:40.305+0000] {dag.py:3954} INFO - Setting next_dagrun for example_python_decorator to None, run_after=None
[2024-06-05T19:34:40.320+0000] {processor.py:183} INFO - Processing /home/airflow/.local/lib/python3.12/site-packages/airflow/example_dags/example_python_decorator.py took 0.111 seconds
[2024-06-05T19:35:10.471+0000] {processor.py:161} INFO - Started process (PID=110) to work on /home/airflow/.local/lib/python3.12/site-packages/airflow/example_dags/example_python_decorator.py
[2024-06-05T19:35:10.471+0000] {processor.py:830} INFO - Processing file /home/airflow/.local/lib/python3.12/site-packages/airflow/example_dags/example_python_decorator.py for tasks to queue
[2024-06-05T19:35:10.472+0000] {logging_mixin.py:188} INFO - [2024-06-05T19:35:10.472+0000] {dagbag.py:545} INFO - Filling up the DagBag from /home/airflow/.local/lib/python3.12/site-packages/airflow/example_dags/example_python_decorator.py
[2024-06-05T19:35:10.479+0000] {processor.py:840} INFO - DAG(s) 'example_python_decorator' retrieved from /home/airflow/.local/lib/python3.12/site-packages/airflow/example_dags/example_python_decorator.py
[2024-06-05T19:35:10.492+0000] {logging_mixin.py:188} INFO - [2024-06-05T19:35:10.492+0000] {dag.py:3096} INFO - Sync 1 DAGs
[2024-06-05T19:35:10.500+0000] {logging_mixin.py:188} INFO - [2024-06-05T19:35:10.500+0000] {dag.py:3954} INFO - Setting next_dagrun for example_python_decorator to None, run_after=None
[2024-06-05T19:35:10.513+0000] {processor.py:183} INFO - Processing /home/airflow/.local/lib/python3.12/site-packages/airflow/example_dags/example_python_decorator.py took 0.045 seconds
