[2024-06-05T19:20:52.316+0000] {processor.py:161} INFO - Started process (PID=52) to work on /home/airflow/.local/lib/python3.12/site-packages/airflow/example_dags/example_latest_only.py
[2024-06-05T19:20:52.317+0000] {processor.py:830} INFO - Processing file /home/airflow/.local/lib/python3.12/site-packages/airflow/example_dags/example_latest_only.py for tasks to queue
[2024-06-05T19:20:52.318+0000] {logging_mixin.py:188} INFO - [2024-06-05T19:20:52.318+0000] {dagbag.py:545} INFO - Filling up the DagBag from /home/airflow/.local/lib/python3.12/site-packages/airflow/example_dags/example_latest_only.py
[2024-06-05T19:20:52.323+0000] {processor.py:840} INFO - DAG(s) 'latest_only' retrieved from /home/airflow/.local/lib/python3.12/site-packages/airflow/example_dags/example_latest_only.py
[2024-06-05T19:20:52.331+0000] {logging_mixin.py:188} INFO - [2024-06-05T19:20:52.331+0000] {dag.py:3096} INFO - Sync 1 DAGs
[2024-06-05T19:20:52.346+0000] {logging_mixin.py:188} INFO - [2024-06-05T19:20:52.346+0000] {dag.py:3954} INFO - Setting next_dagrun for latest_only to 2024-06-05 12:00:00+00:00, run_after=2024-06-05 16:00:00+00:00
[2024-06-05T19:20:52.359+0000] {processor.py:183} INFO - Processing /home/airflow/.local/lib/python3.12/site-packages/airflow/example_dags/example_latest_only.py took 0.048 seconds
[2024-06-05T19:21:22.736+0000] {processor.py:161} INFO - Started process (PID=110) to work on /home/airflow/.local/lib/python3.12/site-packages/airflow/example_dags/example_latest_only.py
[2024-06-05T19:21:22.737+0000] {processor.py:830} INFO - Processing file /home/airflow/.local/lib/python3.12/site-packages/airflow/example_dags/example_latest_only.py for tasks to queue
[2024-06-05T19:21:22.738+0000] {logging_mixin.py:188} INFO - [2024-06-05T19:21:22.738+0000] {dagbag.py:545} INFO - Filling up the DagBag from /home/airflow/.local/lib/python3.12/site-packages/airflow/example_dags/example_latest_only.py
[2024-06-05T19:21:22.740+0000] {processor.py:840} INFO - DAG(s) 'latest_only' retrieved from /home/airflow/.local/lib/python3.12/site-packages/airflow/example_dags/example_latest_only.py
[2024-06-05T19:21:22.800+0000] {logging_mixin.py:188} INFO - [2024-06-05T19:21:22.800+0000] {dag.py:3096} INFO - Sync 1 DAGs
[2024-06-05T19:21:22.811+0000] {logging_mixin.py:188} INFO - [2024-06-05T19:21:22.811+0000] {dag.py:3954} INFO - Setting next_dagrun for latest_only to 2024-06-05 12:00:00+00:00, run_after=2024-06-05 16:00:00+00:00
[2024-06-05T19:21:22.825+0000] {processor.py:183} INFO - Processing /home/airflow/.local/lib/python3.12/site-packages/airflow/example_dags/example_latest_only.py took 0.092 seconds
[2024-06-05T19:21:53.677+0000] {processor.py:161} INFO - Started process (PID=169) to work on /home/airflow/.local/lib/python3.12/site-packages/airflow/example_dags/example_latest_only.py
[2024-06-05T19:21:53.678+0000] {processor.py:830} INFO - Processing file /home/airflow/.local/lib/python3.12/site-packages/airflow/example_dags/example_latest_only.py for tasks to queue
[2024-06-05T19:21:53.679+0000] {logging_mixin.py:188} INFO - [2024-06-05T19:21:53.678+0000] {dagbag.py:545} INFO - Filling up the DagBag from /home/airflow/.local/lib/python3.12/site-packages/airflow/example_dags/example_latest_only.py
[2024-06-05T19:21:53.681+0000] {processor.py:840} INFO - DAG(s) 'latest_only' retrieved from /home/airflow/.local/lib/python3.12/site-packages/airflow/example_dags/example_latest_only.py
[2024-06-05T19:21:53.693+0000] {logging_mixin.py:188} INFO - [2024-06-05T19:21:53.692+0000] {dag.py:3096} INFO - Sync 1 DAGs
[2024-06-05T19:21:53.706+0000] {logging_mixin.py:188} INFO - [2024-06-05T19:21:53.706+0000] {dag.py:3954} INFO - Setting next_dagrun for latest_only to 2024-06-05 12:00:00+00:00, run_after=2024-06-05 16:00:00+00:00
[2024-06-05T19:21:53.719+0000] {processor.py:183} INFO - Processing /home/airflow/.local/lib/python3.12/site-packages/airflow/example_dags/example_latest_only.py took 0.045 seconds
[2024-06-05T19:22:23.900+0000] {processor.py:161} INFO - Started process (PID=227) to work on /home/airflow/.local/lib/python3.12/site-packages/airflow/example_dags/example_latest_only.py
[2024-06-05T19:22:23.901+0000] {processor.py:830} INFO - Processing file /home/airflow/.local/lib/python3.12/site-packages/airflow/example_dags/example_latest_only.py for tasks to queue
[2024-06-05T19:22:23.902+0000] {logging_mixin.py:188} INFO - [2024-06-05T19:22:23.902+0000] {dagbag.py:545} INFO - Filling up the DagBag from /home/airflow/.local/lib/python3.12/site-packages/airflow/example_dags/example_latest_only.py
[2024-06-05T19:22:23.905+0000] {processor.py:840} INFO - DAG(s) 'latest_only' retrieved from /home/airflow/.local/lib/python3.12/site-packages/airflow/example_dags/example_latest_only.py
[2024-06-05T19:22:23.917+0000] {logging_mixin.py:188} INFO - [2024-06-05T19:22:23.916+0000] {dag.py:3096} INFO - Sync 1 DAGs
[2024-06-05T19:22:23.929+0000] {logging_mixin.py:188} INFO - [2024-06-05T19:22:23.929+0000] {dag.py:3954} INFO - Setting next_dagrun for latest_only to 2024-06-05 12:00:00+00:00, run_after=2024-06-05 16:00:00+00:00
[2024-06-05T19:22:23.941+0000] {processor.py:183} INFO - Processing /home/airflow/.local/lib/python3.12/site-packages/airflow/example_dags/example_latest_only.py took 0.044 seconds
[2024-06-05T19:22:54.041+0000] {processor.py:161} INFO - Started process (PID=285) to work on /home/airflow/.local/lib/python3.12/site-packages/airflow/example_dags/example_latest_only.py
[2024-06-05T19:22:54.042+0000] {processor.py:830} INFO - Processing file /home/airflow/.local/lib/python3.12/site-packages/airflow/example_dags/example_latest_only.py for tasks to queue
[2024-06-05T19:22:54.043+0000] {logging_mixin.py:188} INFO - [2024-06-05T19:22:54.043+0000] {dagbag.py:545} INFO - Filling up the DagBag from /home/airflow/.local/lib/python3.12/site-packages/airflow/example_dags/example_latest_only.py
[2024-06-05T19:22:54.046+0000] {processor.py:840} INFO - DAG(s) 'latest_only' retrieved from /home/airflow/.local/lib/python3.12/site-packages/airflow/example_dags/example_latest_only.py
[2024-06-05T19:22:54.056+0000] {logging_mixin.py:188} INFO - [2024-06-05T19:22:54.056+0000] {dag.py:3096} INFO - Sync 1 DAGs
[2024-06-05T19:22:54.069+0000] {logging_mixin.py:188} INFO - [2024-06-05T19:22:54.069+0000] {dag.py:3954} INFO - Setting next_dagrun for latest_only to 2024-06-05 12:00:00+00:00, run_after=2024-06-05 16:00:00+00:00
[2024-06-05T19:22:54.083+0000] {processor.py:183} INFO - Processing /home/airflow/.local/lib/python3.12/site-packages/airflow/example_dags/example_latest_only.py took 0.045 seconds
[2024-06-05T19:23:24.354+0000] {processor.py:161} INFO - Started process (PID=343) to work on /home/airflow/.local/lib/python3.12/site-packages/airflow/example_dags/example_latest_only.py
[2024-06-05T19:23:24.354+0000] {processor.py:830} INFO - Processing file /home/airflow/.local/lib/python3.12/site-packages/airflow/example_dags/example_latest_only.py for tasks to queue
[2024-06-05T19:23:24.355+0000] {logging_mixin.py:188} INFO - [2024-06-05T19:23:24.355+0000] {dagbag.py:545} INFO - Filling up the DagBag from /home/airflow/.local/lib/python3.12/site-packages/airflow/example_dags/example_latest_only.py
[2024-06-05T19:23:24.358+0000] {processor.py:840} INFO - DAG(s) 'latest_only' retrieved from /home/airflow/.local/lib/python3.12/site-packages/airflow/example_dags/example_latest_only.py
[2024-06-05T19:23:24.372+0000] {logging_mixin.py:188} INFO - [2024-06-05T19:23:24.372+0000] {dag.py:3096} INFO - Sync 1 DAGs
[2024-06-05T19:23:24.388+0000] {logging_mixin.py:188} INFO - [2024-06-05T19:23:24.388+0000] {dag.py:3954} INFO - Setting next_dagrun for latest_only to 2024-06-05 12:00:00+00:00, run_after=2024-06-05 16:00:00+00:00
[2024-06-05T19:23:24.400+0000] {processor.py:183} INFO - Processing /home/airflow/.local/lib/python3.12/site-packages/airflow/example_dags/example_latest_only.py took 0.050 seconds
[2024-06-05T19:23:54.565+0000] {processor.py:161} INFO - Started process (PID=401) to work on /home/airflow/.local/lib/python3.12/site-packages/airflow/example_dags/example_latest_only.py
[2024-06-05T19:23:54.565+0000] {processor.py:830} INFO - Processing file /home/airflow/.local/lib/python3.12/site-packages/airflow/example_dags/example_latest_only.py for tasks to queue
[2024-06-05T19:23:54.566+0000] {logging_mixin.py:188} INFO - [2024-06-05T19:23:54.566+0000] {dagbag.py:545} INFO - Filling up the DagBag from /home/airflow/.local/lib/python3.12/site-packages/airflow/example_dags/example_latest_only.py
[2024-06-05T19:23:54.569+0000] {processor.py:840} INFO - DAG(s) 'latest_only' retrieved from /home/airflow/.local/lib/python3.12/site-packages/airflow/example_dags/example_latest_only.py
[2024-06-05T19:23:54.579+0000] {logging_mixin.py:188} INFO - [2024-06-05T19:23:54.579+0000] {dag.py:3096} INFO - Sync 1 DAGs
[2024-06-05T19:23:54.592+0000] {logging_mixin.py:188} INFO - [2024-06-05T19:23:54.592+0000] {dag.py:3954} INFO - Setting next_dagrun for latest_only to 2024-06-05 12:00:00+00:00, run_after=2024-06-05 16:00:00+00:00
[2024-06-05T19:23:54.605+0000] {processor.py:183} INFO - Processing /home/airflow/.local/lib/python3.12/site-packages/airflow/example_dags/example_latest_only.py took 0.044 seconds
[2024-06-05T19:24:25.645+0000] {processor.py:161} INFO - Started process (PID=459) to work on /home/airflow/.local/lib/python3.12/site-packages/airflow/example_dags/example_latest_only.py
[2024-06-05T19:24:25.646+0000] {processor.py:830} INFO - Processing file /home/airflow/.local/lib/python3.12/site-packages/airflow/example_dags/example_latest_only.py for tasks to queue
[2024-06-05T19:24:25.647+0000] {logging_mixin.py:188} INFO - [2024-06-05T19:24:25.647+0000] {dagbag.py:545} INFO - Filling up the DagBag from /home/airflow/.local/lib/python3.12/site-packages/airflow/example_dags/example_latest_only.py
[2024-06-05T19:24:25.649+0000] {processor.py:840} INFO - DAG(s) 'latest_only' retrieved from /home/airflow/.local/lib/python3.12/site-packages/airflow/example_dags/example_latest_only.py
[2024-06-05T19:24:25.661+0000] {logging_mixin.py:188} INFO - [2024-06-05T19:24:25.660+0000] {dag.py:3096} INFO - Sync 1 DAGs
[2024-06-05T19:24:25.674+0000] {logging_mixin.py:188} INFO - [2024-06-05T19:24:25.674+0000] {dag.py:3954} INFO - Setting next_dagrun for latest_only to 2024-06-05 12:00:00+00:00, run_after=2024-06-05 16:00:00+00:00
[2024-06-05T19:24:25.686+0000] {processor.py:183} INFO - Processing /home/airflow/.local/lib/python3.12/site-packages/airflow/example_dags/example_latest_only.py took 0.044 seconds
[2024-06-05T19:24:56.420+0000] {processor.py:161} INFO - Started process (PID=517) to work on /home/airflow/.local/lib/python3.12/site-packages/airflow/example_dags/example_latest_only.py
[2024-06-05T19:24:56.421+0000] {processor.py:830} INFO - Processing file /home/airflow/.local/lib/python3.12/site-packages/airflow/example_dags/example_latest_only.py for tasks to queue
[2024-06-05T19:24:56.423+0000] {logging_mixin.py:188} INFO - [2024-06-05T19:24:56.422+0000] {dagbag.py:545} INFO - Filling up the DagBag from /home/airflow/.local/lib/python3.12/site-packages/airflow/example_dags/example_latest_only.py
[2024-06-05T19:24:56.425+0000] {processor.py:840} INFO - DAG(s) 'latest_only' retrieved from /home/airflow/.local/lib/python3.12/site-packages/airflow/example_dags/example_latest_only.py
[2024-06-05T19:24:56.437+0000] {logging_mixin.py:188} INFO - [2024-06-05T19:24:56.437+0000] {dag.py:3096} INFO - Sync 1 DAGs
[2024-06-05T19:24:56.451+0000] {logging_mixin.py:188} INFO - [2024-06-05T19:24:56.450+0000] {dag.py:3954} INFO - Setting next_dagrun for latest_only to 2024-06-05 12:00:00+00:00, run_after=2024-06-05 16:00:00+00:00
[2024-06-05T19:24:56.463+0000] {processor.py:183} INFO - Processing /home/airflow/.local/lib/python3.12/site-packages/airflow/example_dags/example_latest_only.py took 0.046 seconds
[2024-06-05T19:25:26.492+0000] {processor.py:161} INFO - Started process (PID=575) to work on /home/airflow/.local/lib/python3.12/site-packages/airflow/example_dags/example_latest_only.py
[2024-06-05T19:25:26.493+0000] {processor.py:830} INFO - Processing file /home/airflow/.local/lib/python3.12/site-packages/airflow/example_dags/example_latest_only.py for tasks to queue
[2024-06-05T19:25:26.494+0000] {logging_mixin.py:188} INFO - [2024-06-05T19:25:26.494+0000] {dagbag.py:545} INFO - Filling up the DagBag from /home/airflow/.local/lib/python3.12/site-packages/airflow/example_dags/example_latest_only.py
[2024-06-05T19:25:26.496+0000] {processor.py:840} INFO - DAG(s) 'latest_only' retrieved from /home/airflow/.local/lib/python3.12/site-packages/airflow/example_dags/example_latest_only.py
[2024-06-05T19:25:26.508+0000] {logging_mixin.py:188} INFO - [2024-06-05T19:25:26.508+0000] {dag.py:3096} INFO - Sync 1 DAGs
[2024-06-05T19:25:26.521+0000] {logging_mixin.py:188} INFO - [2024-06-05T19:25:26.521+0000] {dag.py:3954} INFO - Setting next_dagrun for latest_only to 2024-06-05 12:00:00+00:00, run_after=2024-06-05 16:00:00+00:00
[2024-06-05T19:25:26.533+0000] {processor.py:183} INFO - Processing /home/airflow/.local/lib/python3.12/site-packages/airflow/example_dags/example_latest_only.py took 0.044 seconds
