[2024-06-05T19:20:53.620+0000] {processor.py:161} INFO - Started process (PID=83) to work on /home/airflow/.local/lib/python3.12/site-packages/airflow/example_dags/tutorial.py
[2024-06-05T19:20:53.621+0000] {processor.py:830} INFO - Processing file /home/airflow/.local/lib/python3.12/site-packages/airflow/example_dags/tutorial.py for tasks to queue
[2024-06-05T19:20:53.622+0000] {logging_mixin.py:188} INFO - [2024-06-05T19:20:53.622+0000] {dagbag.py:545} INFO - Filling up the DagBag from /home/airflow/.local/lib/python3.12/site-packages/airflow/example_dags/tutorial.py
[2024-06-05T19:20:53.629+0000] {processor.py:840} INFO - DAG(s) 'tutorial' retrieved from /home/airflow/.local/lib/python3.12/site-packages/airflow/example_dags/tutorial.py
[2024-06-05T19:20:53.636+0000] {logging_mixin.py:188} INFO - [2024-06-05T19:20:53.636+0000] {dag.py:3096} INFO - Sync 1 DAGs
[2024-06-05T19:20:53.651+0000] {logging_mixin.py:188} INFO - [2024-06-05T19:20:53.651+0000] {dag.py:3954} INFO - Setting next_dagrun for tutorial to 2024-06-04 00:00:00+00:00, run_after=2024-06-05 00:00:00+00:00
[2024-06-05T19:20:53.666+0000] {processor.py:183} INFO - Processing /home/airflow/.local/lib/python3.12/site-packages/airflow/example_dags/tutorial.py took 0.050 seconds
[2024-06-05T19:21:24.708+0000] {processor.py:161} INFO - Started process (PID=141) to work on /home/airflow/.local/lib/python3.12/site-packages/airflow/example_dags/tutorial.py
[2024-06-05T19:21:24.709+0000] {processor.py:830} INFO - Processing file /home/airflow/.local/lib/python3.12/site-packages/airflow/example_dags/tutorial.py for tasks to queue
[2024-06-05T19:21:24.710+0000] {logging_mixin.py:188} INFO - [2024-06-05T19:21:24.710+0000] {dagbag.py:545} INFO - Filling up the DagBag from /home/airflow/.local/lib/python3.12/site-packages/airflow/example_dags/tutorial.py
[2024-06-05T19:21:24.713+0000] {processor.py:840} INFO - DAG(s) 'tutorial' retrieved from /home/airflow/.local/lib/python3.12/site-packages/airflow/example_dags/tutorial.py
[2024-06-05T19:21:24.770+0000] {logging_mixin.py:188} INFO - [2024-06-05T19:21:24.770+0000] {dag.py:3096} INFO - Sync 1 DAGs
[2024-06-05T19:21:24.782+0000] {logging_mixin.py:188} INFO - [2024-06-05T19:21:24.781+0000] {dag.py:3954} INFO - Setting next_dagrun for tutorial to 2024-06-04 00:00:00+00:00, run_after=2024-06-05 00:00:00+00:00
[2024-06-05T19:21:24.794+0000] {processor.py:183} INFO - Processing /home/airflow/.local/lib/python3.12/site-packages/airflow/example_dags/tutorial.py took 0.089 seconds
[2024-06-05T19:21:54.872+0000] {processor.py:161} INFO - Started process (PID=201) to work on /home/airflow/.local/lib/python3.12/site-packages/airflow/example_dags/tutorial.py
[2024-06-05T19:21:54.872+0000] {processor.py:830} INFO - Processing file /home/airflow/.local/lib/python3.12/site-packages/airflow/example_dags/tutorial.py for tasks to queue
[2024-06-05T19:21:54.873+0000] {logging_mixin.py:188} INFO - [2024-06-05T19:21:54.873+0000] {dagbag.py:545} INFO - Filling up the DagBag from /home/airflow/.local/lib/python3.12/site-packages/airflow/example_dags/tutorial.py
[2024-06-05T19:21:54.877+0000] {processor.py:840} INFO - DAG(s) 'tutorial' retrieved from /home/airflow/.local/lib/python3.12/site-packages/airflow/example_dags/tutorial.py
[2024-06-05T19:21:54.889+0000] {logging_mixin.py:188} INFO - [2024-06-05T19:21:54.889+0000] {dag.py:3096} INFO - Sync 1 DAGs
[2024-06-05T19:21:54.903+0000] {logging_mixin.py:188} INFO - [2024-06-05T19:21:54.903+0000] {dag.py:3954} INFO - Setting next_dagrun for tutorial to 2024-06-04 00:00:00+00:00, run_after=2024-06-05 00:00:00+00:00
[2024-06-05T19:21:54.916+0000] {processor.py:183} INFO - Processing /home/airflow/.local/lib/python3.12/site-packages/airflow/example_dags/tutorial.py took 0.048 seconds
[2024-06-05T19:22:24.980+0000] {processor.py:161} INFO - Started process (PID=259) to work on /home/airflow/.local/lib/python3.12/site-packages/airflow/example_dags/tutorial.py
[2024-06-05T19:22:24.981+0000] {processor.py:830} INFO - Processing file /home/airflow/.local/lib/python3.12/site-packages/airflow/example_dags/tutorial.py for tasks to queue
[2024-06-05T19:22:24.983+0000] {logging_mixin.py:188} INFO - [2024-06-05T19:22:24.982+0000] {dagbag.py:545} INFO - Filling up the DagBag from /home/airflow/.local/lib/python3.12/site-packages/airflow/example_dags/tutorial.py
[2024-06-05T19:22:24.988+0000] {processor.py:840} INFO - DAG(s) 'tutorial' retrieved from /home/airflow/.local/lib/python3.12/site-packages/airflow/example_dags/tutorial.py
[2024-06-05T19:22:25.002+0000] {logging_mixin.py:188} INFO - [2024-06-05T19:22:25.002+0000] {dag.py:3096} INFO - Sync 1 DAGs
[2024-06-05T19:22:25.016+0000] {logging_mixin.py:188} INFO - [2024-06-05T19:22:25.016+0000] {dag.py:3954} INFO - Setting next_dagrun for tutorial to 2024-06-04 00:00:00+00:00, run_after=2024-06-05 00:00:00+00:00
[2024-06-05T19:22:25.030+0000] {processor.py:183} INFO - Processing /home/airflow/.local/lib/python3.12/site-packages/airflow/example_dags/tutorial.py took 0.054 seconds
[2024-06-05T19:22:55.280+0000] {processor.py:161} INFO - Started process (PID=316) to work on /home/airflow/.local/lib/python3.12/site-packages/airflow/example_dags/tutorial.py
[2024-06-05T19:22:55.281+0000] {processor.py:830} INFO - Processing file /home/airflow/.local/lib/python3.12/site-packages/airflow/example_dags/tutorial.py for tasks to queue
[2024-06-05T19:22:55.282+0000] {logging_mixin.py:188} INFO - [2024-06-05T19:22:55.282+0000] {dagbag.py:545} INFO - Filling up the DagBag from /home/airflow/.local/lib/python3.12/site-packages/airflow/example_dags/tutorial.py
[2024-06-05T19:22:55.285+0000] {processor.py:840} INFO - DAG(s) 'tutorial' retrieved from /home/airflow/.local/lib/python3.12/site-packages/airflow/example_dags/tutorial.py
[2024-06-05T19:22:55.298+0000] {logging_mixin.py:188} INFO - [2024-06-05T19:22:55.298+0000] {dag.py:3096} INFO - Sync 1 DAGs
[2024-06-05T19:22:55.311+0000] {logging_mixin.py:188} INFO - [2024-06-05T19:22:55.311+0000] {dag.py:3954} INFO - Setting next_dagrun for tutorial to 2024-06-04 00:00:00+00:00, run_after=2024-06-05 00:00:00+00:00
[2024-06-05T19:22:55.323+0000] {processor.py:183} INFO - Processing /home/airflow/.local/lib/python3.12/site-packages/airflow/example_dags/tutorial.py took 0.046 seconds
[2024-06-05T19:23:25.530+0000] {processor.py:161} INFO - Started process (PID=374) to work on /home/airflow/.local/lib/python3.12/site-packages/airflow/example_dags/tutorial.py
[2024-06-05T19:23:25.531+0000] {processor.py:830} INFO - Processing file /home/airflow/.local/lib/python3.12/site-packages/airflow/example_dags/tutorial.py for tasks to queue
[2024-06-05T19:23:25.532+0000] {logging_mixin.py:188} INFO - [2024-06-05T19:23:25.532+0000] {dagbag.py:545} INFO - Filling up the DagBag from /home/airflow/.local/lib/python3.12/site-packages/airflow/example_dags/tutorial.py
[2024-06-05T19:23:25.535+0000] {processor.py:840} INFO - DAG(s) 'tutorial' retrieved from /home/airflow/.local/lib/python3.12/site-packages/airflow/example_dags/tutorial.py
[2024-06-05T19:23:25.548+0000] {logging_mixin.py:188} INFO - [2024-06-05T19:23:25.548+0000] {dag.py:3096} INFO - Sync 1 DAGs
[2024-06-05T19:23:25.561+0000] {logging_mixin.py:188} INFO - [2024-06-05T19:23:25.561+0000] {dag.py:3954} INFO - Setting next_dagrun for tutorial to 2024-06-04 00:00:00+00:00, run_after=2024-06-05 00:00:00+00:00
[2024-06-05T19:23:25.574+0000] {processor.py:183} INFO - Processing /home/airflow/.local/lib/python3.12/site-packages/airflow/example_dags/tutorial.py took 0.047 seconds
[2024-06-05T19:23:55.599+0000] {processor.py:161} INFO - Started process (PID=432) to work on /home/airflow/.local/lib/python3.12/site-packages/airflow/example_dags/tutorial.py
[2024-06-05T19:23:55.600+0000] {processor.py:830} INFO - Processing file /home/airflow/.local/lib/python3.12/site-packages/airflow/example_dags/tutorial.py for tasks to queue
[2024-06-05T19:23:55.601+0000] {logging_mixin.py:188} INFO - [2024-06-05T19:23:55.601+0000] {dagbag.py:545} INFO - Filling up the DagBag from /home/airflow/.local/lib/python3.12/site-packages/airflow/example_dags/tutorial.py
[2024-06-05T19:23:55.604+0000] {processor.py:840} INFO - DAG(s) 'tutorial' retrieved from /home/airflow/.local/lib/python3.12/site-packages/airflow/example_dags/tutorial.py
[2024-06-05T19:23:55.616+0000] {logging_mixin.py:188} INFO - [2024-06-05T19:23:55.616+0000] {dag.py:3096} INFO - Sync 1 DAGs
[2024-06-05T19:23:55.629+0000] {logging_mixin.py:188} INFO - [2024-06-05T19:23:55.629+0000] {dag.py:3954} INFO - Setting next_dagrun for tutorial to 2024-06-04 00:00:00+00:00, run_after=2024-06-05 00:00:00+00:00
[2024-06-05T19:23:55.642+0000] {processor.py:183} INFO - Processing /home/airflow/.local/lib/python3.12/site-packages/airflow/example_dags/tutorial.py took 0.047 seconds
[2024-06-05T19:24:26.676+0000] {processor.py:161} INFO - Started process (PID=490) to work on /home/airflow/.local/lib/python3.12/site-packages/airflow/example_dags/tutorial.py
[2024-06-05T19:24:26.676+0000] {processor.py:830} INFO - Processing file /home/airflow/.local/lib/python3.12/site-packages/airflow/example_dags/tutorial.py for tasks to queue
[2024-06-05T19:24:26.678+0000] {logging_mixin.py:188} INFO - [2024-06-05T19:24:26.677+0000] {dagbag.py:545} INFO - Filling up the DagBag from /home/airflow/.local/lib/python3.12/site-packages/airflow/example_dags/tutorial.py
[2024-06-05T19:24:26.681+0000] {processor.py:840} INFO - DAG(s) 'tutorial' retrieved from /home/airflow/.local/lib/python3.12/site-packages/airflow/example_dags/tutorial.py
[2024-06-05T19:24:26.693+0000] {logging_mixin.py:188} INFO - [2024-06-05T19:24:26.693+0000] {dag.py:3096} INFO - Sync 1 DAGs
[2024-06-05T19:24:26.707+0000] {logging_mixin.py:188} INFO - [2024-06-05T19:24:26.707+0000] {dag.py:3954} INFO - Setting next_dagrun for tutorial to 2024-06-04 00:00:00+00:00, run_after=2024-06-05 00:00:00+00:00
[2024-06-05T19:24:26.720+0000] {processor.py:183} INFO - Processing /home/airflow/.local/lib/python3.12/site-packages/airflow/example_dags/tutorial.py took 0.047 seconds
[2024-06-05T19:24:57.504+0000] {processor.py:161} INFO - Started process (PID=548) to work on /home/airflow/.local/lib/python3.12/site-packages/airflow/example_dags/tutorial.py
[2024-06-05T19:24:57.505+0000] {processor.py:830} INFO - Processing file /home/airflow/.local/lib/python3.12/site-packages/airflow/example_dags/tutorial.py for tasks to queue
[2024-06-05T19:24:57.506+0000] {logging_mixin.py:188} INFO - [2024-06-05T19:24:57.506+0000] {dagbag.py:545} INFO - Filling up the DagBag from /home/airflow/.local/lib/python3.12/site-packages/airflow/example_dags/tutorial.py
[2024-06-05T19:24:57.509+0000] {processor.py:840} INFO - DAG(s) 'tutorial' retrieved from /home/airflow/.local/lib/python3.12/site-packages/airflow/example_dags/tutorial.py
[2024-06-05T19:24:57.521+0000] {logging_mixin.py:188} INFO - [2024-06-05T19:24:57.521+0000] {dag.py:3096} INFO - Sync 1 DAGs
[2024-06-05T19:24:57.534+0000] {logging_mixin.py:188} INFO - [2024-06-05T19:24:57.534+0000] {dag.py:3954} INFO - Setting next_dagrun for tutorial to 2024-06-04 00:00:00+00:00, run_after=2024-06-05 00:00:00+00:00
[2024-06-05T19:24:57.549+0000] {processor.py:183} INFO - Processing /home/airflow/.local/lib/python3.12/site-packages/airflow/example_dags/tutorial.py took 0.048 seconds
[2024-06-05T19:25:27.654+0000] {processor.py:161} INFO - Started process (PID=606) to work on /home/airflow/.local/lib/python3.12/site-packages/airflow/example_dags/tutorial.py
[2024-06-05T19:25:27.654+0000] {processor.py:830} INFO - Processing file /home/airflow/.local/lib/python3.12/site-packages/airflow/example_dags/tutorial.py for tasks to queue
[2024-06-05T19:25:27.655+0000] {logging_mixin.py:188} INFO - [2024-06-05T19:25:27.655+0000] {dagbag.py:545} INFO - Filling up the DagBag from /home/airflow/.local/lib/python3.12/site-packages/airflow/example_dags/tutorial.py
[2024-06-05T19:25:27.658+0000] {processor.py:840} INFO - DAG(s) 'tutorial' retrieved from /home/airflow/.local/lib/python3.12/site-packages/airflow/example_dags/tutorial.py
[2024-06-05T19:25:27.669+0000] {logging_mixin.py:188} INFO - [2024-06-05T19:25:27.669+0000] {dag.py:3096} INFO - Sync 1 DAGs
[2024-06-05T19:25:27.681+0000] {logging_mixin.py:188} INFO - [2024-06-05T19:25:27.681+0000] {dag.py:3954} INFO - Setting next_dagrun for tutorial to 2024-06-04 00:00:00+00:00, run_after=2024-06-05 00:00:00+00:00
[2024-06-05T19:25:27.694+0000] {processor.py:183} INFO - Processing /home/airflow/.local/lib/python3.12/site-packages/airflow/example_dags/tutorial.py took 0.043 seconds
[2024-06-05T19:34:41.712+0000] {processor.py:161} INFO - Started process (PID=83) to work on /home/airflow/.local/lib/python3.12/site-packages/airflow/example_dags/tutorial.py
[2024-06-05T19:34:41.712+0000] {processor.py:830} INFO - Processing file /home/airflow/.local/lib/python3.12/site-packages/airflow/example_dags/tutorial.py for tasks to queue
[2024-06-05T19:34:41.713+0000] {logging_mixin.py:188} INFO - [2024-06-05T19:34:41.713+0000] {dagbag.py:545} INFO - Filling up the DagBag from /home/airflow/.local/lib/python3.12/site-packages/airflow/example_dags/tutorial.py
[2024-06-05T19:34:41.716+0000] {processor.py:840} INFO - DAG(s) 'tutorial' retrieved from /home/airflow/.local/lib/python3.12/site-packages/airflow/example_dags/tutorial.py
[2024-06-05T19:34:41.728+0000] {logging_mixin.py:188} INFO - [2024-06-05T19:34:41.728+0000] {dag.py:3096} INFO - Sync 1 DAGs
[2024-06-05T19:34:41.740+0000] {logging_mixin.py:188} INFO - [2024-06-05T19:34:41.740+0000] {dag.py:3954} INFO - Setting next_dagrun for tutorial to 2024-06-04 00:00:00+00:00, run_after=2024-06-05 00:00:00+00:00
[2024-06-05T19:34:41.752+0000] {processor.py:183} INFO - Processing /home/airflow/.local/lib/python3.12/site-packages/airflow/example_dags/tutorial.py took 0.043 seconds
[2024-06-05T19:35:12.170+0000] {processor.py:161} INFO - Started process (PID=141) to work on /home/airflow/.local/lib/python3.12/site-packages/airflow/example_dags/tutorial.py
[2024-06-05T19:35:12.171+0000] {processor.py:830} INFO - Processing file /home/airflow/.local/lib/python3.12/site-packages/airflow/example_dags/tutorial.py for tasks to queue
[2024-06-05T19:35:12.172+0000] {logging_mixin.py:188} INFO - [2024-06-05T19:35:12.172+0000] {dagbag.py:545} INFO - Filling up the DagBag from /home/airflow/.local/lib/python3.12/site-packages/airflow/example_dags/tutorial.py
[2024-06-05T19:35:12.177+0000] {processor.py:840} INFO - DAG(s) 'tutorial' retrieved from /home/airflow/.local/lib/python3.12/site-packages/airflow/example_dags/tutorial.py
[2024-06-05T19:35:12.191+0000] {logging_mixin.py:188} INFO - [2024-06-05T19:35:12.190+0000] {dag.py:3096} INFO - Sync 1 DAGs
[2024-06-05T19:35:12.207+0000] {logging_mixin.py:188} INFO - [2024-06-05T19:35:12.207+0000] {dag.py:3954} INFO - Setting next_dagrun for tutorial to 2024-06-04 00:00:00+00:00, run_after=2024-06-05 00:00:00+00:00
[2024-06-05T19:35:12.221+0000] {processor.py:183} INFO - Processing /home/airflow/.local/lib/python3.12/site-packages/airflow/example_dags/tutorial.py took 0.054 seconds
